[2025-06-27T07:53:55.820+0000] {processor.py:161} INFO - Started process (PID=1293) to work on /opt/airflow/dags/dag_local_fallback.py
[2025-06-27T07:53:55.822+0000] {processor.py:830} INFO - Processing file /opt/airflow/dags/dag_local_fallback.py for tasks to queue
[2025-06-27T07:53:55.825+0000] {logging_mixin.py:188} INFO - [2025-06-27T07:53:55.824+0000] {dagbag.py:545} INFO - Filling up the DagBag from /opt/airflow/dags/dag_local_fallback.py
[2025-06-27T07:53:55.881+0000] {logging_mixin.py:188} INFO - Successfully imported request_data
[2025-06-27T07:53:55.893+0000] {processor.py:840} INFO - DAG(s) 'spark_processing_pipeline_local' retrieved from /opt/airflow/dags/dag_local_fallback.py
[2025-06-27T07:53:56.090+0000] {logging_mixin.py:188} INFO - [2025-06-27T07:53:56.089+0000] {override.py:1858} INFO - Created Permission View: can read on DAG:spark_processing_pipeline_local
[2025-06-27T07:53:56.116+0000] {logging_mixin.py:188} INFO - [2025-06-27T07:53:56.115+0000] {override.py:1858} INFO - Created Permission View: can edit on DAG:spark_processing_pipeline_local
[2025-06-27T07:53:56.135+0000] {logging_mixin.py:188} INFO - [2025-06-27T07:53:56.135+0000] {override.py:1858} INFO - Created Permission View: can delete on DAG:spark_processing_pipeline_local
[2025-06-27T07:53:56.136+0000] {logging_mixin.py:188} INFO - [2025-06-27T07:53:56.136+0000] {dag.py:3089} INFO - Sync 1 DAGs
[2025-06-27T07:53:56.149+0000] {logging_mixin.py:188} INFO - [2025-06-27T07:53:56.149+0000] {dag.py:3111} INFO - Creating ORM DAG for spark_processing_pipeline_local
[2025-06-27T07:53:56.163+0000] {logging_mixin.py:188} INFO - [2025-06-27T07:53:56.163+0000] {dag.py:3947} INFO - Setting next_dagrun for spark_processing_pipeline_local to 2025-06-26 00:08:00+00:00, run_after=2025-06-27 00:08:00+00:00
[2025-06-27T07:53:56.212+0000] {processor.py:183} INFO - Processing /opt/airflow/dags/dag_local_fallback.py took 0.400 seconds
[2025-06-27T07:54:26.423+0000] {processor.py:161} INFO - Started process (PID=1308) to work on /opt/airflow/dags/dag_local_fallback.py
[2025-06-27T07:54:26.425+0000] {processor.py:830} INFO - Processing file /opt/airflow/dags/dag_local_fallback.py for tasks to queue
[2025-06-27T07:54:26.428+0000] {logging_mixin.py:188} INFO - [2025-06-27T07:54:26.428+0000] {dagbag.py:545} INFO - Filling up the DagBag from /opt/airflow/dags/dag_local_fallback.py
[2025-06-27T07:54:26.477+0000] {logging_mixin.py:188} INFO - Successfully imported request_data
[2025-06-27T07:54:26.490+0000] {processor.py:840} INFO - DAG(s) 'spark_processing_pipeline_local' retrieved from /opt/airflow/dags/dag_local_fallback.py
[2025-06-27T07:54:26.567+0000] {logging_mixin.py:188} INFO - [2025-06-27T07:54:26.566+0000] {dag.py:3089} INFO - Sync 1 DAGs
[2025-06-27T07:54:26.599+0000] {logging_mixin.py:188} INFO - [2025-06-27T07:54:26.599+0000] {dag.py:3947} INFO - Setting next_dagrun for spark_processing_pipeline_local to 2025-06-26 00:08:00+00:00, run_after=2025-06-27 00:08:00+00:00
[2025-06-27T07:54:26.648+0000] {processor.py:183} INFO - Processing /opt/airflow/dags/dag_local_fallback.py took 0.233 seconds
[2025-06-27T07:54:56.930+0000] {processor.py:161} INFO - Started process (PID=1323) to work on /opt/airflow/dags/dag_local_fallback.py
[2025-06-27T07:54:56.931+0000] {processor.py:830} INFO - Processing file /opt/airflow/dags/dag_local_fallback.py for tasks to queue
[2025-06-27T07:54:56.935+0000] {logging_mixin.py:188} INFO - [2025-06-27T07:54:56.934+0000] {dagbag.py:545} INFO - Filling up the DagBag from /opt/airflow/dags/dag_local_fallback.py
[2025-06-27T07:54:57.013+0000] {logging_mixin.py:188} INFO - Successfully imported request_data
[2025-06-27T07:54:57.035+0000] {processor.py:840} INFO - DAG(s) 'spark_processing_pipeline_local' retrieved from /opt/airflow/dags/dag_local_fallback.py
[2025-06-27T07:54:57.138+0000] {logging_mixin.py:188} INFO - [2025-06-27T07:54:57.138+0000] {dag.py:3089} INFO - Sync 1 DAGs
[2025-06-27T07:54:57.173+0000] {logging_mixin.py:188} INFO - [2025-06-27T07:54:57.172+0000] {dag.py:3947} INFO - Setting next_dagrun for spark_processing_pipeline_local to 2025-06-26 00:08:00+00:00, run_after=2025-06-27 00:08:00+00:00
[2025-06-27T07:54:57.224+0000] {processor.py:183} INFO - Processing /opt/airflow/dags/dag_local_fallback.py took 0.305 seconds
[2025-06-27T07:55:27.321+0000] {processor.py:161} INFO - Started process (PID=1338) to work on /opt/airflow/dags/dag_local_fallback.py
[2025-06-27T07:55:27.322+0000] {processor.py:830} INFO - Processing file /opt/airflow/dags/dag_local_fallback.py for tasks to queue
[2025-06-27T07:55:27.325+0000] {logging_mixin.py:188} INFO - [2025-06-27T07:55:27.325+0000] {dagbag.py:545} INFO - Filling up the DagBag from /opt/airflow/dags/dag_local_fallback.py
[2025-06-27T07:55:27.368+0000] {logging_mixin.py:188} INFO - Successfully imported request_data
[2025-06-27T07:55:27.380+0000] {processor.py:840} INFO - DAG(s) 'spark_processing_pipeline_local' retrieved from /opt/airflow/dags/dag_local_fallback.py
[2025-06-27T07:55:27.453+0000] {logging_mixin.py:188} INFO - [2025-06-27T07:55:27.452+0000] {dag.py:3089} INFO - Sync 1 DAGs
[2025-06-27T07:55:27.483+0000] {logging_mixin.py:188} INFO - [2025-06-27T07:55:27.483+0000] {dag.py:3947} INFO - Setting next_dagrun for spark_processing_pipeline_local to 2025-06-26 00:08:00+00:00, run_after=2025-06-27 00:08:00+00:00
[2025-06-27T07:55:27.524+0000] {processor.py:183} INFO - Processing /opt/airflow/dags/dag_local_fallback.py took 0.212 seconds
[2025-06-27T07:55:57.751+0000] {processor.py:161} INFO - Started process (PID=1353) to work on /opt/airflow/dags/dag_local_fallback.py
[2025-06-27T07:55:57.753+0000] {processor.py:830} INFO - Processing file /opt/airflow/dags/dag_local_fallback.py for tasks to queue
[2025-06-27T07:55:57.756+0000] {logging_mixin.py:188} INFO - [2025-06-27T07:55:57.756+0000] {dagbag.py:545} INFO - Filling up the DagBag from /opt/airflow/dags/dag_local_fallback.py
[2025-06-27T07:55:57.803+0000] {logging_mixin.py:188} INFO - Successfully imported request_data
[2025-06-27T07:55:57.816+0000] {processor.py:840} INFO - DAG(s) 'spark_processing_pipeline_local' retrieved from /opt/airflow/dags/dag_local_fallback.py
[2025-06-27T07:55:57.883+0000] {logging_mixin.py:188} INFO - [2025-06-27T07:55:57.883+0000] {dag.py:3089} INFO - Sync 1 DAGs
[2025-06-27T07:55:57.913+0000] {logging_mixin.py:188} INFO - [2025-06-27T07:55:57.913+0000] {dag.py:3947} INFO - Setting next_dagrun for spark_processing_pipeline_local to 2025-06-26 00:08:00+00:00, run_after=2025-06-27 00:08:00+00:00
[2025-06-27T07:55:57.955+0000] {processor.py:183} INFO - Processing /opt/airflow/dags/dag_local_fallback.py took 0.212 seconds
[2025-06-27T07:56:28.025+0000] {processor.py:161} INFO - Started process (PID=1368) to work on /opt/airflow/dags/dag_local_fallback.py
[2025-06-27T07:56:28.027+0000] {processor.py:830} INFO - Processing file /opt/airflow/dags/dag_local_fallback.py for tasks to queue
[2025-06-27T07:56:28.031+0000] {logging_mixin.py:188} INFO - [2025-06-27T07:56:28.030+0000] {dagbag.py:545} INFO - Filling up the DagBag from /opt/airflow/dags/dag_local_fallback.py
[2025-06-27T07:56:28.078+0000] {logging_mixin.py:188} INFO - Successfully imported request_data
[2025-06-27T07:56:28.091+0000] {processor.py:840} INFO - DAG(s) 'spark_processing_pipeline_local' retrieved from /opt/airflow/dags/dag_local_fallback.py
[2025-06-27T07:56:28.165+0000] {logging_mixin.py:188} INFO - [2025-06-27T07:56:28.165+0000] {dag.py:3089} INFO - Sync 1 DAGs
[2025-06-27T07:56:28.196+0000] {logging_mixin.py:188} INFO - [2025-06-27T07:56:28.196+0000] {dag.py:3947} INFO - Setting next_dagrun for spark_processing_pipeline_local to 2025-06-26 00:08:00+00:00, run_after=2025-06-27 00:08:00+00:00
[2025-06-27T07:56:28.239+0000] {processor.py:183} INFO - Processing /opt/airflow/dags/dag_local_fallback.py took 0.223 seconds
[2025-06-27T07:56:59.578+0000] {processor.py:161} INFO - Started process (PID=1383) to work on /opt/airflow/dags/dag_local_fallback.py
[2025-06-27T07:56:59.579+0000] {processor.py:830} INFO - Processing file /opt/airflow/dags/dag_local_fallback.py for tasks to queue
[2025-06-27T07:56:59.582+0000] {logging_mixin.py:188} INFO - [2025-06-27T07:56:59.582+0000] {dagbag.py:545} INFO - Filling up the DagBag from /opt/airflow/dags/dag_local_fallback.py
[2025-06-27T07:56:59.625+0000] {logging_mixin.py:188} INFO - Successfully imported request_data
[2025-06-27T07:56:59.638+0000] {processor.py:840} INFO - DAG(s) 'spark_processing_pipeline_local' retrieved from /opt/airflow/dags/dag_local_fallback.py
[2025-06-27T07:56:59.710+0000] {logging_mixin.py:188} INFO - [2025-06-27T07:56:59.709+0000] {dag.py:3089} INFO - Sync 1 DAGs
[2025-06-27T07:56:59.740+0000] {logging_mixin.py:188} INFO - [2025-06-27T07:56:59.740+0000] {dag.py:3947} INFO - Setting next_dagrun for spark_processing_pipeline_local to 2025-06-26 00:08:00+00:00, run_after=2025-06-27 00:08:00+00:00
[2025-06-27T07:56:59.782+0000] {processor.py:183} INFO - Processing /opt/airflow/dags/dag_local_fallback.py took 0.212 seconds
[2025-06-27T07:57:31.862+0000] {processor.py:161} INFO - Started process (PID=1398) to work on /opt/airflow/dags/dag_local_fallback.py
[2025-06-27T07:57:31.864+0000] {processor.py:830} INFO - Processing file /opt/airflow/dags/dag_local_fallback.py for tasks to queue
[2025-06-27T07:57:31.867+0000] {logging_mixin.py:188} INFO - [2025-06-27T07:57:31.866+0000] {dagbag.py:545} INFO - Filling up the DagBag from /opt/airflow/dags/dag_local_fallback.py
[2025-06-27T07:57:31.918+0000] {logging_mixin.py:188} INFO - Successfully imported request_data
[2025-06-27T07:57:31.932+0000] {processor.py:840} INFO - DAG(s) 'spark_processing_pipeline_local' retrieved from /opt/airflow/dags/dag_local_fallback.py
[2025-06-27T07:57:32.008+0000] {logging_mixin.py:188} INFO - [2025-06-27T07:57:32.008+0000] {dag.py:3089} INFO - Sync 1 DAGs
[2025-06-27T07:57:32.036+0000] {logging_mixin.py:188} INFO - [2025-06-27T07:57:32.036+0000] {dag.py:3947} INFO - Setting next_dagrun for spark_processing_pipeline_local to 2025-06-26 00:08:00+00:00, run_after=2025-06-27 00:08:00+00:00
[2025-06-27T07:57:32.079+0000] {processor.py:183} INFO - Processing /opt/airflow/dags/dag_local_fallback.py took 0.225 seconds
[2025-06-27T07:58:03.183+0000] {processor.py:161} INFO - Started process (PID=1413) to work on /opt/airflow/dags/dag_local_fallback.py
[2025-06-27T07:58:03.185+0000] {processor.py:830} INFO - Processing file /opt/airflow/dags/dag_local_fallback.py for tasks to queue
[2025-06-27T07:58:03.189+0000] {logging_mixin.py:188} INFO - [2025-06-27T07:58:03.188+0000] {dagbag.py:545} INFO - Filling up the DagBag from /opt/airflow/dags/dag_local_fallback.py
[2025-06-27T07:58:03.238+0000] {logging_mixin.py:188} INFO - Successfully imported request_data
[2025-06-27T07:58:03.253+0000] {processor.py:840} INFO - DAG(s) 'spark_processing_pipeline_local' retrieved from /opt/airflow/dags/dag_local_fallback.py
[2025-06-27T07:58:03.332+0000] {logging_mixin.py:188} INFO - [2025-06-27T07:58:03.331+0000] {dag.py:3089} INFO - Sync 1 DAGs
[2025-06-27T07:58:03.361+0000] {logging_mixin.py:188} INFO - [2025-06-27T07:58:03.361+0000] {dag.py:3947} INFO - Setting next_dagrun for spark_processing_pipeline_local to 2025-06-26 00:08:00+00:00, run_after=2025-06-27 00:08:00+00:00
[2025-06-27T07:58:03.404+0000] {processor.py:183} INFO - Processing /opt/airflow/dags/dag_local_fallback.py took 0.230 seconds
[2025-06-27T07:58:34.786+0000] {processor.py:161} INFO - Started process (PID=1428) to work on /opt/airflow/dags/dag_local_fallback.py
[2025-06-27T07:58:34.793+0000] {processor.py:830} INFO - Processing file /opt/airflow/dags/dag_local_fallback.py for tasks to queue
[2025-06-27T07:58:34.806+0000] {logging_mixin.py:188} INFO - [2025-06-27T07:58:34.805+0000] {dagbag.py:545} INFO - Filling up the DagBag from /opt/airflow/dags/dag_local_fallback.py
[2025-06-27T07:58:34.941+0000] {logging_mixin.py:188} INFO - Successfully imported request_data
[2025-06-27T07:58:34.983+0000] {processor.py:840} INFO - DAG(s) 'spark_processing_pipeline_local' retrieved from /opt/airflow/dags/dag_local_fallback.py
[2025-06-27T07:58:35.188+0000] {logging_mixin.py:188} INFO - [2025-06-27T07:58:35.187+0000] {dag.py:3089} INFO - Sync 1 DAGs
[2025-06-27T07:58:35.274+0000] {logging_mixin.py:188} INFO - [2025-06-27T07:58:35.273+0000] {dag.py:3947} INFO - Setting next_dagrun for spark_processing_pipeline_local to 2025-06-26 00:08:00+00:00, run_after=2025-06-27 00:08:00+00:00
[2025-06-27T07:58:35.371+0000] {processor.py:183} INFO - Processing /opt/airflow/dags/dag_local_fallback.py took 0.619 seconds
[2025-06-27T07:59:06.715+0000] {processor.py:161} INFO - Started process (PID=1443) to work on /opt/airflow/dags/dag_local_fallback.py
[2025-06-27T07:59:06.722+0000] {processor.py:830} INFO - Processing file /opt/airflow/dags/dag_local_fallback.py for tasks to queue
[2025-06-27T07:59:06.730+0000] {logging_mixin.py:188} INFO - [2025-06-27T07:59:06.729+0000] {dagbag.py:545} INFO - Filling up the DagBag from /opt/airflow/dags/dag_local_fallback.py
[2025-06-27T07:59:06.797+0000] {logging_mixin.py:188} INFO - Successfully imported request_data
[2025-06-27T07:59:06.818+0000] {processor.py:840} INFO - DAG(s) 'spark_processing_pipeline_local' retrieved from /opt/airflow/dags/dag_local_fallback.py
[2025-06-27T07:59:06.922+0000] {logging_mixin.py:188} INFO - [2025-06-27T07:59:06.922+0000] {dag.py:3089} INFO - Sync 1 DAGs
[2025-06-27T07:59:07.013+0000] {logging_mixin.py:188} INFO - [2025-06-27T07:59:07.012+0000] {dag.py:3947} INFO - Setting next_dagrun for spark_processing_pipeline_local to 2025-06-26 00:08:00+00:00, run_after=2025-06-27 00:08:00+00:00
[2025-06-27T07:59:07.134+0000] {processor.py:183} INFO - Processing /opt/airflow/dags/dag_local_fallback.py took 0.459 seconds
[2025-06-27T07:59:38.052+0000] {processor.py:161} INFO - Started process (PID=1458) to work on /opt/airflow/dags/dag_local_fallback.py
[2025-06-27T07:59:38.056+0000] {processor.py:830} INFO - Processing file /opt/airflow/dags/dag_local_fallback.py for tasks to queue
[2025-06-27T07:59:38.060+0000] {logging_mixin.py:188} INFO - [2025-06-27T07:59:38.060+0000] {dagbag.py:545} INFO - Filling up the DagBag from /opt/airflow/dags/dag_local_fallback.py
[2025-06-27T07:59:38.101+0000] {logging_mixin.py:188} INFO - Successfully imported request_data
[2025-06-27T07:59:38.115+0000] {processor.py:840} INFO - DAG(s) 'spark_processing_pipeline_local' retrieved from /opt/airflow/dags/dag_local_fallback.py
[2025-06-27T07:59:38.171+0000] {logging_mixin.py:188} INFO - [2025-06-27T07:59:38.170+0000] {dag.py:3089} INFO - Sync 1 DAGs
[2025-06-27T07:59:38.203+0000] {logging_mixin.py:188} INFO - [2025-06-27T07:59:38.203+0000] {dag.py:3947} INFO - Setting next_dagrun for spark_processing_pipeline_local to 2025-06-26 00:08:00+00:00, run_after=2025-06-27 00:08:00+00:00
[2025-06-27T07:59:38.249+0000] {processor.py:183} INFO - Processing /opt/airflow/dags/dag_local_fallback.py took 0.210 seconds
[2025-06-27T08:00:10.300+0000] {processor.py:161} INFO - Started process (PID=1497) to work on /opt/airflow/dags/dag_local_fallback.py
[2025-06-27T08:00:10.308+0000] {processor.py:830} INFO - Processing file /opt/airflow/dags/dag_local_fallback.py for tasks to queue
[2025-06-27T08:00:10.324+0000] {logging_mixin.py:188} INFO - [2025-06-27T08:00:10.322+0000] {dagbag.py:545} INFO - Filling up the DagBag from /opt/airflow/dags/dag_local_fallback.py
[2025-06-27T08:00:55.248+0000] {processor.py:161} INFO - Started process (PID=169) to work on /opt/airflow/dags/dag_local_fallback.py
[2025-06-27T08:00:55.251+0000] {processor.py:830} INFO - Processing file /opt/airflow/dags/dag_local_fallback.py for tasks to queue
[2025-06-27T08:00:55.256+0000] {logging_mixin.py:188} INFO - [2025-06-27T08:00:55.255+0000] {dagbag.py:545} INFO - Filling up the DagBag from /opt/airflow/dags/dag_local_fallback.py
[2025-06-27T08:00:55.325+0000] {logging_mixin.py:188} INFO - Successfully imported request_data
[2025-06-27T08:00:55.369+0000] {processor.py:840} INFO - DAG(s) 'spark_processing_pipeline_local' retrieved from /opt/airflow/dags/dag_local_fallback.py
[2025-06-27T08:00:55.472+0000] {logging_mixin.py:188} INFO - [2025-06-27T08:00:55.471+0000] {dag.py:3089} INFO - Sync 1 DAGs
[2025-06-27T08:00:55.514+0000] {logging_mixin.py:188} INFO - [2025-06-27T08:00:55.514+0000] {dag.py:3947} INFO - Setting next_dagrun for spark_processing_pipeline_local to 2025-06-26 00:08:00+00:00, run_after=2025-06-27 00:08:00+00:00
[2025-06-27T08:00:55.564+0000] {processor.py:183} INFO - Processing /opt/airflow/dags/dag_local_fallback.py took 0.330 seconds
[2025-06-27T08:01:25.859+0000] {processor.py:161} INFO - Started process (PID=184) to work on /opt/airflow/dags/dag_local_fallback.py
[2025-06-27T08:01:25.862+0000] {processor.py:830} INFO - Processing file /opt/airflow/dags/dag_local_fallback.py for tasks to queue
[2025-06-27T08:01:25.869+0000] {logging_mixin.py:188} INFO - [2025-06-27T08:01:25.868+0000] {dagbag.py:545} INFO - Filling up the DagBag from /opt/airflow/dags/dag_local_fallback.py
[2025-06-27T08:01:25.981+0000] {logging_mixin.py:188} INFO - Successfully imported request_data
[2025-06-27T08:01:26.015+0000] {processor.py:840} INFO - DAG(s) 'spark_processing_pipeline_local' retrieved from /opt/airflow/dags/dag_local_fallback.py
[2025-06-27T08:01:26.433+0000] {logging_mixin.py:188} INFO - [2025-06-27T08:01:26.432+0000] {dag.py:3089} INFO - Sync 1 DAGs
[2025-06-27T08:01:26.458+0000] {logging_mixin.py:188} INFO - [2025-06-27T08:01:26.458+0000] {dag.py:3947} INFO - Setting next_dagrun for spark_processing_pipeline_local to 2025-06-26 00:08:00+00:00, run_after=2025-06-27 00:08:00+00:00
[2025-06-27T08:01:26.508+0000] {processor.py:183} INFO - Processing /opt/airflow/dags/dag_local_fallback.py took 0.664 seconds
[2025-06-27T08:01:56.701+0000] {processor.py:161} INFO - Started process (PID=201) to work on /opt/airflow/dags/dag_local_fallback.py
[2025-06-27T08:01:56.703+0000] {processor.py:830} INFO - Processing file /opt/airflow/dags/dag_local_fallback.py for tasks to queue
[2025-06-27T08:01:56.706+0000] {logging_mixin.py:188} INFO - [2025-06-27T08:01:56.706+0000] {dagbag.py:545} INFO - Filling up the DagBag from /opt/airflow/dags/dag_local_fallback.py
[2025-06-27T08:01:56.753+0000] {logging_mixin.py:188} INFO - Successfully imported request_data
[2025-06-27T08:01:56.782+0000] {processor.py:840} INFO - DAG(s) 'spark_processing_pipeline_local' retrieved from /opt/airflow/dags/dag_local_fallback.py
[2025-06-27T08:01:56.929+0000] {logging_mixin.py:188} INFO - [2025-06-27T08:01:56.929+0000] {dag.py:3089} INFO - Sync 1 DAGs
[2025-06-27T08:01:56.999+0000] {logging_mixin.py:188} INFO - [2025-06-27T08:01:56.999+0000] {dag.py:3947} INFO - Setting next_dagrun for spark_processing_pipeline_local to 2025-06-26 00:08:00+00:00, run_after=2025-06-27 00:08:00+00:00
[2025-06-27T08:01:57.081+0000] {processor.py:183} INFO - Processing /opt/airflow/dags/dag_local_fallback.py took 0.389 seconds
[2025-06-27T08:02:27.347+0000] {processor.py:161} INFO - Started process (PID=350) to work on /opt/airflow/dags/dag_local_fallback.py
[2025-06-27T08:02:27.350+0000] {processor.py:830} INFO - Processing file /opt/airflow/dags/dag_local_fallback.py for tasks to queue
[2025-06-27T08:02:27.356+0000] {logging_mixin.py:188} INFO - [2025-06-27T08:02:27.355+0000] {dagbag.py:545} INFO - Filling up the DagBag from /opt/airflow/dags/dag_local_fallback.py
[2025-06-27T08:02:27.417+0000] {logging_mixin.py:188} INFO - Successfully imported request_data
[2025-06-27T08:02:27.439+0000] {processor.py:840} INFO - DAG(s) 'spark_processing_pipeline_local' retrieved from /opt/airflow/dags/dag_local_fallback.py
[2025-06-27T08:02:27.530+0000] {logging_mixin.py:188} INFO - [2025-06-27T08:02:27.530+0000] {dag.py:3089} INFO - Sync 1 DAGs
[2025-06-27T08:02:27.559+0000] {logging_mixin.py:188} INFO - [2025-06-27T08:02:27.559+0000] {dag.py:3947} INFO - Setting next_dagrun for spark_processing_pipeline_local to 2025-06-26 00:08:00+00:00, run_after=2025-06-27 00:08:00+00:00
[2025-06-27T08:02:27.615+0000] {processor.py:183} INFO - Processing /opt/airflow/dags/dag_local_fallback.py took 0.279 seconds
[2025-06-27T08:02:58.043+0000] {processor.py:161} INFO - Started process (PID=677) to work on /opt/airflow/dags/dag_local_fallback.py
[2025-06-27T08:02:58.046+0000] {processor.py:830} INFO - Processing file /opt/airflow/dags/dag_local_fallback.py for tasks to queue
[2025-06-27T08:02:58.052+0000] {logging_mixin.py:188} INFO - [2025-06-27T08:02:58.051+0000] {dagbag.py:545} INFO - Filling up the DagBag from /opt/airflow/dags/dag_local_fallback.py
[2025-06-27T08:02:58.155+0000] {logging_mixin.py:188} INFO - Successfully imported request_data
[2025-06-27T08:02:58.254+0000] {processor.py:840} INFO - DAG(s) 'spark_processing_pipeline_local' retrieved from /opt/airflow/dags/dag_local_fallback.py
[2025-06-27T08:02:58.517+0000] {logging_mixin.py:188} INFO - [2025-06-27T08:02:58.516+0000] {dag.py:3089} INFO - Sync 1 DAGs
[2025-06-27T08:02:58.553+0000] {logging_mixin.py:188} INFO - [2025-06-27T08:02:58.553+0000] {dag.py:3947} INFO - Setting next_dagrun for spark_processing_pipeline_local to 2025-06-26 00:08:00+00:00, run_after=2025-06-27 00:08:00+00:00
[2025-06-27T08:02:58.608+0000] {processor.py:183} INFO - Processing /opt/airflow/dags/dag_local_fallback.py took 0.595 seconds
[2025-06-27T08:03:28.984+0000] {processor.py:161} INFO - Started process (PID=723) to work on /opt/airflow/dags/dag_local_fallback.py
[2025-06-27T08:03:28.986+0000] {processor.py:830} INFO - Processing file /opt/airflow/dags/dag_local_fallback.py for tasks to queue
[2025-06-27T08:03:28.991+0000] {logging_mixin.py:188} INFO - [2025-06-27T08:03:28.990+0000] {dagbag.py:545} INFO - Filling up the DagBag from /opt/airflow/dags/dag_local_fallback.py
[2025-06-27T08:03:29.034+0000] {logging_mixin.py:188} INFO - Successfully imported request_data
[2025-06-27T08:03:29.050+0000] {processor.py:840} INFO - DAG(s) 'spark_processing_pipeline_local' retrieved from /opt/airflow/dags/dag_local_fallback.py
[2025-06-27T08:03:29.128+0000] {logging_mixin.py:188} INFO - [2025-06-27T08:03:29.128+0000] {dag.py:3089} INFO - Sync 1 DAGs
[2025-06-27T08:03:29.157+0000] {logging_mixin.py:188} INFO - [2025-06-27T08:03:29.156+0000] {dag.py:3947} INFO - Setting next_dagrun for spark_processing_pipeline_local to 2025-06-26 00:08:00+00:00, run_after=2025-06-27 00:08:00+00:00
[2025-06-27T08:03:29.200+0000] {processor.py:183} INFO - Processing /opt/airflow/dags/dag_local_fallback.py took 0.230 seconds
[2025-06-27T08:03:59.494+0000] {processor.py:161} INFO - Started process (PID=738) to work on /opt/airflow/dags/dag_local_fallback.py
[2025-06-27T08:03:59.496+0000] {processor.py:830} INFO - Processing file /opt/airflow/dags/dag_local_fallback.py for tasks to queue
[2025-06-27T08:03:59.500+0000] {logging_mixin.py:188} INFO - [2025-06-27T08:03:59.499+0000] {dagbag.py:545} INFO - Filling up the DagBag from /opt/airflow/dags/dag_local_fallback.py
[2025-06-27T08:03:59.547+0000] {logging_mixin.py:188} INFO - Successfully imported request_data
[2025-06-27T08:03:59.563+0000] {processor.py:840} INFO - DAG(s) 'spark_processing_pipeline_local' retrieved from /opt/airflow/dags/dag_local_fallback.py
[2025-06-27T08:03:59.646+0000] {logging_mixin.py:188} INFO - [2025-06-27T08:03:59.645+0000] {dag.py:3089} INFO - Sync 1 DAGs
[2025-06-27T08:03:59.680+0000] {logging_mixin.py:188} INFO - [2025-06-27T08:03:59.679+0000] {dag.py:3947} INFO - Setting next_dagrun for spark_processing_pipeline_local to 2025-06-26 00:08:00+00:00, run_after=2025-06-27 00:08:00+00:00
[2025-06-27T08:03:59.738+0000] {processor.py:183} INFO - Processing /opt/airflow/dags/dag_local_fallback.py took 0.255 seconds
[2025-06-27T08:04:29.998+0000] {processor.py:161} INFO - Started process (PID=753) to work on /opt/airflow/dags/dag_local_fallback.py
[2025-06-27T08:04:30.000+0000] {processor.py:830} INFO - Processing file /opt/airflow/dags/dag_local_fallback.py for tasks to queue
[2025-06-27T08:04:30.004+0000] {logging_mixin.py:188} INFO - [2025-06-27T08:04:30.003+0000] {dagbag.py:545} INFO - Filling up the DagBag from /opt/airflow/dags/dag_local_fallback.py
[2025-06-27T08:04:30.047+0000] {logging_mixin.py:188} INFO - Successfully imported request_data
[2025-06-27T08:04:30.065+0000] {processor.py:840} INFO - DAG(s) 'spark_processing_pipeline_local' retrieved from /opt/airflow/dags/dag_local_fallback.py
[2025-06-27T08:04:30.149+0000] {logging_mixin.py:188} INFO - [2025-06-27T08:04:30.148+0000] {dag.py:3089} INFO - Sync 1 DAGs
[2025-06-27T08:04:30.183+0000] {logging_mixin.py:188} INFO - [2025-06-27T08:04:30.183+0000] {dag.py:3947} INFO - Setting next_dagrun for spark_processing_pipeline_local to 2025-06-26 00:08:00+00:00, run_after=2025-06-27 00:08:00+00:00
[2025-06-27T08:04:30.228+0000] {processor.py:183} INFO - Processing /opt/airflow/dags/dag_local_fallback.py took 0.239 seconds
[2025-06-27T08:04:39.633+0000] {processor.py:161} INFO - Started process (PID=768) to work on /opt/airflow/dags/dag_local_fallback.py
[2025-06-27T08:04:39.635+0000] {processor.py:830} INFO - Processing file /opt/airflow/dags/dag_local_fallback.py for tasks to queue
[2025-06-27T08:04:39.639+0000] {logging_mixin.py:188} INFO - [2025-06-27T08:04:39.639+0000] {dagbag.py:545} INFO - Filling up the DagBag from /opt/airflow/dags/dag_local_fallback.py
[2025-06-27T08:04:39.704+0000] {logging_mixin.py:188} INFO - Successfully imported request_data
[2025-06-27T08:04:39.721+0000] {processor.py:840} INFO - DAG(s) 'spark_processing_pipeline_local' retrieved from /opt/airflow/dags/dag_local_fallback.py
[2025-06-27T08:04:39.864+0000] {logging_mixin.py:188} INFO - [2025-06-27T08:04:39.863+0000] {dag.py:3089} INFO - Sync 1 DAGs
[2025-06-27T08:04:39.900+0000] {logging_mixin.py:188} INFO - [2025-06-27T08:04:39.900+0000] {dag.py:3947} INFO - Setting next_dagrun for spark_processing_pipeline_local to 2025-06-26 00:08:00+00:00, run_after=2025-06-27 00:08:00+00:00
[2025-06-27T08:04:39.948+0000] {processor.py:183} INFO - Processing /opt/airflow/dags/dag_local_fallback.py took 0.323 seconds
[2025-06-27T08:05:10.120+0000] {processor.py:161} INFO - Started process (PID=783) to work on /opt/airflow/dags/dag_local_fallback.py
[2025-06-27T08:05:10.122+0000] {processor.py:830} INFO - Processing file /opt/airflow/dags/dag_local_fallback.py for tasks to queue
[2025-06-27T08:05:10.124+0000] {logging_mixin.py:188} INFO - [2025-06-27T08:05:10.124+0000] {dagbag.py:545} INFO - Filling up the DagBag from /opt/airflow/dags/dag_local_fallback.py
[2025-06-27T08:05:10.172+0000] {logging_mixin.py:188} INFO - Successfully imported request_data
[2025-06-27T08:05:10.187+0000] {processor.py:840} INFO - DAG(s) 'spark_processing_pipeline_local' retrieved from /opt/airflow/dags/dag_local_fallback.py
[2025-06-27T08:05:10.260+0000] {logging_mixin.py:188} INFO - [2025-06-27T08:05:10.259+0000] {dag.py:3089} INFO - Sync 1 DAGs
[2025-06-27T08:05:10.288+0000] {logging_mixin.py:188} INFO - [2025-06-27T08:05:10.288+0000] {dag.py:3947} INFO - Setting next_dagrun for spark_processing_pipeline_local to 2025-06-26 00:08:00+00:00, run_after=2025-06-27 00:08:00+00:00
[2025-06-27T08:05:10.333+0000] {processor.py:183} INFO - Processing /opt/airflow/dags/dag_local_fallback.py took 0.221 seconds
[2025-06-27T08:05:40.541+0000] {processor.py:161} INFO - Started process (PID=798) to work on /opt/airflow/dags/dag_local_fallback.py
[2025-06-27T08:05:40.543+0000] {processor.py:830} INFO - Processing file /opt/airflow/dags/dag_local_fallback.py for tasks to queue
[2025-06-27T08:05:40.546+0000] {logging_mixin.py:188} INFO - [2025-06-27T08:05:40.545+0000] {dagbag.py:545} INFO - Filling up the DagBag from /opt/airflow/dags/dag_local_fallback.py
[2025-06-27T08:05:40.584+0000] {logging_mixin.py:188} INFO - Successfully imported request_data
[2025-06-27T08:05:40.600+0000] {processor.py:840} INFO - DAG(s) 'spark_processing_pipeline_local' retrieved from /opt/airflow/dags/dag_local_fallback.py
[2025-06-27T08:05:40.674+0000] {logging_mixin.py:188} INFO - [2025-06-27T08:05:40.674+0000] {dag.py:3089} INFO - Sync 1 DAGs
[2025-06-27T08:05:40.706+0000] {logging_mixin.py:188} INFO - [2025-06-27T08:05:40.705+0000] {dag.py:3947} INFO - Setting next_dagrun for spark_processing_pipeline_local to 2025-06-26 00:08:00+00:00, run_after=2025-06-27 00:08:00+00:00
[2025-06-27T08:05:40.753+0000] {processor.py:183} INFO - Processing /opt/airflow/dags/dag_local_fallback.py took 0.220 seconds
[2025-06-27T08:06:11.027+0000] {processor.py:161} INFO - Started process (PID=818) to work on /opt/airflow/dags/dag_local_fallback.py
[2025-06-27T08:06:11.029+0000] {processor.py:830} INFO - Processing file /opt/airflow/dags/dag_local_fallback.py for tasks to queue
[2025-06-27T08:06:11.032+0000] {logging_mixin.py:188} INFO - [2025-06-27T08:06:11.031+0000] {dagbag.py:545} INFO - Filling up the DagBag from /opt/airflow/dags/dag_local_fallback.py
[2025-06-27T08:06:11.077+0000] {logging_mixin.py:188} INFO - Successfully imported request_data
[2025-06-27T08:06:11.092+0000] {processor.py:840} INFO - DAG(s) 'spark_processing_pipeline_local' retrieved from /opt/airflow/dags/dag_local_fallback.py
[2025-06-27T08:06:11.172+0000] {logging_mixin.py:188} INFO - [2025-06-27T08:06:11.172+0000] {dag.py:3089} INFO - Sync 1 DAGs
[2025-06-27T08:06:11.219+0000] {logging_mixin.py:188} INFO - [2025-06-27T08:06:11.218+0000] {dag.py:3947} INFO - Setting next_dagrun for spark_processing_pipeline_local to 2025-06-26 00:08:00+00:00, run_after=2025-06-27 00:08:00+00:00
[2025-06-27T08:06:11.294+0000] {processor.py:183} INFO - Processing /opt/airflow/dags/dag_local_fallback.py took 0.275 seconds
[2025-06-27T08:06:42.038+0000] {processor.py:161} INFO - Started process (PID=833) to work on /opt/airflow/dags/dag_local_fallback.py
[2025-06-27T08:06:42.041+0000] {processor.py:830} INFO - Processing file /opt/airflow/dags/dag_local_fallback.py for tasks to queue
[2025-06-27T08:06:42.044+0000] {logging_mixin.py:188} INFO - [2025-06-27T08:06:42.043+0000] {dagbag.py:545} INFO - Filling up the DagBag from /opt/airflow/dags/dag_local_fallback.py
[2025-06-27T08:06:42.088+0000] {logging_mixin.py:188} INFO - Successfully imported request_data
[2025-06-27T08:06:42.103+0000] {processor.py:840} INFO - DAG(s) 'spark_processing_pipeline_local' retrieved from /opt/airflow/dags/dag_local_fallback.py
[2025-06-27T08:06:42.181+0000] {logging_mixin.py:188} INFO - [2025-06-27T08:06:42.180+0000] {dag.py:3089} INFO - Sync 1 DAGs
[2025-06-27T08:06:42.210+0000] {logging_mixin.py:188} INFO - [2025-06-27T08:06:42.210+0000] {dag.py:3947} INFO - Setting next_dagrun for spark_processing_pipeline_local to 2025-06-26 00:08:00+00:00, run_after=2025-06-27 00:08:00+00:00
[2025-06-27T08:06:42.251+0000] {processor.py:183} INFO - Processing /opt/airflow/dags/dag_local_fallback.py took 0.220 seconds
[2025-06-27T08:07:12.525+0000] {processor.py:161} INFO - Started process (PID=848) to work on /opt/airflow/dags/dag_local_fallback.py
[2025-06-27T08:07:12.527+0000] {processor.py:830} INFO - Processing file /opt/airflow/dags/dag_local_fallback.py for tasks to queue
[2025-06-27T08:07:12.531+0000] {logging_mixin.py:188} INFO - [2025-06-27T08:07:12.530+0000] {dagbag.py:545} INFO - Filling up the DagBag from /opt/airflow/dags/dag_local_fallback.py
[2025-06-27T08:07:12.582+0000] {logging_mixin.py:188} INFO - Successfully imported request_data
[2025-06-27T08:07:12.597+0000] {processor.py:840} INFO - DAG(s) 'spark_processing_pipeline_local' retrieved from /opt/airflow/dags/dag_local_fallback.py
[2025-06-27T08:07:12.674+0000] {logging_mixin.py:188} INFO - [2025-06-27T08:07:12.674+0000] {dag.py:3089} INFO - Sync 1 DAGs
[2025-06-27T08:07:12.706+0000] {logging_mixin.py:188} INFO - [2025-06-27T08:07:12.705+0000] {dag.py:3947} INFO - Setting next_dagrun for spark_processing_pipeline_local to 2025-06-26 00:08:00+00:00, run_after=2025-06-27 00:08:00+00:00
[2025-06-27T08:07:12.751+0000] {processor.py:183} INFO - Processing /opt/airflow/dags/dag_local_fallback.py took 0.234 seconds
[2025-06-27T08:07:43.022+0000] {processor.py:161} INFO - Started process (PID=863) to work on /opt/airflow/dags/dag_local_fallback.py
[2025-06-27T08:07:43.024+0000] {processor.py:830} INFO - Processing file /opt/airflow/dags/dag_local_fallback.py for tasks to queue
[2025-06-27T08:07:43.028+0000] {logging_mixin.py:188} INFO - [2025-06-27T08:07:43.027+0000] {dagbag.py:545} INFO - Filling up the DagBag from /opt/airflow/dags/dag_local_fallback.py
[2025-06-27T08:07:43.079+0000] {logging_mixin.py:188} INFO - Successfully imported request_data
[2025-06-27T08:07:43.097+0000] {processor.py:840} INFO - DAG(s) 'spark_processing_pipeline_local' retrieved from /opt/airflow/dags/dag_local_fallback.py
[2025-06-27T08:07:43.177+0000] {logging_mixin.py:188} INFO - [2025-06-27T08:07:43.177+0000] {dag.py:3089} INFO - Sync 1 DAGs
[2025-06-27T08:07:43.215+0000] {logging_mixin.py:188} INFO - [2025-06-27T08:07:43.214+0000] {dag.py:3947} INFO - Setting next_dagrun for spark_processing_pipeline_local to 2025-06-26 00:08:00+00:00, run_after=2025-06-27 00:08:00+00:00
[2025-06-27T08:07:43.265+0000] {processor.py:183} INFO - Processing /opt/airflow/dags/dag_local_fallback.py took 0.256 seconds
[2025-06-27T08:08:13.681+0000] {processor.py:161} INFO - Started process (PID=1004) to work on /opt/airflow/dags/dag_local_fallback.py
[2025-06-27T08:08:13.685+0000] {processor.py:830} INFO - Processing file /opt/airflow/dags/dag_local_fallback.py for tasks to queue
[2025-06-27T08:08:13.690+0000] {logging_mixin.py:188} INFO - [2025-06-27T08:08:13.689+0000] {dagbag.py:545} INFO - Filling up the DagBag from /opt/airflow/dags/dag_local_fallback.py
[2025-06-27T08:08:13.763+0000] {logging_mixin.py:188} INFO - Successfully imported request_data
[2025-06-27T08:08:13.788+0000] {processor.py:840} INFO - DAG(s) 'spark_processing_pipeline_local' retrieved from /opt/airflow/dags/dag_local_fallback.py
[2025-06-27T08:08:13.932+0000] {logging_mixin.py:188} INFO - [2025-06-27T08:08:13.931+0000] {dag.py:3089} INFO - Sync 1 DAGs
[2025-06-27T08:08:13.978+0000] {logging_mixin.py:188} INFO - [2025-06-27T08:08:13.978+0000] {dag.py:3947} INFO - Setting next_dagrun for spark_processing_pipeline_local to 2025-06-26 00:08:00+00:00, run_after=2025-06-27 00:08:00+00:00
[2025-06-27T08:08:14.037+0000] {processor.py:183} INFO - Processing /opt/airflow/dags/dag_local_fallback.py took 0.370 seconds
[2025-06-27T08:08:44.360+0000] {processor.py:161} INFO - Started process (PID=1207) to work on /opt/airflow/dags/dag_local_fallback.py
[2025-06-27T08:08:44.362+0000] {processor.py:830} INFO - Processing file /opt/airflow/dags/dag_local_fallback.py for tasks to queue
[2025-06-27T08:08:44.365+0000] {logging_mixin.py:188} INFO - [2025-06-27T08:08:44.365+0000] {dagbag.py:545} INFO - Filling up the DagBag from /opt/airflow/dags/dag_local_fallback.py
[2025-06-27T08:08:44.411+0000] {logging_mixin.py:188} INFO - Successfully imported request_data
[2025-06-27T08:08:44.424+0000] {processor.py:840} INFO - DAG(s) 'spark_processing_pipeline_local' retrieved from /opt/airflow/dags/dag_local_fallback.py
[2025-06-27T08:08:44.504+0000] {logging_mixin.py:188} INFO - [2025-06-27T08:08:44.504+0000] {dag.py:3089} INFO - Sync 1 DAGs
[2025-06-27T08:08:44.534+0000] {logging_mixin.py:188} INFO - [2025-06-27T08:08:44.533+0000] {dag.py:3947} INFO - Setting next_dagrun for spark_processing_pipeline_local to 2025-06-26 00:08:00+00:00, run_after=2025-06-27 00:08:00+00:00
[2025-06-27T08:08:44.586+0000] {processor.py:183} INFO - Processing /opt/airflow/dags/dag_local_fallback.py took 0.236 seconds
[2025-06-27T08:09:14.681+0000] {processor.py:161} INFO - Started process (PID=1310) to work on /opt/airflow/dags/dag_local_fallback.py
[2025-06-27T08:09:14.684+0000] {processor.py:830} INFO - Processing file /opt/airflow/dags/dag_local_fallback.py for tasks to queue
[2025-06-27T08:09:14.687+0000] {logging_mixin.py:188} INFO - [2025-06-27T08:09:14.686+0000] {dagbag.py:545} INFO - Filling up the DagBag from /opt/airflow/dags/dag_local_fallback.py
[2025-06-27T08:09:14.740+0000] {logging_mixin.py:188} INFO - Successfully imported request_data
[2025-06-27T08:09:14.757+0000] {processor.py:840} INFO - DAG(s) 'spark_processing_pipeline_local' retrieved from /opt/airflow/dags/dag_local_fallback.py
[2025-06-27T08:09:14.854+0000] {logging_mixin.py:188} INFO - [2025-06-27T08:09:14.854+0000] {dag.py:3089} INFO - Sync 1 DAGs
[2025-06-27T08:09:14.885+0000] {logging_mixin.py:188} INFO - [2025-06-27T08:09:14.884+0000] {dag.py:3947} INFO - Setting next_dagrun for spark_processing_pipeline_local to 2025-06-26 00:08:00+00:00, run_after=2025-06-27 00:08:00+00:00
[2025-06-27T08:09:14.925+0000] {processor.py:183} INFO - Processing /opt/airflow/dags/dag_local_fallback.py took 0.254 seconds
[2025-06-27T08:09:45.200+0000] {processor.py:161} INFO - Started process (PID=1325) to work on /opt/airflow/dags/dag_local_fallback.py
[2025-06-27T08:09:45.201+0000] {processor.py:830} INFO - Processing file /opt/airflow/dags/dag_local_fallback.py for tasks to queue
[2025-06-27T08:09:45.204+0000] {logging_mixin.py:188} INFO - [2025-06-27T08:09:45.203+0000] {dagbag.py:545} INFO - Filling up the DagBag from /opt/airflow/dags/dag_local_fallback.py
[2025-06-27T08:09:45.246+0000] {logging_mixin.py:188} INFO - Successfully imported request_data
[2025-06-27T08:09:45.260+0000] {processor.py:840} INFO - DAG(s) 'spark_processing_pipeline_local' retrieved from /opt/airflow/dags/dag_local_fallback.py
[2025-06-27T08:09:45.326+0000] {logging_mixin.py:188} INFO - [2025-06-27T08:09:45.325+0000] {dag.py:3089} INFO - Sync 1 DAGs
[2025-06-27T08:09:45.354+0000] {logging_mixin.py:188} INFO - [2025-06-27T08:09:45.354+0000] {dag.py:3947} INFO - Setting next_dagrun for spark_processing_pipeline_local to 2025-06-26 00:08:00+00:00, run_after=2025-06-27 00:08:00+00:00
[2025-06-27T08:09:45.395+0000] {processor.py:183} INFO - Processing /opt/airflow/dags/dag_local_fallback.py took 0.204 seconds
[2025-06-27T08:10:15.826+0000] {processor.py:161} INFO - Started process (PID=1340) to work on /opt/airflow/dags/dag_local_fallback.py
[2025-06-27T08:10:15.828+0000] {processor.py:830} INFO - Processing file /opt/airflow/dags/dag_local_fallback.py for tasks to queue
[2025-06-27T08:10:15.831+0000] {logging_mixin.py:188} INFO - [2025-06-27T08:10:15.830+0000] {dagbag.py:545} INFO - Filling up the DagBag from /opt/airflow/dags/dag_local_fallback.py
[2025-06-27T08:10:15.877+0000] {logging_mixin.py:188} INFO - Successfully imported request_data
[2025-06-27T08:10:15.891+0000] {processor.py:840} INFO - DAG(s) 'spark_processing_pipeline_local' retrieved from /opt/airflow/dags/dag_local_fallback.py
[2025-06-27T08:10:15.959+0000] {logging_mixin.py:188} INFO - [2025-06-27T08:10:15.959+0000] {dag.py:3089} INFO - Sync 1 DAGs
[2025-06-27T08:10:15.986+0000] {logging_mixin.py:188} INFO - [2025-06-27T08:10:15.985+0000] {dag.py:3947} INFO - Setting next_dagrun for spark_processing_pipeline_local to 2025-06-26 00:08:00+00:00, run_after=2025-06-27 00:08:00+00:00
[2025-06-27T08:10:16.034+0000] {processor.py:183} INFO - Processing /opt/airflow/dags/dag_local_fallback.py took 0.216 seconds
[2025-06-27T08:10:46.312+0000] {processor.py:161} INFO - Started process (PID=1355) to work on /opt/airflow/dags/dag_local_fallback.py
[2025-06-27T08:10:46.314+0000] {processor.py:830} INFO - Processing file /opt/airflow/dags/dag_local_fallback.py for tasks to queue
[2025-06-27T08:10:46.317+0000] {logging_mixin.py:188} INFO - [2025-06-27T08:10:46.316+0000] {dagbag.py:545} INFO - Filling up the DagBag from /opt/airflow/dags/dag_local_fallback.py
[2025-06-27T08:10:46.365+0000] {logging_mixin.py:188} INFO - Successfully imported request_data
[2025-06-27T08:10:46.378+0000] {processor.py:840} INFO - DAG(s) 'spark_processing_pipeline_local' retrieved from /opt/airflow/dags/dag_local_fallback.py
[2025-06-27T08:10:46.450+0000] {logging_mixin.py:188} INFO - [2025-06-27T08:10:46.450+0000] {dag.py:3089} INFO - Sync 1 DAGs
[2025-06-27T08:10:46.484+0000] {logging_mixin.py:188} INFO - [2025-06-27T08:10:46.483+0000] {dag.py:3947} INFO - Setting next_dagrun for spark_processing_pipeline_local to 2025-06-26 00:08:00+00:00, run_after=2025-06-27 00:08:00+00:00
[2025-06-27T08:10:46.525+0000] {processor.py:183} INFO - Processing /opt/airflow/dags/dag_local_fallback.py took 0.222 seconds
[2025-06-27T08:11:16.824+0000] {processor.py:161} INFO - Started process (PID=1375) to work on /opt/airflow/dags/dag_local_fallback.py
[2025-06-27T08:11:16.826+0000] {processor.py:830} INFO - Processing file /opt/airflow/dags/dag_local_fallback.py for tasks to queue
[2025-06-27T08:11:16.829+0000] {logging_mixin.py:188} INFO - [2025-06-27T08:11:16.828+0000] {dagbag.py:545} INFO - Filling up the DagBag from /opt/airflow/dags/dag_local_fallback.py
[2025-06-27T08:11:16.871+0000] {logging_mixin.py:188} INFO - Successfully imported request_data
[2025-06-27T08:11:16.883+0000] {processor.py:840} INFO - DAG(s) 'spark_processing_pipeline_local' retrieved from /opt/airflow/dags/dag_local_fallback.py
[2025-06-27T08:11:16.949+0000] {logging_mixin.py:188} INFO - [2025-06-27T08:11:16.949+0000] {dag.py:3089} INFO - Sync 1 DAGs
[2025-06-27T08:11:16.975+0000] {logging_mixin.py:188} INFO - [2025-06-27T08:11:16.975+0000] {dag.py:3947} INFO - Setting next_dagrun for spark_processing_pipeline_local to 2025-06-26 00:08:00+00:00, run_after=2025-06-27 00:08:00+00:00
[2025-06-27T08:11:17.017+0000] {processor.py:183} INFO - Processing /opt/airflow/dags/dag_local_fallback.py took 0.201 seconds
[2025-06-27T08:11:47.528+0000] {processor.py:161} INFO - Started process (PID=1395) to work on /opt/airflow/dags/dag_local_fallback.py
[2025-06-27T08:11:47.529+0000] {processor.py:830} INFO - Processing file /opt/airflow/dags/dag_local_fallback.py for tasks to queue
[2025-06-27T08:11:47.532+0000] {logging_mixin.py:188} INFO - [2025-06-27T08:11:47.532+0000] {dagbag.py:545} INFO - Filling up the DagBag from /opt/airflow/dags/dag_local_fallback.py
[2025-06-27T08:11:47.575+0000] {logging_mixin.py:188} INFO - Successfully imported request_data
[2025-06-27T08:11:47.587+0000] {processor.py:840} INFO - DAG(s) 'spark_processing_pipeline_local' retrieved from /opt/airflow/dags/dag_local_fallback.py
[2025-06-27T08:11:47.653+0000] {logging_mixin.py:188} INFO - [2025-06-27T08:11:47.653+0000] {dag.py:3089} INFO - Sync 1 DAGs
[2025-06-27T08:11:47.681+0000] {logging_mixin.py:188} INFO - [2025-06-27T08:11:47.680+0000] {dag.py:3947} INFO - Setting next_dagrun for spark_processing_pipeline_local to 2025-06-26 00:08:00+00:00, run_after=2025-06-27 00:08:00+00:00
[2025-06-27T08:11:47.726+0000] {processor.py:183} INFO - Processing /opt/airflow/dags/dag_local_fallback.py took 0.207 seconds
[2025-06-27T08:12:18.196+0000] {processor.py:161} INFO - Started process (PID=1408) to work on /opt/airflow/dags/dag_local_fallback.py
[2025-06-27T08:12:18.201+0000] {processor.py:830} INFO - Processing file /opt/airflow/dags/dag_local_fallback.py for tasks to queue
[2025-06-27T08:12:18.206+0000] {logging_mixin.py:188} INFO - [2025-06-27T08:12:18.206+0000] {dagbag.py:545} INFO - Filling up the DagBag from /opt/airflow/dags/dag_local_fallback.py
[2025-06-27T08:12:18.244+0000] {logging_mixin.py:188} INFO - Successfully imported request_data
[2025-06-27T08:12:18.265+0000] {processor.py:840} INFO - DAG(s) 'spark_processing_pipeline_local' retrieved from /opt/airflow/dags/dag_local_fallback.py
[2025-06-27T08:12:18.348+0000] {logging_mixin.py:188} INFO - [2025-06-27T08:12:18.348+0000] {dag.py:3089} INFO - Sync 1 DAGs
[2025-06-27T08:12:18.394+0000] {logging_mixin.py:188} INFO - [2025-06-27T08:12:18.393+0000] {dag.py:3947} INFO - Setting next_dagrun for spark_processing_pipeline_local to 2025-06-26 00:08:00+00:00, run_after=2025-06-27 00:08:00+00:00
[2025-06-27T08:12:18.456+0000] {processor.py:183} INFO - Processing /opt/airflow/dags/dag_local_fallback.py took 0.276 seconds
[2025-06-27T08:12:49.822+0000] {processor.py:161} INFO - Started process (PID=1428) to work on /opt/airflow/dags/dag_local_fallback.py
[2025-06-27T08:12:49.824+0000] {processor.py:830} INFO - Processing file /opt/airflow/dags/dag_local_fallback.py for tasks to queue
[2025-06-27T08:12:49.829+0000] {logging_mixin.py:188} INFO - [2025-06-27T08:12:49.828+0000] {dagbag.py:545} INFO - Filling up the DagBag from /opt/airflow/dags/dag_local_fallback.py
[2025-06-27T08:12:49.869+0000] {logging_mixin.py:188} INFO - Successfully imported request_data
[2025-06-27T08:12:49.887+0000] {processor.py:840} INFO - DAG(s) 'spark_processing_pipeline_local' retrieved from /opt/airflow/dags/dag_local_fallback.py
[2025-06-27T08:12:49.966+0000] {logging_mixin.py:188} INFO - [2025-06-27T08:12:49.965+0000] {dag.py:3089} INFO - Sync 1 DAGs
[2025-06-27T08:12:49.999+0000] {logging_mixin.py:188} INFO - [2025-06-27T08:12:49.999+0000] {dag.py:3947} INFO - Setting next_dagrun for spark_processing_pipeline_local to 2025-06-26 00:08:00+00:00, run_after=2025-06-27 00:08:00+00:00
[2025-06-27T08:12:50.046+0000] {processor.py:183} INFO - Processing /opt/airflow/dags/dag_local_fallback.py took 0.235 seconds
[2025-06-27T08:13:21.392+0000] {processor.py:161} INFO - Started process (PID=1455) to work on /opt/airflow/dags/dag_local_fallback.py
[2025-06-27T08:13:21.394+0000] {processor.py:830} INFO - Processing file /opt/airflow/dags/dag_local_fallback.py for tasks to queue
[2025-06-27T08:13:21.397+0000] {logging_mixin.py:188} INFO - [2025-06-27T08:13:21.397+0000] {dagbag.py:545} INFO - Filling up the DagBag from /opt/airflow/dags/dag_local_fallback.py
[2025-06-27T08:13:21.441+0000] {logging_mixin.py:188} INFO - Successfully imported request_data
[2025-06-27T08:13:21.455+0000] {processor.py:840} INFO - DAG(s) 'spark_processing_pipeline_local' retrieved from /opt/airflow/dags/dag_local_fallback.py
[2025-06-27T08:13:21.533+0000] {logging_mixin.py:188} INFO - [2025-06-27T08:13:21.533+0000] {dag.py:3089} INFO - Sync 1 DAGs
[2025-06-27T08:13:21.575+0000] {logging_mixin.py:188} INFO - [2025-06-27T08:13:21.574+0000] {dag.py:3947} INFO - Setting next_dagrun for spark_processing_pipeline_local to 2025-06-26 00:08:00+00:00, run_after=2025-06-27 00:08:00+00:00
[2025-06-27T08:13:21.627+0000] {processor.py:183} INFO - Processing /opt/airflow/dags/dag_local_fallback.py took 0.243 seconds
[2025-06-27T08:13:52.089+0000] {processor.py:161} INFO - Started process (PID=1475) to work on /opt/airflow/dags/dag_local_fallback.py
[2025-06-27T08:13:52.091+0000] {processor.py:830} INFO - Processing file /opt/airflow/dags/dag_local_fallback.py for tasks to queue
[2025-06-27T08:13:52.095+0000] {logging_mixin.py:188} INFO - [2025-06-27T08:13:52.094+0000] {dagbag.py:545} INFO - Filling up the DagBag from /opt/airflow/dags/dag_local_fallback.py
[2025-06-27T08:13:53.019+0000] {logging_mixin.py:188} INFO - Successfully imported request_data
[2025-06-27T08:13:53.036+0000] {processor.py:840} INFO - DAG(s) 'spark_processing_pipeline_local' retrieved from /opt/airflow/dags/dag_local_fallback.py
[2025-06-27T08:13:53.109+0000] {logging_mixin.py:188} INFO - [2025-06-27T08:13:53.109+0000] {dag.py:3089} INFO - Sync 1 DAGs
[2025-06-27T08:13:53.139+0000] {logging_mixin.py:188} INFO - [2025-06-27T08:13:53.138+0000] {dag.py:3947} INFO - Setting next_dagrun for spark_processing_pipeline_local to 2025-06-26 00:08:00+00:00, run_after=2025-06-27 00:08:00+00:00
[2025-06-27T08:13:53.183+0000] {processor.py:183} INFO - Processing /opt/airflow/dags/dag_local_fallback.py took 0.225 seconds
[2025-06-27T08:14:23.679+0000] {processor.py:161} INFO - Started process (PID=1620) to work on /opt/airflow/dags/dag_local_fallback.py
[2025-06-27T08:14:23.681+0000] {processor.py:830} INFO - Processing file /opt/airflow/dags/dag_local_fallback.py for tasks to queue
[2025-06-27T08:14:23.685+0000] {logging_mixin.py:188} INFO - [2025-06-27T08:14:23.685+0000] {dagbag.py:545} INFO - Filling up the DagBag from /opt/airflow/dags/dag_local_fallback.py
[2025-06-27T08:14:23.737+0000] {logging_mixin.py:188} INFO - Successfully imported request_data
[2025-06-27T08:14:23.758+0000] {processor.py:840} INFO - DAG(s) 'spark_processing_pipeline_local' retrieved from /opt/airflow/dags/dag_local_fallback.py
[2025-06-27T08:14:24.760+0000] {logging_mixin.py:188} INFO - [2025-06-27T08:14:24.760+0000] {dag.py:3089} INFO - Sync 1 DAGs
[2025-06-27T08:14:24.800+0000] {logging_mixin.py:188} INFO - [2025-06-27T08:14:24.800+0000] {dag.py:3947} INFO - Setting next_dagrun for spark_processing_pipeline_local to 2025-06-26 00:08:00+00:00, run_after=2025-06-27 00:08:00+00:00
[2025-06-27T08:14:24.920+0000] {processor.py:183} INFO - Processing /opt/airflow/dags/dag_local_fallback.py took 0.377 seconds
[2025-06-27T08:14:55.451+0000] {processor.py:161} INFO - Started process (PID=1681) to work on /opt/airflow/dags/dag_local_fallback.py
[2025-06-27T08:14:55.452+0000] {processor.py:830} INFO - Processing file /opt/airflow/dags/dag_local_fallback.py for tasks to queue
[2025-06-27T08:14:55.456+0000] {logging_mixin.py:188} INFO - [2025-06-27T08:14:55.455+0000] {dagbag.py:545} INFO - Filling up the DagBag from /opt/airflow/dags/dag_local_fallback.py
[2025-06-27T08:14:56.394+0000] {logging_mixin.py:188} INFO - Successfully imported request_data
[2025-06-27T08:14:56.408+0000] {processor.py:840} INFO - DAG(s) 'spark_processing_pipeline_local' retrieved from /opt/airflow/dags/dag_local_fallback.py
[2025-06-27T08:14:56.482+0000] {logging_mixin.py:188} INFO - [2025-06-27T08:14:56.482+0000] {dag.py:3089} INFO - Sync 1 DAGs
[2025-06-27T08:14:56.514+0000] {logging_mixin.py:188} INFO - [2025-06-27T08:14:56.514+0000] {dag.py:3947} INFO - Setting next_dagrun for spark_processing_pipeline_local to 2025-06-26 00:08:00+00:00, run_after=2025-06-27 00:08:00+00:00
[2025-06-27T08:14:56.558+0000] {processor.py:183} INFO - Processing /opt/airflow/dags/dag_local_fallback.py took 0.220 seconds
[2025-06-27T08:15:27.005+0000] {processor.py:161} INFO - Started process (PID=1701) to work on /opt/airflow/dags/dag_local_fallback.py
[2025-06-27T08:15:27.008+0000] {processor.py:830} INFO - Processing file /opt/airflow/dags/dag_local_fallback.py for tasks to queue
[2025-06-27T08:15:27.015+0000] {logging_mixin.py:188} INFO - [2025-06-27T08:15:27.014+0000] {dagbag.py:545} INFO - Filling up the DagBag from /opt/airflow/dags/dag_local_fallback.py
[2025-06-27T08:15:27.066+0000] {logging_mixin.py:188} INFO - Successfully imported request_data
[2025-06-27T08:15:27.084+0000] {processor.py:840} INFO - DAG(s) 'spark_processing_pipeline_local' retrieved from /opt/airflow/dags/dag_local_fallback.py
[2025-06-27T08:15:28.085+0000] {logging_mixin.py:188} INFO - [2025-06-27T08:15:28.084+0000] {dag.py:3089} INFO - Sync 1 DAGs
[2025-06-27T08:15:28.155+0000] {logging_mixin.py:188} INFO - [2025-06-27T08:15:28.154+0000] {dag.py:3947} INFO - Setting next_dagrun for spark_processing_pipeline_local to 2025-06-26 00:08:00+00:00, run_after=2025-06-27 00:08:00+00:00
[2025-06-27T08:15:28.236+0000] {processor.py:183} INFO - Processing /opt/airflow/dags/dag_local_fallback.py took 0.363 seconds
[2025-06-27T08:15:58.709+0000] {processor.py:161} INFO - Started process (PID=1721) to work on /opt/airflow/dags/dag_local_fallback.py
[2025-06-27T08:15:58.711+0000] {processor.py:830} INFO - Processing file /opt/airflow/dags/dag_local_fallback.py for tasks to queue
[2025-06-27T08:15:58.713+0000] {logging_mixin.py:188} INFO - [2025-06-27T08:15:58.713+0000] {dagbag.py:545} INFO - Filling up the DagBag from /opt/airflow/dags/dag_local_fallback.py
[2025-06-27T08:15:59.635+0000] {logging_mixin.py:188} INFO - Successfully imported request_data
[2025-06-27T08:15:59.653+0000] {processor.py:840} INFO - DAG(s) 'spark_processing_pipeline_local' retrieved from /opt/airflow/dags/dag_local_fallback.py
[2025-06-27T08:15:59.740+0000] {logging_mixin.py:188} INFO - [2025-06-27T08:15:59.739+0000] {dag.py:3089} INFO - Sync 1 DAGs
[2025-06-27T08:15:59.773+0000] {logging_mixin.py:188} INFO - [2025-06-27T08:15:59.772+0000] {dag.py:3947} INFO - Setting next_dagrun for spark_processing_pipeline_local to 2025-06-26 00:08:00+00:00, run_after=2025-06-27 00:08:00+00:00
[2025-06-27T08:15:59.822+0000] {processor.py:183} INFO - Processing /opt/airflow/dags/dag_local_fallback.py took 0.250 seconds
[2025-06-27T08:16:31.914+0000] {processor.py:161} INFO - Started process (PID=1741) to work on /opt/airflow/dags/dag_local_fallback.py
[2025-06-27T08:16:31.916+0000] {processor.py:830} INFO - Processing file /opt/airflow/dags/dag_local_fallback.py for tasks to queue
[2025-06-27T08:16:31.919+0000] {logging_mixin.py:188} INFO - [2025-06-27T08:16:31.918+0000] {dagbag.py:545} INFO - Filling up the DagBag from /opt/airflow/dags/dag_local_fallback.py
[2025-06-27T08:16:31.967+0000] {logging_mixin.py:188} INFO - Successfully imported request_data
[2025-06-27T08:16:31.982+0000] {processor.py:840} INFO - DAG(s) 'spark_processing_pipeline_local' retrieved from /opt/airflow/dags/dag_local_fallback.py
[2025-06-27T08:16:32.057+0000] {logging_mixin.py:188} INFO - [2025-06-27T08:16:32.057+0000] {dag.py:3089} INFO - Sync 1 DAGs
[2025-06-27T08:16:32.088+0000] {logging_mixin.py:188} INFO - [2025-06-27T08:16:32.088+0000] {dag.py:3947} INFO - Setting next_dagrun for spark_processing_pipeline_local to 2025-06-26 00:08:00+00:00, run_after=2025-06-27 00:08:00+00:00
[2025-06-27T08:16:32.135+0000] {processor.py:183} INFO - Processing /opt/airflow/dags/dag_local_fallback.py took 0.229 seconds
[2025-06-27T08:17:03.500+0000] {processor.py:161} INFO - Started process (PID=1761) to work on /opt/airflow/dags/dag_local_fallback.py
[2025-06-27T08:17:03.502+0000] {processor.py:830} INFO - Processing file /opt/airflow/dags/dag_local_fallback.py for tasks to queue
[2025-06-27T08:17:03.509+0000] {logging_mixin.py:188} INFO - [2025-06-27T08:17:03.508+0000] {dagbag.py:545} INFO - Filling up the DagBag from /opt/airflow/dags/dag_local_fallback.py
[2025-06-27T08:17:03.562+0000] {logging_mixin.py:188} INFO - Successfully imported request_data
[2025-06-27T08:17:03.576+0000] {processor.py:840} INFO - DAG(s) 'spark_processing_pipeline_local' retrieved from /opt/airflow/dags/dag_local_fallback.py
[2025-06-27T08:17:03.656+0000] {logging_mixin.py:188} INFO - [2025-06-27T08:17:03.656+0000] {dag.py:3089} INFO - Sync 1 DAGs
[2025-06-27T08:17:03.687+0000] {logging_mixin.py:188} INFO - [2025-06-27T08:17:03.686+0000] {dag.py:3947} INFO - Setting next_dagrun for spark_processing_pipeline_local to 2025-06-26 00:08:00+00:00, run_after=2025-06-27 00:08:00+00:00
[2025-06-27T08:17:03.728+0000] {processor.py:183} INFO - Processing /opt/airflow/dags/dag_local_fallback.py took 0.237 seconds
[2025-06-27T08:17:35.096+0000] {processor.py:161} INFO - Started process (PID=1781) to work on /opt/airflow/dags/dag_local_fallback.py
[2025-06-27T08:17:35.098+0000] {processor.py:830} INFO - Processing file /opt/airflow/dags/dag_local_fallback.py for tasks to queue
[2025-06-27T08:17:35.102+0000] {logging_mixin.py:188} INFO - [2025-06-27T08:17:35.101+0000] {dagbag.py:545} INFO - Filling up the DagBag from /opt/airflow/dags/dag_local_fallback.py
[2025-06-27T08:17:35.150+0000] {logging_mixin.py:188} INFO - Successfully imported request_data
[2025-06-27T08:17:35.165+0000] {processor.py:840} INFO - DAG(s) 'spark_processing_pipeline_local' retrieved from /opt/airflow/dags/dag_local_fallback.py
[2025-06-27T08:17:35.239+0000] {logging_mixin.py:188} INFO - [2025-06-27T08:17:35.238+0000] {dag.py:3089} INFO - Sync 1 DAGs
[2025-06-27T08:17:35.278+0000] {logging_mixin.py:188} INFO - [2025-06-27T08:17:35.278+0000] {dag.py:3947} INFO - Setting next_dagrun for spark_processing_pipeline_local to 2025-06-26 00:08:00+00:00, run_after=2025-06-27 00:08:00+00:00
[2025-06-27T08:17:35.327+0000] {processor.py:183} INFO - Processing /opt/airflow/dags/dag_local_fallback.py took 0.239 seconds
[2025-06-27T08:18:06.432+0000] {processor.py:161} INFO - Started process (PID=1801) to work on /opt/airflow/dags/dag_local_fallback.py
[2025-06-27T08:18:06.433+0000] {processor.py:830} INFO - Processing file /opt/airflow/dags/dag_local_fallback.py for tasks to queue
[2025-06-27T08:18:06.437+0000] {logging_mixin.py:188} INFO - [2025-06-27T08:18:06.436+0000] {dagbag.py:545} INFO - Filling up the DagBag from /opt/airflow/dags/dag_local_fallback.py
[2025-06-27T08:18:06.483+0000] {logging_mixin.py:188} INFO - Successfully imported request_data
[2025-06-27T08:18:06.497+0000] {processor.py:840} INFO - DAG(s) 'spark_processing_pipeline_local' retrieved from /opt/airflow/dags/dag_local_fallback.py
[2025-06-27T08:18:06.590+0000] {logging_mixin.py:188} INFO - [2025-06-27T08:18:06.590+0000] {dag.py:3089} INFO - Sync 1 DAGs
[2025-06-27T08:18:06.625+0000] {logging_mixin.py:188} INFO - [2025-06-27T08:18:06.624+0000] {dag.py:3947} INFO - Setting next_dagrun for spark_processing_pipeline_local to 2025-06-26 00:08:00+00:00, run_after=2025-06-27 00:08:00+00:00
[2025-06-27T08:18:06.669+0000] {processor.py:183} INFO - Processing /opt/airflow/dags/dag_local_fallback.py took 0.246 seconds
[2025-06-27T08:18:38.016+0000] {processor.py:161} INFO - Started process (PID=1821) to work on /opt/airflow/dags/dag_local_fallback.py
[2025-06-27T08:18:38.018+0000] {processor.py:830} INFO - Processing file /opt/airflow/dags/dag_local_fallback.py for tasks to queue
[2025-06-27T08:18:38.021+0000] {logging_mixin.py:188} INFO - [2025-06-27T08:18:38.020+0000] {dagbag.py:545} INFO - Filling up the DagBag from /opt/airflow/dags/dag_local_fallback.py
[2025-06-27T08:18:38.070+0000] {logging_mixin.py:188} INFO - Successfully imported request_data
[2025-06-27T08:18:38.085+0000] {processor.py:840} INFO - DAG(s) 'spark_processing_pipeline_local' retrieved from /opt/airflow/dags/dag_local_fallback.py
[2025-06-27T08:18:38.168+0000] {logging_mixin.py:188} INFO - [2025-06-27T08:18:38.168+0000] {dag.py:3089} INFO - Sync 1 DAGs
[2025-06-27T08:18:38.226+0000] {logging_mixin.py:188} INFO - [2025-06-27T08:18:38.225+0000] {dag.py:3947} INFO - Setting next_dagrun for spark_processing_pipeline_local to 2025-06-26 00:08:00+00:00, run_after=2025-06-27 00:08:00+00:00
[2025-06-27T08:18:38.290+0000] {processor.py:183} INFO - Processing /opt/airflow/dags/dag_local_fallback.py took 0.284 seconds
[2025-06-27T08:19:09.669+0000] {processor.py:161} INFO - Started process (PID=1841) to work on /opt/airflow/dags/dag_local_fallback.py
[2025-06-27T08:19:09.670+0000] {processor.py:830} INFO - Processing file /opt/airflow/dags/dag_local_fallback.py for tasks to queue
[2025-06-27T08:19:09.673+0000] {logging_mixin.py:188} INFO - [2025-06-27T08:19:09.672+0000] {dagbag.py:545} INFO - Filling up the DagBag from /opt/airflow/dags/dag_local_fallback.py
[2025-06-27T08:19:09.715+0000] {logging_mixin.py:188} INFO - Successfully imported request_data
[2025-06-27T08:19:09.731+0000] {processor.py:840} INFO - DAG(s) 'spark_processing_pipeline_local' retrieved from /opt/airflow/dags/dag_local_fallback.py
[2025-06-27T08:19:09.827+0000] {logging_mixin.py:188} INFO - [2025-06-27T08:19:09.827+0000] {dag.py:3089} INFO - Sync 1 DAGs
[2025-06-27T08:19:09.859+0000] {logging_mixin.py:188} INFO - [2025-06-27T08:19:09.859+0000] {dag.py:3947} INFO - Setting next_dagrun for spark_processing_pipeline_local to 2025-06-26 00:08:00+00:00, run_after=2025-06-27 00:08:00+00:00
[2025-06-27T08:19:09.903+0000] {processor.py:183} INFO - Processing /opt/airflow/dags/dag_local_fallback.py took 0.244 seconds
[2025-06-27T08:19:40.344+0000] {processor.py:161} INFO - Started process (PID=1861) to work on /opt/airflow/dags/dag_local_fallback.py
[2025-06-27T08:19:40.345+0000] {processor.py:830} INFO - Processing file /opt/airflow/dags/dag_local_fallback.py for tasks to queue
[2025-06-27T08:19:40.349+0000] {logging_mixin.py:188} INFO - [2025-06-27T08:19:40.349+0000] {dagbag.py:545} INFO - Filling up the DagBag from /opt/airflow/dags/dag_local_fallback.py
[2025-06-27T08:19:40.394+0000] {logging_mixin.py:188} INFO - Successfully imported request_data
[2025-06-27T08:19:40.410+0000] {processor.py:840} INFO - DAG(s) 'spark_processing_pipeline_local' retrieved from /opt/airflow/dags/dag_local_fallback.py
[2025-06-27T08:19:41.355+0000] {logging_mixin.py:188} INFO - [2025-06-27T08:19:41.355+0000] {dag.py:3089} INFO - Sync 1 DAGs
[2025-06-27T08:19:41.393+0000] {logging_mixin.py:188} INFO - [2025-06-27T08:19:41.393+0000] {dag.py:3947} INFO - Setting next_dagrun for spark_processing_pipeline_local to 2025-06-26 00:08:00+00:00, run_after=2025-06-27 00:08:00+00:00
[2025-06-27T08:19:41.442+0000] {processor.py:183} INFO - Processing /opt/airflow/dags/dag_local_fallback.py took 0.244 seconds
[2025-06-27T08:20:12.987+0000] {processor.py:161} INFO - Started process (PID=1881) to work on /opt/airflow/dags/dag_local_fallback.py
[2025-06-27T08:20:12.989+0000] {processor.py:830} INFO - Processing file /opt/airflow/dags/dag_local_fallback.py for tasks to queue
[2025-06-27T08:20:12.992+0000] {logging_mixin.py:188} INFO - [2025-06-27T08:20:12.992+0000] {dagbag.py:545} INFO - Filling up the DagBag from /opt/airflow/dags/dag_local_fallback.py
[2025-06-27T08:20:13.037+0000] {logging_mixin.py:188} INFO - Successfully imported request_data
[2025-06-27T08:20:13.052+0000] {processor.py:840} INFO - DAG(s) 'spark_processing_pipeline_local' retrieved from /opt/airflow/dags/dag_local_fallback.py
[2025-06-27T08:20:13.142+0000] {logging_mixin.py:188} INFO - [2025-06-27T08:20:13.141+0000] {dag.py:3089} INFO - Sync 1 DAGs
[2025-06-27T08:20:13.174+0000] {logging_mixin.py:188} INFO - [2025-06-27T08:20:13.174+0000] {dag.py:3947} INFO - Setting next_dagrun for spark_processing_pipeline_local to 2025-06-26 00:08:00+00:00, run_after=2025-06-27 00:08:00+00:00
[2025-06-27T08:20:13.223+0000] {processor.py:183} INFO - Processing /opt/airflow/dags/dag_local_fallback.py took 0.245 seconds
[2025-06-27T08:20:43.690+0000] {processor.py:161} INFO - Started process (PID=1906) to work on /opt/airflow/dags/dag_local_fallback.py
[2025-06-27T08:20:43.692+0000] {processor.py:830} INFO - Processing file /opt/airflow/dags/dag_local_fallback.py for tasks to queue
[2025-06-27T08:20:43.695+0000] {logging_mixin.py:188} INFO - [2025-06-27T08:20:43.695+0000] {dagbag.py:545} INFO - Filling up the DagBag from /opt/airflow/dags/dag_local_fallback.py
[2025-06-27T08:20:43.734+0000] {logging_mixin.py:188} INFO - Successfully imported request_data
[2025-06-27T08:20:43.748+0000] {processor.py:840} INFO - DAG(s) 'spark_processing_pipeline_local' retrieved from /opt/airflow/dags/dag_local_fallback.py
[2025-06-27T08:20:44.688+0000] {logging_mixin.py:188} INFO - [2025-06-27T08:20:44.688+0000] {dag.py:3089} INFO - Sync 1 DAGs
[2025-06-27T08:20:44.720+0000] {logging_mixin.py:188} INFO - [2025-06-27T08:20:44.720+0000] {dag.py:3947} INFO - Setting next_dagrun for spark_processing_pipeline_local to 2025-06-26 00:08:00+00:00, run_after=2025-06-27 00:08:00+00:00
[2025-06-27T08:20:44.764+0000] {processor.py:183} INFO - Processing /opt/airflow/dags/dag_local_fallback.py took 0.221 seconds
[2025-06-27T08:21:15.382+0000] {processor.py:161} INFO - Started process (PID=2307) to work on /opt/airflow/dags/dag_local_fallback.py
[2025-06-27T08:21:15.384+0000] {processor.py:830} INFO - Processing file /opt/airflow/dags/dag_local_fallback.py for tasks to queue
[2025-06-27T08:21:15.387+0000] {logging_mixin.py:188} INFO - [2025-06-27T08:21:15.386+0000] {dagbag.py:545} INFO - Filling up the DagBag from /opt/airflow/dags/dag_local_fallback.py
[2025-06-27T08:21:15.426+0000] {logging_mixin.py:188} INFO - Successfully imported request_data
[2025-06-27T08:21:15.439+0000] {processor.py:840} INFO - DAG(s) 'spark_processing_pipeline_local' retrieved from /opt/airflow/dags/dag_local_fallback.py
[2025-06-27T08:21:16.414+0000] {logging_mixin.py:188} INFO - [2025-06-27T08:21:16.414+0000] {dag.py:3089} INFO - Sync 1 DAGs
[2025-06-27T08:21:16.449+0000] {logging_mixin.py:188} INFO - [2025-06-27T08:21:16.449+0000] {dag.py:3947} INFO - Setting next_dagrun for spark_processing_pipeline_local to 2025-06-26 00:08:00+00:00, run_after=2025-06-27 00:08:00+00:00
[2025-06-27T08:21:16.501+0000] {processor.py:183} INFO - Processing /opt/airflow/dags/dag_local_fallback.py took 0.225 seconds
[2025-06-27T08:21:47.028+0000] {processor.py:161} INFO - Started process (PID=2581) to work on /opt/airflow/dags/dag_local_fallback.py
[2025-06-27T08:21:47.029+0000] {processor.py:830} INFO - Processing file /opt/airflow/dags/dag_local_fallback.py for tasks to queue
[2025-06-27T08:21:47.033+0000] {logging_mixin.py:188} INFO - [2025-06-27T08:21:47.032+0000] {dagbag.py:545} INFO - Filling up the DagBag from /opt/airflow/dags/dag_local_fallback.py
[2025-06-27T08:21:47.084+0000] {logging_mixin.py:188} INFO - Successfully imported request_data
[2025-06-27T08:21:47.106+0000] {processor.py:840} INFO - DAG(s) 'spark_processing_pipeline_local' retrieved from /opt/airflow/dags/dag_local_fallback.py
[2025-06-27T08:21:48.073+0000] {logging_mixin.py:188} INFO - [2025-06-27T08:21:48.072+0000] {dag.py:3089} INFO - Sync 1 DAGs
[2025-06-27T08:21:48.117+0000] {logging_mixin.py:188} INFO - [2025-06-27T08:21:48.117+0000] {dag.py:3947} INFO - Setting next_dagrun for spark_processing_pipeline_local to 2025-06-26 00:08:00+00:00, run_after=2025-06-27 00:08:00+00:00
[2025-06-27T08:21:48.172+0000] {processor.py:183} INFO - Processing /opt/airflow/dags/dag_local_fallback.py took 0.282 seconds
[2025-06-27T08:22:18.808+0000] {processor.py:161} INFO - Started process (PID=2907) to work on /opt/airflow/dags/dag_local_fallback.py
[2025-06-27T08:22:18.810+0000] {processor.py:830} INFO - Processing file /opt/airflow/dags/dag_local_fallback.py for tasks to queue
[2025-06-27T08:22:18.815+0000] {logging_mixin.py:188} INFO - [2025-06-27T08:22:18.814+0000] {dagbag.py:545} INFO - Filling up the DagBag from /opt/airflow/dags/dag_local_fallback.py
[2025-06-27T08:22:19.722+0000] {logging_mixin.py:188} INFO - Successfully imported request_data
[2025-06-27T08:22:19.737+0000] {processor.py:840} INFO - DAG(s) 'spark_processing_pipeline_local' retrieved from /opt/airflow/dags/dag_local_fallback.py
[2025-06-27T08:22:19.814+0000] {logging_mixin.py:188} INFO - [2025-06-27T08:22:19.813+0000] {dag.py:3089} INFO - Sync 1 DAGs
[2025-06-27T08:22:19.843+0000] {logging_mixin.py:188} INFO - [2025-06-27T08:22:19.842+0000] {dag.py:3947} INFO - Setting next_dagrun for spark_processing_pipeline_local to 2025-06-26 00:08:00+00:00, run_after=2025-06-27 00:08:00+00:00
[2025-06-27T08:22:19.885+0000] {processor.py:183} INFO - Processing /opt/airflow/dags/dag_local_fallback.py took 0.223 seconds
[2025-06-27T08:22:51.717+0000] {processor.py:161} INFO - Started process (PID=2934) to work on /opt/airflow/dags/dag_local_fallback.py
[2025-06-27T08:22:51.719+0000] {processor.py:830} INFO - Processing file /opt/airflow/dags/dag_local_fallback.py for tasks to queue
[2025-06-27T08:22:51.722+0000] {logging_mixin.py:188} INFO - [2025-06-27T08:22:51.721+0000] {dagbag.py:545} INFO - Filling up the DagBag from /opt/airflow/dags/dag_local_fallback.py
[2025-06-27T08:22:51.768+0000] {logging_mixin.py:188} INFO - Successfully imported request_data
[2025-06-27T08:22:51.781+0000] {processor.py:840} INFO - DAG(s) 'spark_processing_pipeline_local' retrieved from /opt/airflow/dags/dag_local_fallback.py
[2025-06-27T08:22:51.849+0000] {logging_mixin.py:188} INFO - [2025-06-27T08:22:51.849+0000] {dag.py:3089} INFO - Sync 1 DAGs
[2025-06-27T08:22:51.876+0000] {logging_mixin.py:188} INFO - [2025-06-27T08:22:51.876+0000] {dag.py:3947} INFO - Setting next_dagrun for spark_processing_pipeline_local to 2025-06-26 00:08:00+00:00, run_after=2025-06-27 00:08:00+00:00
[2025-06-27T08:22:51.918+0000] {processor.py:183} INFO - Processing /opt/airflow/dags/dag_local_fallback.py took 0.209 seconds
[2025-06-27T08:23:23.385+0000] {processor.py:161} INFO - Started process (PID=2954) to work on /opt/airflow/dags/dag_local_fallback.py
[2025-06-27T08:23:23.387+0000] {processor.py:830} INFO - Processing file /opt/airflow/dags/dag_local_fallback.py for tasks to queue
[2025-06-27T08:23:23.390+0000] {logging_mixin.py:188} INFO - [2025-06-27T08:23:23.389+0000] {dagbag.py:545} INFO - Filling up the DagBag from /opt/airflow/dags/dag_local_fallback.py
[2025-06-27T08:23:23.433+0000] {logging_mixin.py:188} INFO - Successfully imported request_data
[2025-06-27T08:23:23.447+0000] {processor.py:840} INFO - DAG(s) 'spark_processing_pipeline_local' retrieved from /opt/airflow/dags/dag_local_fallback.py
[2025-06-27T08:23:23.542+0000] {logging_mixin.py:188} INFO - [2025-06-27T08:23:23.541+0000] {dag.py:3089} INFO - Sync 1 DAGs
[2025-06-27T08:23:23.580+0000] {logging_mixin.py:188} INFO - [2025-06-27T08:23:23.580+0000] {dag.py:3947} INFO - Setting next_dagrun for spark_processing_pipeline_local to 2025-06-26 00:08:00+00:00, run_after=2025-06-27 00:08:00+00:00
[2025-06-27T08:23:23.621+0000] {processor.py:183} INFO - Processing /opt/airflow/dags/dag_local_fallback.py took 0.245 seconds
[2025-06-27T08:23:54.998+0000] {processor.py:161} INFO - Started process (PID=2974) to work on /opt/airflow/dags/dag_local_fallback.py
[2025-06-27T08:23:55.001+0000] {processor.py:830} INFO - Processing file /opt/airflow/dags/dag_local_fallback.py for tasks to queue
[2025-06-27T08:23:55.006+0000] {logging_mixin.py:188} INFO - [2025-06-27T08:23:55.005+0000] {dagbag.py:545} INFO - Filling up the DagBag from /opt/airflow/dags/dag_local_fallback.py
[2025-06-27T08:23:55.071+0000] {logging_mixin.py:188} INFO - Successfully imported request_data
[2025-06-27T08:23:55.086+0000] {processor.py:840} INFO - DAG(s) 'spark_processing_pipeline_local' retrieved from /opt/airflow/dags/dag_local_fallback.py
[2025-06-27T08:23:55.158+0000] {logging_mixin.py:188} INFO - [2025-06-27T08:23:55.158+0000] {dag.py:3089} INFO - Sync 1 DAGs
[2025-06-27T08:23:55.184+0000] {logging_mixin.py:188} INFO - [2025-06-27T08:23:55.183+0000] {dag.py:3947} INFO - Setting next_dagrun for spark_processing_pipeline_local to 2025-06-26 00:08:00+00:00, run_after=2025-06-27 00:08:00+00:00
[2025-06-27T08:23:55.227+0000] {processor.py:183} INFO - Processing /opt/airflow/dags/dag_local_fallback.py took 0.247 seconds
[2025-06-27T08:24:26.627+0000] {processor.py:161} INFO - Started process (PID=2994) to work on /opt/airflow/dags/dag_local_fallback.py
[2025-06-27T08:24:26.629+0000] {processor.py:830} INFO - Processing file /opt/airflow/dags/dag_local_fallback.py for tasks to queue
[2025-06-27T08:24:26.632+0000] {logging_mixin.py:188} INFO - [2025-06-27T08:24:26.632+0000] {dagbag.py:545} INFO - Filling up the DagBag from /opt/airflow/dags/dag_local_fallback.py
[2025-06-27T08:24:26.677+0000] {logging_mixin.py:188} INFO - Successfully imported request_data
[2025-06-27T08:24:26.689+0000] {processor.py:840} INFO - DAG(s) 'spark_processing_pipeline_local' retrieved from /opt/airflow/dags/dag_local_fallback.py
[2025-06-27T08:24:26.761+0000] {logging_mixin.py:188} INFO - [2025-06-27T08:24:26.761+0000] {dag.py:3089} INFO - Sync 1 DAGs
[2025-06-27T08:24:26.789+0000] {logging_mixin.py:188} INFO - [2025-06-27T08:24:26.788+0000] {dag.py:3947} INFO - Setting next_dagrun for spark_processing_pipeline_local to 2025-06-26 00:08:00+00:00, run_after=2025-06-27 00:08:00+00:00
[2025-06-27T08:24:26.829+0000] {processor.py:183} INFO - Processing /opt/airflow/dags/dag_local_fallback.py took 0.211 seconds
[2025-06-27T08:24:58.188+0000] {processor.py:161} INFO - Started process (PID=3014) to work on /opt/airflow/dags/dag_local_fallback.py
[2025-06-27T08:24:58.190+0000] {processor.py:830} INFO - Processing file /opt/airflow/dags/dag_local_fallback.py for tasks to queue
[2025-06-27T08:24:58.193+0000] {logging_mixin.py:188} INFO - [2025-06-27T08:24:58.193+0000] {dagbag.py:545} INFO - Filling up the DagBag from /opt/airflow/dags/dag_local_fallback.py
[2025-06-27T08:24:58.238+0000] {logging_mixin.py:188} INFO - Successfully imported request_data
[2025-06-27T08:24:58.251+0000] {processor.py:840} INFO - DAG(s) 'spark_processing_pipeline_local' retrieved from /opt/airflow/dags/dag_local_fallback.py
[2025-06-27T08:24:58.321+0000] {logging_mixin.py:188} INFO - [2025-06-27T08:24:58.321+0000] {dag.py:3089} INFO - Sync 1 DAGs
[2025-06-27T08:24:58.347+0000] {logging_mixin.py:188} INFO - [2025-06-27T08:24:58.346+0000] {dag.py:3947} INFO - Setting next_dagrun for spark_processing_pipeline_local to 2025-06-26 00:08:00+00:00, run_after=2025-06-27 00:08:00+00:00
[2025-06-27T08:24:58.397+0000] {processor.py:183} INFO - Processing /opt/airflow/dags/dag_local_fallback.py took 0.217 seconds
[2025-06-27T08:25:30.021+0000] {processor.py:161} INFO - Started process (PID=3034) to work on /opt/airflow/dags/dag_local_fallback.py
[2025-06-27T08:25:30.022+0000] {processor.py:830} INFO - Processing file /opt/airflow/dags/dag_local_fallback.py for tasks to queue
[2025-06-27T08:25:30.026+0000] {logging_mixin.py:188} INFO - [2025-06-27T08:25:30.025+0000] {dagbag.py:545} INFO - Filling up the DagBag from /opt/airflow/dags/dag_local_fallback.py
[2025-06-27T08:25:30.069+0000] {logging_mixin.py:188} INFO - Successfully imported request_data
[2025-06-27T08:25:30.081+0000] {processor.py:840} INFO - DAG(s) 'spark_processing_pipeline_local' retrieved from /opt/airflow/dags/dag_local_fallback.py
[2025-06-27T08:25:30.150+0000] {logging_mixin.py:188} INFO - [2025-06-27T08:25:30.149+0000] {dag.py:3089} INFO - Sync 1 DAGs
[2025-06-27T08:25:30.176+0000] {logging_mixin.py:188} INFO - [2025-06-27T08:25:30.176+0000] {dag.py:3947} INFO - Setting next_dagrun for spark_processing_pipeline_local to 2025-06-26 00:08:00+00:00, run_after=2025-06-27 00:08:00+00:00
[2025-06-27T08:25:30.219+0000] {processor.py:183} INFO - Processing /opt/airflow/dags/dag_local_fallback.py took 0.206 seconds
[2025-06-27T08:26:01.679+0000] {processor.py:161} INFO - Started process (PID=3054) to work on /opt/airflow/dags/dag_local_fallback.py
[2025-06-27T08:26:01.681+0000] {processor.py:830} INFO - Processing file /opt/airflow/dags/dag_local_fallback.py for tasks to queue
[2025-06-27T08:26:01.684+0000] {logging_mixin.py:188} INFO - [2025-06-27T08:26:01.684+0000] {dagbag.py:545} INFO - Filling up the DagBag from /opt/airflow/dags/dag_local_fallback.py
[2025-06-27T08:26:01.733+0000] {logging_mixin.py:188} INFO - Successfully imported request_data
[2025-06-27T08:26:01.747+0000] {processor.py:840} INFO - DAG(s) 'spark_processing_pipeline_local' retrieved from /opt/airflow/dags/dag_local_fallback.py
[2025-06-27T08:26:01.817+0000] {logging_mixin.py:188} INFO - [2025-06-27T08:26:01.817+0000] {dag.py:3089} INFO - Sync 1 DAGs
[2025-06-27T08:26:01.847+0000] {logging_mixin.py:188} INFO - [2025-06-27T08:26:01.847+0000] {dag.py:3947} INFO - Setting next_dagrun for spark_processing_pipeline_local to 2025-06-26 00:08:00+00:00, run_after=2025-06-27 00:08:00+00:00
[2025-06-27T08:26:01.896+0000] {processor.py:183} INFO - Processing /opt/airflow/dags/dag_local_fallback.py took 0.226 seconds
[2025-06-27T08:26:33.331+0000] {processor.py:161} INFO - Started process (PID=3074) to work on /opt/airflow/dags/dag_local_fallback.py
[2025-06-27T08:26:33.333+0000] {processor.py:830} INFO - Processing file /opt/airflow/dags/dag_local_fallback.py for tasks to queue
[2025-06-27T08:26:33.337+0000] {logging_mixin.py:188} INFO - [2025-06-27T08:26:33.337+0000] {dagbag.py:545} INFO - Filling up the DagBag from /opt/airflow/dags/dag_local_fallback.py
[2025-06-27T08:26:33.383+0000] {logging_mixin.py:188} INFO - Successfully imported request_data
[2025-06-27T08:26:33.396+0000] {processor.py:840} INFO - DAG(s) 'spark_processing_pipeline_local' retrieved from /opt/airflow/dags/dag_local_fallback.py
[2025-06-27T08:26:33.464+0000] {logging_mixin.py:188} INFO - [2025-06-27T08:26:33.464+0000] {dag.py:3089} INFO - Sync 1 DAGs
[2025-06-27T08:26:33.493+0000] {logging_mixin.py:188} INFO - [2025-06-27T08:26:33.492+0000] {dag.py:3947} INFO - Setting next_dagrun for spark_processing_pipeline_local to 2025-06-26 00:08:00+00:00, run_after=2025-06-27 00:08:00+00:00
[2025-06-27T08:26:33.534+0000] {processor.py:183} INFO - Processing /opt/airflow/dags/dag_local_fallback.py took 0.211 seconds
[2025-06-27T08:27:04.870+0000] {processor.py:161} INFO - Started process (PID=3094) to work on /opt/airflow/dags/dag_local_fallback.py
[2025-06-27T08:27:04.872+0000] {processor.py:830} INFO - Processing file /opt/airflow/dags/dag_local_fallback.py for tasks to queue
[2025-06-27T08:27:04.874+0000] {logging_mixin.py:188} INFO - [2025-06-27T08:27:04.874+0000] {dagbag.py:545} INFO - Filling up the DagBag from /opt/airflow/dags/dag_local_fallback.py
[2025-06-27T08:27:04.920+0000] {logging_mixin.py:188} INFO - Successfully imported request_data
[2025-06-27T08:27:04.932+0000] {processor.py:840} INFO - DAG(s) 'spark_processing_pipeline_local' retrieved from /opt/airflow/dags/dag_local_fallback.py
[2025-06-27T08:27:04.996+0000] {logging_mixin.py:188} INFO - [2025-06-27T08:27:04.996+0000] {dag.py:3089} INFO - Sync 1 DAGs
[2025-06-27T08:27:05.022+0000] {logging_mixin.py:188} INFO - [2025-06-27T08:27:05.021+0000] {dag.py:3947} INFO - Setting next_dagrun for spark_processing_pipeline_local to 2025-06-26 00:08:00+00:00, run_after=2025-06-27 00:08:00+00:00
[2025-06-27T08:27:05.061+0000] {processor.py:183} INFO - Processing /opt/airflow/dags/dag_local_fallback.py took 0.199 seconds
[2025-06-27T08:27:36.799+0000] {processor.py:161} INFO - Started process (PID=3351) to work on /opt/airflow/dags/dag_local_fallback.py
[2025-06-27T08:27:36.800+0000] {processor.py:830} INFO - Processing file /opt/airflow/dags/dag_local_fallback.py for tasks to queue
[2025-06-27T08:27:36.804+0000] {logging_mixin.py:188} INFO - [2025-06-27T08:27:36.803+0000] {dagbag.py:545} INFO - Filling up the DagBag from /opt/airflow/dags/dag_local_fallback.py
[2025-06-27T08:27:36.846+0000] {logging_mixin.py:188} INFO - Successfully imported request_data
[2025-06-27T08:27:36.861+0000] {processor.py:840} INFO - DAG(s) 'spark_processing_pipeline_local' retrieved from /opt/airflow/dags/dag_local_fallback.py
[2025-06-27T08:27:36.934+0000] {logging_mixin.py:188} INFO - [2025-06-27T08:27:36.934+0000] {dag.py:3089} INFO - Sync 1 DAGs
[2025-06-27T08:27:36.961+0000] {logging_mixin.py:188} INFO - [2025-06-27T08:27:36.961+0000] {dag.py:3947} INFO - Setting next_dagrun for spark_processing_pipeline_local to 2025-06-26 00:08:00+00:00, run_after=2025-06-27 00:08:00+00:00
[2025-06-27T08:27:37.004+0000] {processor.py:183} INFO - Processing /opt/airflow/dags/dag_local_fallback.py took 0.215 seconds
[2025-06-27T08:28:08.386+0000] {processor.py:161} INFO - Started process (PID=3486) to work on /opt/airflow/dags/dag_local_fallback.py
[2025-06-27T08:28:08.388+0000] {processor.py:830} INFO - Processing file /opt/airflow/dags/dag_local_fallback.py for tasks to queue
[2025-06-27T08:28:08.390+0000] {logging_mixin.py:188} INFO - [2025-06-27T08:28:08.390+0000] {dagbag.py:545} INFO - Filling up the DagBag from /opt/airflow/dags/dag_local_fallback.py
[2025-06-27T08:28:08.431+0000] {logging_mixin.py:188} INFO - Successfully imported request_data
[2025-06-27T08:28:08.445+0000] {processor.py:840} INFO - DAG(s) 'spark_processing_pipeline_local' retrieved from /opt/airflow/dags/dag_local_fallback.py
[2025-06-27T08:28:08.552+0000] {logging_mixin.py:188} INFO - [2025-06-27T08:28:08.551+0000] {dag.py:3089} INFO - Sync 1 DAGs
[2025-06-27T08:28:08.602+0000] {logging_mixin.py:188} INFO - [2025-06-27T08:28:08.601+0000] {dag.py:3947} INFO - Setting next_dagrun for spark_processing_pipeline_local to 2025-06-26 00:08:00+00:00, run_after=2025-06-27 00:08:00+00:00
[2025-06-27T08:28:08.668+0000] {processor.py:183} INFO - Processing /opt/airflow/dags/dag_local_fallback.py took 0.290 seconds
[2025-06-27T08:28:40.084+0000] {processor.py:161} INFO - Started process (PID=3506) to work on /opt/airflow/dags/dag_local_fallback.py
[2025-06-27T08:28:40.086+0000] {processor.py:830} INFO - Processing file /opt/airflow/dags/dag_local_fallback.py for tasks to queue
[2025-06-27T08:28:40.090+0000] {logging_mixin.py:188} INFO - [2025-06-27T08:28:40.089+0000] {dagbag.py:545} INFO - Filling up the DagBag from /opt/airflow/dags/dag_local_fallback.py
[2025-06-27T08:28:40.135+0000] {logging_mixin.py:188} INFO - Successfully imported request_data
[2025-06-27T08:28:40.148+0000] {processor.py:840} INFO - DAG(s) 'spark_processing_pipeline_local' retrieved from /opt/airflow/dags/dag_local_fallback.py
[2025-06-27T08:28:40.220+0000] {logging_mixin.py:188} INFO - [2025-06-27T08:28:40.219+0000] {dag.py:3089} INFO - Sync 1 DAGs
[2025-06-27T08:28:40.250+0000] {logging_mixin.py:188} INFO - [2025-06-27T08:28:40.250+0000] {dag.py:3947} INFO - Setting next_dagrun for spark_processing_pipeline_local to 2025-06-26 00:08:00+00:00, run_after=2025-06-27 00:08:00+00:00
[2025-06-27T08:28:40.292+0000] {processor.py:183} INFO - Processing /opt/airflow/dags/dag_local_fallback.py took 0.216 seconds
[2025-06-27T08:29:11.643+0000] {processor.py:161} INFO - Started process (PID=3526) to work on /opt/airflow/dags/dag_local_fallback.py
[2025-06-27T08:29:11.645+0000] {processor.py:830} INFO - Processing file /opt/airflow/dags/dag_local_fallback.py for tasks to queue
[2025-06-27T08:29:11.648+0000] {logging_mixin.py:188} INFO - [2025-06-27T08:29:11.648+0000] {dagbag.py:545} INFO - Filling up the DagBag from /opt/airflow/dags/dag_local_fallback.py
[2025-06-27T08:29:11.693+0000] {logging_mixin.py:188} INFO - Successfully imported request_data
[2025-06-27T08:29:11.706+0000] {processor.py:840} INFO - DAG(s) 'spark_processing_pipeline_local' retrieved from /opt/airflow/dags/dag_local_fallback.py
[2025-06-27T08:29:11.775+0000] {logging_mixin.py:188} INFO - [2025-06-27T08:29:11.775+0000] {dag.py:3089} INFO - Sync 1 DAGs
[2025-06-27T08:29:11.802+0000] {logging_mixin.py:188} INFO - [2025-06-27T08:29:11.801+0000] {dag.py:3947} INFO - Setting next_dagrun for spark_processing_pipeline_local to 2025-06-26 00:08:00+00:00, run_after=2025-06-27 00:08:00+00:00
[2025-06-27T08:29:11.842+0000] {processor.py:183} INFO - Processing /opt/airflow/dags/dag_local_fallback.py took 0.209 seconds
