[2025-06-27T08:10:56.558+0000] {processor.py:161} INFO - Started process (PID=1360) to work on /opt/airflow/dags/dag_smart_fallback.py
[2025-06-27T08:10:56.560+0000] {processor.py:830} INFO - Processing file /opt/airflow/dags/dag_smart_fallback.py for tasks to queue
[2025-06-27T08:10:56.563+0000] {logging_mixin.py:188} INFO - [2025-06-27T08:10:56.562+0000] {dagbag.py:545} INFO - Filling up the DagBag from /opt/airflow/dags/dag_smart_fallback.py
[2025-06-27T08:10:56.620+0000] {logging_mixin.py:188} INFO - Successfully imported request_data
[2025-06-27T08:10:56.633+0000] {logging_mixin.py:188} WARNING - /home/airflow/.local/lib/python3.10/site-packages/airflow/models/baseoperator.py:485 RemovedInAirflow3Warning: provide_context is deprecated as of 2.0 and is no longer required
[2025-06-27T08:10:56.636+0000] {logging_mixin.py:188} WARNING - /home/airflow/.local/lib/python3.10/site-packages/airflow/providers/apache/spark/operators/spark_submit.py:137 RemovedInAirflow3Warning: none_failed_or_skipped Trigger Rule is deprecated. Please use `none_failed_min_one_success`.
[2025-06-27T08:10:56.645+0000] {processor.py:840} INFO - DAG(s) 'spark_processing_pipeline_smart' retrieved from /opt/airflow/dags/dag_smart_fallback.py
[2025-06-27T08:10:56.944+0000] {logging_mixin.py:188} INFO - [2025-06-27T08:10:56.943+0000] {override.py:1858} INFO - Created Permission View: can read on DAG:spark_processing_pipeline_smart
[2025-06-27T08:10:56.969+0000] {logging_mixin.py:188} INFO - [2025-06-27T08:10:56.969+0000] {override.py:1858} INFO - Created Permission View: can delete on DAG:spark_processing_pipeline_smart
[2025-06-27T08:10:56.993+0000] {logging_mixin.py:188} INFO - [2025-06-27T08:10:56.993+0000] {override.py:1858} INFO - Created Permission View: can edit on DAG:spark_processing_pipeline_smart
[2025-06-27T08:10:56.994+0000] {logging_mixin.py:188} INFO - [2025-06-27T08:10:56.994+0000] {dag.py:3089} INFO - Sync 1 DAGs
[2025-06-27T08:10:57.007+0000] {logging_mixin.py:188} INFO - [2025-06-27T08:10:57.007+0000] {dag.py:3111} INFO - Creating ORM DAG for spark_processing_pipeline_smart
[2025-06-27T08:10:57.024+0000] {logging_mixin.py:188} INFO - [2025-06-27T08:10:57.023+0000] {dag.py:3947} INFO - Setting next_dagrun for spark_processing_pipeline_smart to 2025-06-26 00:08:00+00:00, run_after=2025-06-27 00:08:00+00:00
[2025-06-27T08:10:57.083+0000] {processor.py:183} INFO - Processing /opt/airflow/dags/dag_smart_fallback.py took 0.534 seconds
[2025-06-27T08:11:27.195+0000] {processor.py:161} INFO - Started process (PID=1380) to work on /opt/airflow/dags/dag_smart_fallback.py
[2025-06-27T08:11:27.197+0000] {processor.py:830} INFO - Processing file /opt/airflow/dags/dag_smart_fallback.py for tasks to queue
[2025-06-27T08:11:27.201+0000] {logging_mixin.py:188} INFO - [2025-06-27T08:11:27.201+0000] {dagbag.py:545} INFO - Filling up the DagBag from /opt/airflow/dags/dag_smart_fallback.py
[2025-06-27T08:11:27.280+0000] {logging_mixin.py:188} INFO - Successfully imported request_data
[2025-06-27T08:11:27.291+0000] {logging_mixin.py:188} WARNING - /home/airflow/.local/lib/python3.10/site-packages/airflow/models/baseoperator.py:485 RemovedInAirflow3Warning: provide_context is deprecated as of 2.0 and is no longer required
[2025-06-27T08:11:27.296+0000] {logging_mixin.py:188} WARNING - /home/airflow/.local/lib/python3.10/site-packages/airflow/providers/apache/spark/operators/spark_submit.py:137 RemovedInAirflow3Warning: none_failed_or_skipped Trigger Rule is deprecated. Please use `none_failed_min_one_success`.
[2025-06-27T08:11:27.304+0000] {processor.py:840} INFO - DAG(s) 'spark_processing_pipeline_smart' retrieved from /opt/airflow/dags/dag_smart_fallback.py
[2025-06-27T08:11:27.377+0000] {logging_mixin.py:188} INFO - [2025-06-27T08:11:27.377+0000] {dag.py:3089} INFO - Sync 1 DAGs
[2025-06-27T08:11:27.402+0000] {logging_mixin.py:188} INFO - [2025-06-27T08:11:27.402+0000] {dag.py:3947} INFO - Setting next_dagrun for spark_processing_pipeline_smart to 2025-06-26 00:08:00+00:00, run_after=2025-06-27 00:08:00+00:00
[2025-06-27T08:11:27.450+0000] {processor.py:183} INFO - Processing /opt/airflow/dags/dag_smart_fallback.py took 0.266 seconds
[2025-06-27T08:11:57.873+0000] {processor.py:161} INFO - Started process (PID=1400) to work on /opt/airflow/dags/dag_smart_fallback.py
[2025-06-27T08:11:57.874+0000] {processor.py:830} INFO - Processing file /opt/airflow/dags/dag_smart_fallback.py for tasks to queue
[2025-06-27T08:11:57.878+0000] {logging_mixin.py:188} INFO - [2025-06-27T08:11:57.877+0000] {dagbag.py:545} INFO - Filling up the DagBag from /opt/airflow/dags/dag_smart_fallback.py
[2025-06-27T08:11:57.925+0000] {logging_mixin.py:188} INFO - Successfully imported request_data
[2025-06-27T08:11:57.933+0000] {logging_mixin.py:188} WARNING - /home/airflow/.local/lib/python3.10/site-packages/airflow/models/baseoperator.py:485 RemovedInAirflow3Warning: provide_context is deprecated as of 2.0 and is no longer required
[2025-06-27T08:11:57.936+0000] {logging_mixin.py:188} WARNING - /home/airflow/.local/lib/python3.10/site-packages/airflow/providers/apache/spark/operators/spark_submit.py:137 RemovedInAirflow3Warning: none_failed_or_skipped Trigger Rule is deprecated. Please use `none_failed_min_one_success`.
[2025-06-27T08:11:57.942+0000] {processor.py:840} INFO - DAG(s) 'spark_processing_pipeline_smart' retrieved from /opt/airflow/dags/dag_smart_fallback.py
[2025-06-27T08:11:58.076+0000] {logging_mixin.py:188} INFO - [2025-06-27T08:11:58.076+0000] {dag.py:3089} INFO - Sync 1 DAGs
[2025-06-27T08:11:58.115+0000] {logging_mixin.py:188} INFO - [2025-06-27T08:11:58.114+0000] {dag.py:3947} INFO - Setting next_dagrun for spark_processing_pipeline_smart to 2025-06-26 00:08:00+00:00, run_after=2025-06-27 00:08:00+00:00
[2025-06-27T08:11:58.176+0000] {processor.py:183} INFO - Processing /opt/airflow/dags/dag_smart_fallback.py took 0.310 seconds
[2025-06-27T08:12:28.654+0000] {processor.py:161} INFO - Started process (PID=1420) to work on /opt/airflow/dags/dag_smart_fallback.py
[2025-06-27T08:12:28.656+0000] {processor.py:830} INFO - Processing file /opt/airflow/dags/dag_smart_fallback.py for tasks to queue
[2025-06-27T08:12:28.660+0000] {logging_mixin.py:188} INFO - [2025-06-27T08:12:28.660+0000] {dagbag.py:545} INFO - Filling up the DagBag from /opt/airflow/dags/dag_smart_fallback.py
[2025-06-27T08:12:28.705+0000] {logging_mixin.py:188} INFO - Successfully imported request_data
[2025-06-27T08:12:28.713+0000] {logging_mixin.py:188} WARNING - /home/airflow/.local/lib/python3.10/site-packages/airflow/models/baseoperator.py:485 RemovedInAirflow3Warning: provide_context is deprecated as of 2.0 and is no longer required
[2025-06-27T08:12:28.716+0000] {logging_mixin.py:188} WARNING - /home/airflow/.local/lib/python3.10/site-packages/airflow/providers/apache/spark/operators/spark_submit.py:137 RemovedInAirflow3Warning: none_failed_or_skipped Trigger Rule is deprecated. Please use `none_failed_min_one_success`.
[2025-06-27T08:12:28.723+0000] {processor.py:840} INFO - DAG(s) 'spark_processing_pipeline_smart' retrieved from /opt/airflow/dags/dag_smart_fallback.py
[2025-06-27T08:12:28.801+0000] {logging_mixin.py:188} INFO - [2025-06-27T08:12:28.801+0000] {dag.py:3089} INFO - Sync 1 DAGs
[2025-06-27T08:12:28.828+0000] {logging_mixin.py:188} INFO - [2025-06-27T08:12:28.828+0000] {dag.py:3947} INFO - Setting next_dagrun for spark_processing_pipeline_smart to 2025-06-26 00:08:00+00:00, run_after=2025-06-27 00:08:00+00:00
[2025-06-27T08:12:28.871+0000] {processor.py:183} INFO - Processing /opt/airflow/dags/dag_smart_fallback.py took 0.225 seconds
[2025-06-27T08:12:59.229+0000] {processor.py:161} INFO - Started process (PID=1440) to work on /opt/airflow/dags/dag_smart_fallback.py
[2025-06-27T08:12:59.231+0000] {processor.py:830} INFO - Processing file /opt/airflow/dags/dag_smart_fallback.py for tasks to queue
[2025-06-27T08:12:59.234+0000] {logging_mixin.py:188} INFO - [2025-06-27T08:12:59.234+0000] {dagbag.py:545} INFO - Filling up the DagBag from /opt/airflow/dags/dag_smart_fallback.py
[2025-06-27T08:12:59.279+0000] {logging_mixin.py:188} INFO - Successfully imported request_data
[2025-06-27T08:12:59.287+0000] {logging_mixin.py:188} WARNING - /home/airflow/.local/lib/python3.10/site-packages/airflow/models/baseoperator.py:485 RemovedInAirflow3Warning: provide_context is deprecated as of 2.0 and is no longer required
[2025-06-27T08:12:59.290+0000] {logging_mixin.py:188} WARNING - /home/airflow/.local/lib/python3.10/site-packages/airflow/providers/apache/spark/operators/spark_submit.py:137 RemovedInAirflow3Warning: none_failed_or_skipped Trigger Rule is deprecated. Please use `none_failed_min_one_success`.
[2025-06-27T08:12:59.297+0000] {processor.py:840} INFO - DAG(s) 'spark_processing_pipeline_smart' retrieved from /opt/airflow/dags/dag_smart_fallback.py
[2025-06-27T08:12:59.366+0000] {logging_mixin.py:188} INFO - [2025-06-27T08:12:59.366+0000] {dag.py:3089} INFO - Sync 1 DAGs
[2025-06-27T08:12:59.392+0000] {logging_mixin.py:188} INFO - [2025-06-27T08:12:59.392+0000] {dag.py:3947} INFO - Setting next_dagrun for spark_processing_pipeline_smart to 2025-06-26 00:08:00+00:00, run_after=2025-06-27 00:08:00+00:00
[2025-06-27T08:12:59.434+0000] {processor.py:183} INFO - Processing /opt/airflow/dags/dag_smart_fallback.py took 0.213 seconds
[2025-06-27T08:13:04.544+0000] {processor.py:161} INFO - Started process (PID=1445) to work on /opt/airflow/dags/dag_smart_fallback.py
[2025-06-27T08:13:04.547+0000] {processor.py:830} INFO - Processing file /opt/airflow/dags/dag_smart_fallback.py for tasks to queue
[2025-06-27T08:13:04.551+0000] {logging_mixin.py:188} INFO - [2025-06-27T08:13:04.551+0000] {dagbag.py:545} INFO - Filling up the DagBag from /opt/airflow/dags/dag_smart_fallback.py
[2025-06-27T08:13:04.629+0000] {logging_mixin.py:188} INFO - Successfully imported request_data
[2025-06-27T08:13:04.640+0000] {logging_mixin.py:188} WARNING - /home/airflow/.local/lib/python3.10/site-packages/airflow/models/baseoperator.py:485 RemovedInAirflow3Warning: provide_context is deprecated as of 2.0 and is no longer required
[2025-06-27T08:13:04.644+0000] {logging_mixin.py:188} WARNING - /home/airflow/.local/lib/python3.10/site-packages/airflow/providers/apache/spark/operators/spark_submit.py:137 RemovedInAirflow3Warning: none_failed_or_skipped Trigger Rule is deprecated. Please use `none_failed_min_one_success`.
[2025-06-27T08:13:04.652+0000] {processor.py:840} INFO - DAG(s) 'spark_processing_pipeline_smart' retrieved from /opt/airflow/dags/dag_smart_fallback.py
[2025-06-27T08:13:04.728+0000] {logging_mixin.py:188} INFO - [2025-06-27T08:13:04.728+0000] {dag.py:3089} INFO - Sync 1 DAGs
[2025-06-27T08:13:04.759+0000] {logging_mixin.py:188} INFO - [2025-06-27T08:13:04.758+0000] {dag.py:3947} INFO - Setting next_dagrun for spark_processing_pipeline_smart to 2025-06-26 00:08:00+00:00, run_after=2025-06-27 00:08:00+00:00
[2025-06-27T08:13:04.809+0000] {processor.py:183} INFO - Processing /opt/airflow/dags/dag_smart_fallback.py took 0.280 seconds
[2025-06-27T08:13:35.861+0000] {processor.py:161} INFO - Started process (PID=1465) to work on /opt/airflow/dags/dag_smart_fallback.py
[2025-06-27T08:13:35.863+0000] {processor.py:830} INFO - Processing file /opt/airflow/dags/dag_smart_fallback.py for tasks to queue
[2025-06-27T08:13:35.867+0000] {logging_mixin.py:188} INFO - [2025-06-27T08:13:35.866+0000] {dagbag.py:545} INFO - Filling up the DagBag from /opt/airflow/dags/dag_smart_fallback.py
[2025-06-27T08:13:35.912+0000] {logging_mixin.py:188} INFO - Successfully imported request_data
[2025-06-27T08:13:35.922+0000] {logging_mixin.py:188} WARNING - /home/airflow/.local/lib/python3.10/site-packages/airflow/models/baseoperator.py:485 RemovedInAirflow3Warning: provide_context is deprecated as of 2.0 and is no longer required
[2025-06-27T08:13:35.925+0000] {logging_mixin.py:188} WARNING - /home/airflow/.local/lib/python3.10/site-packages/airflow/providers/apache/spark/operators/spark_submit.py:137 RemovedInAirflow3Warning: none_failed_or_skipped Trigger Rule is deprecated. Please use `none_failed_min_one_success`.
[2025-06-27T08:13:35.933+0000] {processor.py:840} INFO - DAG(s) 'spark_processing_pipeline_smart' retrieved from /opt/airflow/dags/dag_smart_fallback.py
[2025-06-27T08:13:36.003+0000] {logging_mixin.py:188} INFO - [2025-06-27T08:13:36.002+0000] {dag.py:3089} INFO - Sync 1 DAGs
[2025-06-27T08:13:36.029+0000] {logging_mixin.py:188} INFO - [2025-06-27T08:13:36.028+0000] {dag.py:3947} INFO - Setting next_dagrun for spark_processing_pipeline_smart to 2025-06-26 00:08:00+00:00, run_after=2025-06-27 00:08:00+00:00
[2025-06-27T08:13:36.070+0000] {processor.py:183} INFO - Processing /opt/airflow/dags/dag_smart_fallback.py took 0.221 seconds
[2025-06-27T08:14:06.384+0000] {processor.py:161} INFO - Started process (PID=1485) to work on /opt/airflow/dags/dag_smart_fallback.py
[2025-06-27T08:14:06.386+0000] {processor.py:830} INFO - Processing file /opt/airflow/dags/dag_smart_fallback.py for tasks to queue
[2025-06-27T08:14:06.390+0000] {logging_mixin.py:188} INFO - [2025-06-27T08:14:06.390+0000] {dagbag.py:545} INFO - Filling up the DagBag from /opt/airflow/dags/dag_smart_fallback.py
[2025-06-27T08:14:06.434+0000] {logging_mixin.py:188} INFO - Successfully imported request_data
[2025-06-27T08:14:06.445+0000] {logging_mixin.py:188} WARNING - /home/airflow/.local/lib/python3.10/site-packages/airflow/models/baseoperator.py:485 RemovedInAirflow3Warning: provide_context is deprecated as of 2.0 and is no longer required
[2025-06-27T08:14:06.447+0000] {logging_mixin.py:188} WARNING - /home/airflow/.local/lib/python3.10/site-packages/airflow/providers/apache/spark/operators/spark_submit.py:137 RemovedInAirflow3Warning: none_failed_or_skipped Trigger Rule is deprecated. Please use `none_failed_min_one_success`.
[2025-06-27T08:14:06.455+0000] {processor.py:840} INFO - DAG(s) 'spark_processing_pipeline_smart' retrieved from /opt/airflow/dags/dag_smart_fallback.py
[2025-06-27T08:14:06.539+0000] {logging_mixin.py:188} INFO - [2025-06-27T08:14:06.539+0000] {dag.py:3089} INFO - Sync 1 DAGs
[2025-06-27T08:14:06.587+0000] {logging_mixin.py:188} INFO - [2025-06-27T08:14:06.586+0000] {dag.py:3947} INFO - Setting next_dagrun for spark_processing_pipeline_smart to 2025-06-26 00:08:00+00:00, run_after=2025-06-27 00:08:00+00:00
[2025-06-27T08:14:06.634+0000] {processor.py:183} INFO - Processing /opt/airflow/dags/dag_smart_fallback.py took 0.260 seconds
[2025-06-27T08:14:37.116+0000] {processor.py:161} INFO - Started process (PID=1671) to work on /opt/airflow/dags/dag_smart_fallback.py
[2025-06-27T08:14:37.117+0000] {processor.py:830} INFO - Processing file /opt/airflow/dags/dag_smart_fallback.py for tasks to queue
[2025-06-27T08:14:37.121+0000] {logging_mixin.py:188} INFO - [2025-06-27T08:14:37.120+0000] {dagbag.py:545} INFO - Filling up the DagBag from /opt/airflow/dags/dag_smart_fallback.py
[2025-06-27T08:14:37.170+0000] {logging_mixin.py:188} INFO - Successfully imported request_data
[2025-06-27T08:14:37.179+0000] {logging_mixin.py:188} WARNING - /home/airflow/.local/lib/python3.10/site-packages/airflow/models/baseoperator.py:485 RemovedInAirflow3Warning: provide_context is deprecated as of 2.0 and is no longer required
[2025-06-27T08:14:37.182+0000] {logging_mixin.py:188} WARNING - /home/airflow/.local/lib/python3.10/site-packages/airflow/providers/apache/spark/operators/spark_submit.py:137 RemovedInAirflow3Warning: none_failed_or_skipped Trigger Rule is deprecated. Please use `none_failed_min_one_success`.
[2025-06-27T08:14:37.190+0000] {processor.py:840} INFO - DAG(s) 'spark_processing_pipeline_smart' retrieved from /opt/airflow/dags/dag_smart_fallback.py
[2025-06-27T08:14:37.267+0000] {logging_mixin.py:188} INFO - [2025-06-27T08:14:37.266+0000] {dag.py:3089} INFO - Sync 1 DAGs
[2025-06-27T08:14:37.299+0000] {logging_mixin.py:188} INFO - [2025-06-27T08:14:37.299+0000] {dag.py:3947} INFO - Setting next_dagrun for spark_processing_pipeline_smart to 2025-06-26 00:08:00+00:00, run_after=2025-06-27 00:08:00+00:00
[2025-06-27T08:14:37.368+0000] {processor.py:183} INFO - Processing /opt/airflow/dags/dag_smart_fallback.py took 0.261 seconds
[2025-06-27T08:15:07.739+0000] {processor.py:161} INFO - Started process (PID=1691) to work on /opt/airflow/dags/dag_smart_fallback.py
[2025-06-27T08:15:07.741+0000] {processor.py:830} INFO - Processing file /opt/airflow/dags/dag_smart_fallback.py for tasks to queue
[2025-06-27T08:15:07.743+0000] {logging_mixin.py:188} INFO - [2025-06-27T08:15:07.743+0000] {dagbag.py:545} INFO - Filling up the DagBag from /opt/airflow/dags/dag_smart_fallback.py
[2025-06-27T08:15:07.786+0000] {logging_mixin.py:188} INFO - Successfully imported request_data
[2025-06-27T08:15:07.794+0000] {logging_mixin.py:188} WARNING - /home/airflow/.local/lib/python3.10/site-packages/airflow/models/baseoperator.py:485 RemovedInAirflow3Warning: provide_context is deprecated as of 2.0 and is no longer required
[2025-06-27T08:15:07.796+0000] {logging_mixin.py:188} WARNING - /home/airflow/.local/lib/python3.10/site-packages/airflow/providers/apache/spark/operators/spark_submit.py:137 RemovedInAirflow3Warning: none_failed_or_skipped Trigger Rule is deprecated. Please use `none_failed_min_one_success`.
[2025-06-27T08:15:07.803+0000] {processor.py:840} INFO - DAG(s) 'spark_processing_pipeline_smart' retrieved from /opt/airflow/dags/dag_smart_fallback.py
[2025-06-27T08:15:07.877+0000] {logging_mixin.py:188} INFO - [2025-06-27T08:15:07.877+0000] {dag.py:3089} INFO - Sync 1 DAGs
[2025-06-27T08:15:07.904+0000] {logging_mixin.py:188} INFO - [2025-06-27T08:15:07.904+0000] {dag.py:3947} INFO - Setting next_dagrun for spark_processing_pipeline_smart to 2025-06-26 00:08:00+00:00, run_after=2025-06-27 00:08:00+00:00
[2025-06-27T08:15:07.952+0000] {processor.py:183} INFO - Processing /opt/airflow/dags/dag_smart_fallback.py took 0.222 seconds
[2025-06-27T08:15:38.438+0000] {processor.py:161} INFO - Started process (PID=1711) to work on /opt/airflow/dags/dag_smart_fallback.py
[2025-06-27T08:15:38.439+0000] {processor.py:830} INFO - Processing file /opt/airflow/dags/dag_smart_fallback.py for tasks to queue
[2025-06-27T08:15:38.442+0000] {logging_mixin.py:188} INFO - [2025-06-27T08:15:38.442+0000] {dagbag.py:545} INFO - Filling up the DagBag from /opt/airflow/dags/dag_smart_fallback.py
[2025-06-27T08:15:38.485+0000] {logging_mixin.py:188} INFO - Successfully imported request_data
[2025-06-27T08:15:38.500+0000] {logging_mixin.py:188} WARNING - /home/airflow/.local/lib/python3.10/site-packages/airflow/models/baseoperator.py:485 RemovedInAirflow3Warning: provide_context is deprecated as of 2.0 and is no longer required
[2025-06-27T08:15:38.503+0000] {logging_mixin.py:188} WARNING - /home/airflow/.local/lib/python3.10/site-packages/airflow/providers/apache/spark/operators/spark_submit.py:137 RemovedInAirflow3Warning: none_failed_or_skipped Trigger Rule is deprecated. Please use `none_failed_min_one_success`.
[2025-06-27T08:15:38.511+0000] {processor.py:840} INFO - DAG(s) 'spark_processing_pipeline_smart' retrieved from /opt/airflow/dags/dag_smart_fallback.py
[2025-06-27T08:15:38.587+0000] {logging_mixin.py:188} INFO - [2025-06-27T08:15:38.587+0000] {dag.py:3089} INFO - Sync 1 DAGs
[2025-06-27T08:15:38.617+0000] {logging_mixin.py:188} INFO - [2025-06-27T08:15:38.617+0000] {dag.py:3947} INFO - Setting next_dagrun for spark_processing_pipeline_smart to 2025-06-26 00:08:00+00:00, run_after=2025-06-27 00:08:00+00:00
[2025-06-27T08:15:38.663+0000] {processor.py:183} INFO - Processing /opt/airflow/dags/dag_smart_fallback.py took 0.233 seconds
[2025-06-27T08:16:08.982+0000] {processor.py:161} INFO - Started process (PID=1731) to work on /opt/airflow/dags/dag_smart_fallback.py
[2025-06-27T08:16:08.984+0000] {processor.py:830} INFO - Processing file /opt/airflow/dags/dag_smart_fallback.py for tasks to queue
[2025-06-27T08:16:08.987+0000] {logging_mixin.py:188} INFO - [2025-06-27T08:16:08.986+0000] {dagbag.py:545} INFO - Filling up the DagBag from /opt/airflow/dags/dag_smart_fallback.py
[2025-06-27T08:16:09.033+0000] {logging_mixin.py:188} INFO - Successfully imported request_data
[2025-06-27T08:16:09.043+0000] {logging_mixin.py:188} WARNING - /home/airflow/.local/lib/python3.10/site-packages/airflow/models/baseoperator.py:485 RemovedInAirflow3Warning: provide_context is deprecated as of 2.0 and is no longer required
[2025-06-27T08:16:09.045+0000] {logging_mixin.py:188} WARNING - /home/airflow/.local/lib/python3.10/site-packages/airflow/providers/apache/spark/operators/spark_submit.py:137 RemovedInAirflow3Warning: none_failed_or_skipped Trigger Rule is deprecated. Please use `none_failed_min_one_success`.
[2025-06-27T08:16:09.054+0000] {processor.py:840} INFO - DAG(s) 'spark_processing_pipeline_smart' retrieved from /opt/airflow/dags/dag_smart_fallback.py
[2025-06-27T08:16:09.131+0000] {logging_mixin.py:188} INFO - [2025-06-27T08:16:09.131+0000] {dag.py:3089} INFO - Sync 1 DAGs
[2025-06-27T08:16:09.162+0000] {logging_mixin.py:188} INFO - [2025-06-27T08:16:09.161+0000] {dag.py:3947} INFO - Setting next_dagrun for spark_processing_pipeline_smart to 2025-06-26 00:08:00+00:00, run_after=2025-06-27 00:08:00+00:00
[2025-06-27T08:16:09.207+0000] {processor.py:183} INFO - Processing /opt/airflow/dags/dag_smart_fallback.py took 0.234 seconds
[2025-06-27T08:16:39.563+0000] {processor.py:161} INFO - Started process (PID=1756) to work on /opt/airflow/dags/dag_smart_fallback.py
[2025-06-27T08:16:39.565+0000] {processor.py:830} INFO - Processing file /opt/airflow/dags/dag_smart_fallback.py for tasks to queue
[2025-06-27T08:16:39.568+0000] {logging_mixin.py:188} INFO - [2025-06-27T08:16:39.567+0000] {dagbag.py:545} INFO - Filling up the DagBag from /opt/airflow/dags/dag_smart_fallback.py
[2025-06-27T08:16:39.618+0000] {logging_mixin.py:188} INFO - Successfully imported request_data
[2025-06-27T08:16:39.625+0000] {logging_mixin.py:188} WARNING - /home/airflow/.local/lib/python3.10/site-packages/airflow/models/baseoperator.py:485 RemovedInAirflow3Warning: provide_context is deprecated as of 2.0 and is no longer required
[2025-06-27T08:16:39.628+0000] {logging_mixin.py:188} WARNING - /home/airflow/.local/lib/python3.10/site-packages/airflow/providers/apache/spark/operators/spark_submit.py:137 RemovedInAirflow3Warning: none_failed_or_skipped Trigger Rule is deprecated. Please use `none_failed_min_one_success`.
[2025-06-27T08:16:39.634+0000] {processor.py:840} INFO - DAG(s) 'spark_processing_pipeline_smart' retrieved from /opt/airflow/dags/dag_smart_fallback.py
[2025-06-27T08:16:39.708+0000] {logging_mixin.py:188} INFO - [2025-06-27T08:16:39.708+0000] {dag.py:3089} INFO - Sync 1 DAGs
[2025-06-27T08:16:39.738+0000] {logging_mixin.py:188} INFO - [2025-06-27T08:16:39.738+0000] {dag.py:3947} INFO - Setting next_dagrun for spark_processing_pipeline_smart to 2025-06-26 00:08:00+00:00, run_after=2025-06-27 00:08:00+00:00
[2025-06-27T08:16:39.780+0000] {processor.py:183} INFO - Processing /opt/airflow/dags/dag_smart_fallback.py took 0.225 seconds
[2025-06-27T08:17:09.897+0000] {processor.py:161} INFO - Started process (PID=1774) to work on /opt/airflow/dags/dag_smart_fallback.py
[2025-06-27T08:17:09.900+0000] {processor.py:830} INFO - Processing file /opt/airflow/dags/dag_smart_fallback.py for tasks to queue
[2025-06-27T08:17:09.904+0000] {logging_mixin.py:188} INFO - [2025-06-27T08:17:09.903+0000] {dagbag.py:545} INFO - Filling up the DagBag from /opt/airflow/dags/dag_smart_fallback.py
[2025-06-27T08:17:09.966+0000] {logging_mixin.py:188} INFO - Successfully imported request_data
[2025-06-27T08:17:09.978+0000] {logging_mixin.py:188} WARNING - /home/airflow/.local/lib/python3.10/site-packages/airflow/models/baseoperator.py:485 RemovedInAirflow3Warning: provide_context is deprecated as of 2.0 and is no longer required
[2025-06-27T08:17:09.981+0000] {logging_mixin.py:188} WARNING - /home/airflow/.local/lib/python3.10/site-packages/airflow/providers/apache/spark/operators/spark_submit.py:137 RemovedInAirflow3Warning: none_failed_or_skipped Trigger Rule is deprecated. Please use `none_failed_min_one_success`.
[2025-06-27T08:17:09.991+0000] {processor.py:840} INFO - DAG(s) 'spark_processing_pipeline_smart' retrieved from /opt/airflow/dags/dag_smart_fallback.py
[2025-06-27T08:17:10.079+0000] {logging_mixin.py:188} INFO - [2025-06-27T08:17:10.079+0000] {dag.py:3089} INFO - Sync 1 DAGs
[2025-06-27T08:17:10.111+0000] {logging_mixin.py:188} INFO - [2025-06-27T08:17:10.111+0000] {dag.py:3947} INFO - Setting next_dagrun for spark_processing_pipeline_smart to 2025-06-26 00:08:00+00:00, run_after=2025-06-27 00:08:00+00:00
[2025-06-27T08:17:10.153+0000] {processor.py:183} INFO - Processing /opt/airflow/dags/dag_smart_fallback.py took 0.268 seconds
[2025-06-27T08:17:40.447+0000] {processor.py:161} INFO - Started process (PID=1791) to work on /opt/airflow/dags/dag_smart_fallback.py
[2025-06-27T08:17:40.448+0000] {processor.py:830} INFO - Processing file /opt/airflow/dags/dag_smart_fallback.py for tasks to queue
[2025-06-27T08:17:40.452+0000] {logging_mixin.py:188} INFO - [2025-06-27T08:17:40.451+0000] {dagbag.py:545} INFO - Filling up the DagBag from /opt/airflow/dags/dag_smart_fallback.py
[2025-06-27T08:17:40.495+0000] {logging_mixin.py:188} INFO - Successfully imported request_data
[2025-06-27T08:17:40.505+0000] {logging_mixin.py:188} WARNING - /home/airflow/.local/lib/python3.10/site-packages/airflow/models/baseoperator.py:485 RemovedInAirflow3Warning: provide_context is deprecated as of 2.0 and is no longer required
[2025-06-27T08:17:40.509+0000] {logging_mixin.py:188} WARNING - /home/airflow/.local/lib/python3.10/site-packages/airflow/providers/apache/spark/operators/spark_submit.py:137 RemovedInAirflow3Warning: none_failed_or_skipped Trigger Rule is deprecated. Please use `none_failed_min_one_success`.
[2025-06-27T08:17:40.516+0000] {processor.py:840} INFO - DAG(s) 'spark_processing_pipeline_smart' retrieved from /opt/airflow/dags/dag_smart_fallback.py
[2025-06-27T08:17:40.591+0000] {logging_mixin.py:188} INFO - [2025-06-27T08:17:40.591+0000] {dag.py:3089} INFO - Sync 1 DAGs
[2025-06-27T08:17:40.622+0000] {logging_mixin.py:188} INFO - [2025-06-27T08:17:40.621+0000] {dag.py:3947} INFO - Setting next_dagrun for spark_processing_pipeline_smart to 2025-06-26 00:08:00+00:00, run_after=2025-06-27 00:08:00+00:00
[2025-06-27T08:17:40.668+0000] {processor.py:183} INFO - Processing /opt/airflow/dags/dag_smart_fallback.py took 0.232 seconds
[2025-06-27T08:18:10.781+0000] {processor.py:161} INFO - Started process (PID=1811) to work on /opt/airflow/dags/dag_smart_fallback.py
[2025-06-27T08:18:10.784+0000] {processor.py:830} INFO - Processing file /opt/airflow/dags/dag_smart_fallback.py for tasks to queue
[2025-06-27T08:18:10.788+0000] {logging_mixin.py:188} INFO - [2025-06-27T08:18:10.787+0000] {dagbag.py:545} INFO - Filling up the DagBag from /opt/airflow/dags/dag_smart_fallback.py
[2025-06-27T08:18:10.836+0000] {logging_mixin.py:188} INFO - Successfully imported request_data
[2025-06-27T08:18:10.846+0000] {logging_mixin.py:188} WARNING - /home/airflow/.local/lib/python3.10/site-packages/airflow/models/baseoperator.py:485 RemovedInAirflow3Warning: provide_context is deprecated as of 2.0 and is no longer required
[2025-06-27T08:18:10.850+0000] {logging_mixin.py:188} WARNING - /home/airflow/.local/lib/python3.10/site-packages/airflow/providers/apache/spark/operators/spark_submit.py:137 RemovedInAirflow3Warning: none_failed_or_skipped Trigger Rule is deprecated. Please use `none_failed_min_one_success`.
[2025-06-27T08:18:10.858+0000] {processor.py:840} INFO - DAG(s) 'spark_processing_pipeline_smart' retrieved from /opt/airflow/dags/dag_smart_fallback.py
[2025-06-27T08:18:10.937+0000] {logging_mixin.py:188} INFO - [2025-06-27T08:18:10.936+0000] {dag.py:3089} INFO - Sync 1 DAGs
[2025-06-27T08:18:10.968+0000] {logging_mixin.py:188} INFO - [2025-06-27T08:18:10.968+0000] {dag.py:3947} INFO - Setting next_dagrun for spark_processing_pipeline_smart to 2025-06-26 00:08:00+00:00, run_after=2025-06-27 00:08:00+00:00
[2025-06-27T08:18:11.014+0000] {processor.py:183} INFO - Processing /opt/airflow/dags/dag_smart_fallback.py took 0.242 seconds
[2025-06-27T08:18:41.380+0000] {processor.py:161} INFO - Started process (PID=1831) to work on /opt/airflow/dags/dag_smart_fallback.py
[2025-06-27T08:18:41.382+0000] {processor.py:830} INFO - Processing file /opt/airflow/dags/dag_smart_fallback.py for tasks to queue
[2025-06-27T08:18:41.386+0000] {logging_mixin.py:188} INFO - [2025-06-27T08:18:41.385+0000] {dagbag.py:545} INFO - Filling up the DagBag from /opt/airflow/dags/dag_smart_fallback.py
[2025-06-27T08:18:41.430+0000] {logging_mixin.py:188} INFO - Successfully imported request_data
[2025-06-27T08:18:41.441+0000] {logging_mixin.py:188} WARNING - /home/airflow/.local/lib/python3.10/site-packages/airflow/models/baseoperator.py:485 RemovedInAirflow3Warning: provide_context is deprecated as of 2.0 and is no longer required
[2025-06-27T08:18:41.444+0000] {logging_mixin.py:188} WARNING - /home/airflow/.local/lib/python3.10/site-packages/airflow/providers/apache/spark/operators/spark_submit.py:137 RemovedInAirflow3Warning: none_failed_or_skipped Trigger Rule is deprecated. Please use `none_failed_min_one_success`.
[2025-06-27T08:18:41.452+0000] {processor.py:840} INFO - DAG(s) 'spark_processing_pipeline_smart' retrieved from /opt/airflow/dags/dag_smart_fallback.py
[2025-06-27T08:18:41.543+0000] {logging_mixin.py:188} INFO - [2025-06-27T08:18:41.543+0000] {dag.py:3089} INFO - Sync 1 DAGs
[2025-06-27T08:18:41.589+0000] {logging_mixin.py:188} INFO - [2025-06-27T08:18:41.588+0000] {dag.py:3947} INFO - Setting next_dagrun for spark_processing_pipeline_smart to 2025-06-26 00:08:00+00:00, run_after=2025-06-27 00:08:00+00:00
[2025-06-27T08:18:41.640+0000] {processor.py:183} INFO - Processing /opt/airflow/dags/dag_smart_fallback.py took 0.269 seconds
[2025-06-27T08:19:11.979+0000] {processor.py:161} INFO - Started process (PID=1851) to work on /opt/airflow/dags/dag_smart_fallback.py
[2025-06-27T08:19:11.980+0000] {processor.py:830} INFO - Processing file /opt/airflow/dags/dag_smart_fallback.py for tasks to queue
[2025-06-27T08:19:11.983+0000] {logging_mixin.py:188} INFO - [2025-06-27T08:19:11.983+0000] {dagbag.py:545} INFO - Filling up the DagBag from /opt/airflow/dags/dag_smart_fallback.py
[2025-06-27T08:19:12.026+0000] {logging_mixin.py:188} INFO - Successfully imported request_data
[2025-06-27T08:19:12.036+0000] {logging_mixin.py:188} WARNING - /home/airflow/.local/lib/python3.10/site-packages/airflow/models/baseoperator.py:485 RemovedInAirflow3Warning: provide_context is deprecated as of 2.0 and is no longer required
[2025-06-27T08:19:12.040+0000] {logging_mixin.py:188} WARNING - /home/airflow/.local/lib/python3.10/site-packages/airflow/providers/apache/spark/operators/spark_submit.py:137 RemovedInAirflow3Warning: none_failed_or_skipped Trigger Rule is deprecated. Please use `none_failed_min_one_success`.
[2025-06-27T08:19:12.047+0000] {processor.py:840} INFO - DAG(s) 'spark_processing_pipeline_smart' retrieved from /opt/airflow/dags/dag_smart_fallback.py
[2025-06-27T08:19:12.128+0000] {logging_mixin.py:188} INFO - [2025-06-27T08:19:12.128+0000] {dag.py:3089} INFO - Sync 1 DAGs
[2025-06-27T08:19:12.155+0000] {logging_mixin.py:188} INFO - [2025-06-27T08:19:12.155+0000] {dag.py:3947} INFO - Setting next_dagrun for spark_processing_pipeline_smart to 2025-06-26 00:08:00+00:00, run_after=2025-06-27 00:08:00+00:00
[2025-06-27T08:19:12.205+0000] {processor.py:183} INFO - Processing /opt/airflow/dags/dag_smart_fallback.py took 0.234 seconds
[2025-06-27T08:19:42.621+0000] {processor.py:161} INFO - Started process (PID=1871) to work on /opt/airflow/dags/dag_smart_fallback.py
[2025-06-27T08:19:42.624+0000] {processor.py:830} INFO - Processing file /opt/airflow/dags/dag_smart_fallback.py for tasks to queue
[2025-06-27T08:19:42.631+0000] {logging_mixin.py:188} INFO - [2025-06-27T08:19:42.629+0000] {dagbag.py:545} INFO - Filling up the DagBag from /opt/airflow/dags/dag_smart_fallback.py
[2025-06-27T08:19:42.725+0000] {logging_mixin.py:188} INFO - Successfully imported request_data
[2025-06-27T08:19:42.738+0000] {logging_mixin.py:188} WARNING - /home/airflow/.local/lib/python3.10/site-packages/airflow/models/baseoperator.py:485 RemovedInAirflow3Warning: provide_context is deprecated as of 2.0 and is no longer required
[2025-06-27T08:19:42.743+0000] {logging_mixin.py:188} WARNING - /home/airflow/.local/lib/python3.10/site-packages/airflow/providers/apache/spark/operators/spark_submit.py:137 RemovedInAirflow3Warning: none_failed_or_skipped Trigger Rule is deprecated. Please use `none_failed_min_one_success`.
[2025-06-27T08:19:42.753+0000] {processor.py:840} INFO - DAG(s) 'spark_processing_pipeline_smart' retrieved from /opt/airflow/dags/dag_smart_fallback.py
[2025-06-27T08:19:42.856+0000] {logging_mixin.py:188} INFO - [2025-06-27T08:19:42.856+0000] {dag.py:3089} INFO - Sync 1 DAGs
[2025-06-27T08:19:42.883+0000] {logging_mixin.py:188} INFO - [2025-06-27T08:19:42.883+0000] {dag.py:3947} INFO - Setting next_dagrun for spark_processing_pipeline_smart to 2025-06-26 00:08:00+00:00, run_after=2025-06-27 00:08:00+00:00
[2025-06-27T08:19:42.927+0000] {processor.py:183} INFO - Processing /opt/airflow/dags/dag_smart_fallback.py took 0.327 seconds
[2025-06-27T08:20:13.283+0000] {processor.py:161} INFO - Started process (PID=1891) to work on /opt/airflow/dags/dag_smart_fallback.py
[2025-06-27T08:20:13.285+0000] {processor.py:830} INFO - Processing file /opt/airflow/dags/dag_smart_fallback.py for tasks to queue
[2025-06-27T08:20:13.289+0000] {logging_mixin.py:188} INFO - [2025-06-27T08:20:13.288+0000] {dagbag.py:545} INFO - Filling up the DagBag from /opt/airflow/dags/dag_smart_fallback.py
[2025-06-27T08:20:13.336+0000] {logging_mixin.py:188} INFO - Successfully imported request_data
[2025-06-27T08:20:13.345+0000] {logging_mixin.py:188} WARNING - /home/airflow/.local/lib/python3.10/site-packages/airflow/models/baseoperator.py:485 RemovedInAirflow3Warning: provide_context is deprecated as of 2.0 and is no longer required
[2025-06-27T08:20:13.348+0000] {logging_mixin.py:188} WARNING - /home/airflow/.local/lib/python3.10/site-packages/airflow/providers/apache/spark/operators/spark_submit.py:137 RemovedInAirflow3Warning: none_failed_or_skipped Trigger Rule is deprecated. Please use `none_failed_min_one_success`.
[2025-06-27T08:20:13.354+0000] {processor.py:840} INFO - DAG(s) 'spark_processing_pipeline_smart' retrieved from /opt/airflow/dags/dag_smart_fallback.py
[2025-06-27T08:20:13.424+0000] {logging_mixin.py:188} INFO - [2025-06-27T08:20:13.424+0000] {dag.py:3089} INFO - Sync 1 DAGs
[2025-06-27T08:20:13.450+0000] {logging_mixin.py:188} INFO - [2025-06-27T08:20:13.449+0000] {dag.py:3947} INFO - Setting next_dagrun for spark_processing_pipeline_smart to 2025-06-26 00:08:00+00:00, run_after=2025-06-27 00:08:00+00:00
[2025-06-27T08:20:13.492+0000] {processor.py:183} INFO - Processing /opt/airflow/dags/dag_smart_fallback.py took 0.216 seconds
[2025-06-27T08:20:43.674+0000] {processor.py:161} INFO - Started process (PID=1903) to work on /opt/airflow/dags/dag_smart_fallback.py
[2025-06-27T08:20:43.676+0000] {processor.py:830} INFO - Processing file /opt/airflow/dags/dag_smart_fallback.py for tasks to queue
[2025-06-27T08:20:43.679+0000] {logging_mixin.py:188} INFO - [2025-06-27T08:20:43.679+0000] {dagbag.py:545} INFO - Filling up the DagBag from /opt/airflow/dags/dag_smart_fallback.py
[2025-06-27T08:20:43.724+0000] {logging_mixin.py:188} INFO - Successfully imported request_data
[2025-06-27T08:20:43.735+0000] {logging_mixin.py:188} WARNING - /home/airflow/.local/lib/python3.10/site-packages/airflow/models/baseoperator.py:485 RemovedInAirflow3Warning: provide_context is deprecated as of 2.0 and is no longer required
[2025-06-27T08:20:43.738+0000] {logging_mixin.py:188} WARNING - /home/airflow/.local/lib/python3.10/site-packages/airflow/providers/apache/spark/operators/spark_submit.py:137 RemovedInAirflow3Warning: none_failed_or_skipped Trigger Rule is deprecated. Please use `none_failed_min_one_success`.
[2025-06-27T08:20:43.745+0000] {processor.py:840} INFO - DAG(s) 'spark_processing_pipeline_smart' retrieved from /opt/airflow/dags/dag_smart_fallback.py
[2025-06-27T08:20:44.688+0000] {logging_mixin.py:188} INFO - [2025-06-27T08:20:44.688+0000] {dag.py:3089} INFO - Sync 1 DAGs
[2025-06-27T08:20:44.720+0000] {logging_mixin.py:188} INFO - [2025-06-27T08:20:44.720+0000] {dag.py:3947} INFO - Setting next_dagrun for spark_processing_pipeline_smart to 2025-06-26 00:08:00+00:00, run_after=2025-06-27 00:08:00+00:00
[2025-06-27T08:20:44.762+0000] {processor.py:183} INFO - Processing /opt/airflow/dags/dag_smart_fallback.py took 0.234 seconds
[2025-06-27T08:21:15.366+0000] {processor.py:161} INFO - Started process (PID=2304) to work on /opt/airflow/dags/dag_smart_fallback.py
[2025-06-27T08:21:15.368+0000] {processor.py:830} INFO - Processing file /opt/airflow/dags/dag_smart_fallback.py for tasks to queue
[2025-06-27T08:21:15.371+0000] {logging_mixin.py:188} INFO - [2025-06-27T08:21:15.371+0000] {dagbag.py:545} INFO - Filling up the DagBag from /opt/airflow/dags/dag_smart_fallback.py
[2025-06-27T08:21:15.419+0000] {logging_mixin.py:188} INFO - Successfully imported request_data
[2025-06-27T08:21:15.428+0000] {logging_mixin.py:188} WARNING - /home/airflow/.local/lib/python3.10/site-packages/airflow/models/baseoperator.py:485 RemovedInAirflow3Warning: provide_context is deprecated as of 2.0 and is no longer required
[2025-06-27T08:21:15.431+0000] {logging_mixin.py:188} WARNING - /home/airflow/.local/lib/python3.10/site-packages/airflow/providers/apache/spark/operators/spark_submit.py:137 RemovedInAirflow3Warning: none_failed_or_skipped Trigger Rule is deprecated. Please use `none_failed_min_one_success`.
[2025-06-27T08:21:15.438+0000] {processor.py:840} INFO - DAG(s) 'spark_processing_pipeline_smart' retrieved from /opt/airflow/dags/dag_smart_fallback.py
[2025-06-27T08:21:16.416+0000] {logging_mixin.py:188} INFO - [2025-06-27T08:21:16.416+0000] {dag.py:3089} INFO - Sync 1 DAGs
[2025-06-27T08:21:16.448+0000] {logging_mixin.py:188} INFO - [2025-06-27T08:21:16.448+0000] {dag.py:3947} INFO - Setting next_dagrun for spark_processing_pipeline_smart to 2025-06-26 00:08:00+00:00, run_after=2025-06-27 00:08:00+00:00
[2025-06-27T08:21:16.505+0000] {processor.py:183} INFO - Processing /opt/airflow/dags/dag_smart_fallback.py took 0.245 seconds
[2025-06-27T08:21:47.007+0000] {processor.py:161} INFO - Started process (PID=2578) to work on /opt/airflow/dags/dag_smart_fallback.py
[2025-06-27T08:21:47.009+0000] {processor.py:830} INFO - Processing file /opt/airflow/dags/dag_smart_fallback.py for tasks to queue
[2025-06-27T08:21:47.012+0000] {logging_mixin.py:188} INFO - [2025-06-27T08:21:47.012+0000] {dagbag.py:545} INFO - Filling up the DagBag from /opt/airflow/dags/dag_smart_fallback.py
[2025-06-27T08:21:47.056+0000] {logging_mixin.py:188} INFO - Successfully imported request_data
[2025-06-27T08:21:47.087+0000] {logging_mixin.py:188} WARNING - /home/airflow/.local/lib/python3.10/site-packages/airflow/models/baseoperator.py:485 RemovedInAirflow3Warning: provide_context is deprecated as of 2.0 and is no longer required
[2025-06-27T08:21:47.090+0000] {logging_mixin.py:188} WARNING - /home/airflow/.local/lib/python3.10/site-packages/airflow/providers/apache/spark/operators/spark_submit.py:137 RemovedInAirflow3Warning: none_failed_or_skipped Trigger Rule is deprecated. Please use `none_failed_min_one_success`.
[2025-06-27T08:21:47.112+0000] {processor.py:840} INFO - DAG(s) 'spark_processing_pipeline_smart' retrieved from /opt/airflow/dags/dag_smart_fallback.py
[2025-06-27T08:21:48.073+0000] {logging_mixin.py:188} INFO - [2025-06-27T08:21:48.073+0000] {dag.py:3089} INFO - Sync 1 DAGs
[2025-06-27T08:21:48.123+0000] {logging_mixin.py:188} INFO - [2025-06-27T08:21:48.122+0000] {dag.py:3947} INFO - Setting next_dagrun for spark_processing_pipeline_smart to 2025-06-26 00:08:00+00:00, run_after=2025-06-27 00:08:00+00:00
[2025-06-27T08:21:48.172+0000] {processor.py:183} INFO - Processing /opt/airflow/dags/dag_smart_fallback.py took 0.303 seconds
[2025-06-27T08:22:18.794+0000] {processor.py:161} INFO - Started process (PID=2904) to work on /opt/airflow/dags/dag_smart_fallback.py
[2025-06-27T08:22:18.796+0000] {processor.py:830} INFO - Processing file /opt/airflow/dags/dag_smart_fallback.py for tasks to queue
[2025-06-27T08:22:18.799+0000] {logging_mixin.py:188} INFO - [2025-06-27T08:22:18.799+0000] {dagbag.py:545} INFO - Filling up the DagBag from /opt/airflow/dags/dag_smart_fallback.py
[2025-06-27T08:22:19.715+0000] {logging_mixin.py:188} INFO - Successfully imported request_data
[2025-06-27T08:22:19.728+0000] {logging_mixin.py:188} WARNING - /home/airflow/.local/lib/python3.10/site-packages/airflow/models/baseoperator.py:485 RemovedInAirflow3Warning: provide_context is deprecated as of 2.0 and is no longer required
[2025-06-27T08:22:19.731+0000] {logging_mixin.py:188} WARNING - /home/airflow/.local/lib/python3.10/site-packages/airflow/providers/apache/spark/operators/spark_submit.py:137 RemovedInAirflow3Warning: none_failed_or_skipped Trigger Rule is deprecated. Please use `none_failed_min_one_success`.
[2025-06-27T08:22:19.739+0000] {processor.py:840} INFO - DAG(s) 'spark_processing_pipeline_smart' retrieved from /opt/airflow/dags/dag_smart_fallback.py
[2025-06-27T08:22:19.814+0000] {logging_mixin.py:188} INFO - [2025-06-27T08:22:19.813+0000] {dag.py:3089} INFO - Sync 1 DAGs
[2025-06-27T08:22:19.843+0000] {logging_mixin.py:188} INFO - [2025-06-27T08:22:19.843+0000] {dag.py:3947} INFO - Setting next_dagrun for spark_processing_pipeline_smart to 2025-06-26 00:08:00+00:00, run_after=2025-06-27 00:08:00+00:00
[2025-06-27T08:22:19.886+0000] {processor.py:183} INFO - Processing /opt/airflow/dags/dag_smart_fallback.py took 0.239 seconds
[2025-06-27T08:22:51.436+0000] {processor.py:161} INFO - Started process (PID=2924) to work on /opt/airflow/dags/dag_smart_fallback.py
[2025-06-27T08:22:51.438+0000] {processor.py:830} INFO - Processing file /opt/airflow/dags/dag_smart_fallback.py for tasks to queue
[2025-06-27T08:22:51.441+0000] {logging_mixin.py:188} INFO - [2025-06-27T08:22:51.440+0000] {dagbag.py:545} INFO - Filling up the DagBag from /opt/airflow/dags/dag_smart_fallback.py
[2025-06-27T08:22:51.487+0000] {logging_mixin.py:188} INFO - Successfully imported request_data
[2025-06-27T08:22:51.498+0000] {logging_mixin.py:188} WARNING - /home/airflow/.local/lib/python3.10/site-packages/airflow/models/baseoperator.py:485 RemovedInAirflow3Warning: provide_context is deprecated as of 2.0 and is no longer required
[2025-06-27T08:22:51.501+0000] {logging_mixin.py:188} WARNING - /home/airflow/.local/lib/python3.10/site-packages/airflow/providers/apache/spark/operators/spark_submit.py:137 RemovedInAirflow3Warning: none_failed_or_skipped Trigger Rule is deprecated. Please use `none_failed_min_one_success`.
[2025-06-27T08:22:51.508+0000] {processor.py:840} INFO - DAG(s) 'spark_processing_pipeline_smart' retrieved from /opt/airflow/dags/dag_smart_fallback.py
[2025-06-27T08:22:51.579+0000] {logging_mixin.py:188} INFO - [2025-06-27T08:22:51.578+0000] {dag.py:3089} INFO - Sync 1 DAGs
[2025-06-27T08:22:51.605+0000] {logging_mixin.py:188} INFO - [2025-06-27T08:22:51.605+0000] {dag.py:3947} INFO - Setting next_dagrun for spark_processing_pipeline_smart to 2025-06-26 00:08:00+00:00, run_after=2025-06-27 00:08:00+00:00
[2025-06-27T08:22:51.653+0000] {processor.py:183} INFO - Processing /opt/airflow/dags/dag_smart_fallback.py took 0.225 seconds
[2025-06-27T08:23:23.030+0000] {processor.py:161} INFO - Started process (PID=2944) to work on /opt/airflow/dags/dag_smart_fallback.py
[2025-06-27T08:23:23.033+0000] {processor.py:830} INFO - Processing file /opt/airflow/dags/dag_smart_fallback.py for tasks to queue
[2025-06-27T08:23:23.040+0000] {logging_mixin.py:188} INFO - [2025-06-27T08:23:23.039+0000] {dagbag.py:545} INFO - Filling up the DagBag from /opt/airflow/dags/dag_smart_fallback.py
[2025-06-27T08:23:23.106+0000] {logging_mixin.py:188} INFO - Successfully imported request_data
[2025-06-27T08:23:23.120+0000] {logging_mixin.py:188} WARNING - /home/airflow/.local/lib/python3.10/site-packages/airflow/models/baseoperator.py:485 RemovedInAirflow3Warning: provide_context is deprecated as of 2.0 and is no longer required
[2025-06-27T08:23:23.123+0000] {logging_mixin.py:188} WARNING - /home/airflow/.local/lib/python3.10/site-packages/airflow/providers/apache/spark/operators/spark_submit.py:137 RemovedInAirflow3Warning: none_failed_or_skipped Trigger Rule is deprecated. Please use `none_failed_min_one_success`.
[2025-06-27T08:23:23.133+0000] {processor.py:840} INFO - DAG(s) 'spark_processing_pipeline_smart' retrieved from /opt/airflow/dags/dag_smart_fallback.py
[2025-06-27T08:23:23.236+0000] {logging_mixin.py:188} INFO - [2025-06-27T08:23:23.235+0000] {dag.py:3089} INFO - Sync 1 DAGs
[2025-06-27T08:23:23.272+0000] {logging_mixin.py:188} INFO - [2025-06-27T08:23:23.272+0000] {dag.py:3947} INFO - Setting next_dagrun for spark_processing_pipeline_smart to 2025-06-26 00:08:00+00:00, run_after=2025-06-27 00:08:00+00:00
[2025-06-27T08:23:23.316+0000] {processor.py:183} INFO - Processing /opt/airflow/dags/dag_smart_fallback.py took 0.303 seconds
[2025-06-27T08:23:53.833+0000] {processor.py:161} INFO - Started process (PID=2964) to work on /opt/airflow/dags/dag_smart_fallback.py
[2025-06-27T08:23:53.835+0000] {processor.py:830} INFO - Processing file /opt/airflow/dags/dag_smart_fallback.py for tasks to queue
[2025-06-27T08:23:53.838+0000] {logging_mixin.py:188} INFO - [2025-06-27T08:23:53.837+0000] {dagbag.py:545} INFO - Filling up the DagBag from /opt/airflow/dags/dag_smart_fallback.py
[2025-06-27T08:23:54.734+0000] {logging_mixin.py:188} INFO - Successfully imported request_data
[2025-06-27T08:23:54.745+0000] {logging_mixin.py:188} WARNING - /home/airflow/.local/lib/python3.10/site-packages/airflow/models/baseoperator.py:485 RemovedInAirflow3Warning: provide_context is deprecated as of 2.0 and is no longer required
[2025-06-27T08:23:54.748+0000] {logging_mixin.py:188} WARNING - /home/airflow/.local/lib/python3.10/site-packages/airflow/providers/apache/spark/operators/spark_submit.py:137 RemovedInAirflow3Warning: none_failed_or_skipped Trigger Rule is deprecated. Please use `none_failed_min_one_success`.
[2025-06-27T08:23:54.757+0000] {processor.py:840} INFO - DAG(s) 'spark_processing_pipeline_smart' retrieved from /opt/airflow/dags/dag_smart_fallback.py
[2025-06-27T08:23:54.842+0000] {logging_mixin.py:188} INFO - [2025-06-27T08:23:54.841+0000] {dag.py:3089} INFO - Sync 1 DAGs
[2025-06-27T08:23:54.872+0000] {logging_mixin.py:188} INFO - [2025-06-27T08:23:54.872+0000] {dag.py:3947} INFO - Setting next_dagrun for spark_processing_pipeline_smart to 2025-06-26 00:08:00+00:00, run_after=2025-06-27 00:08:00+00:00
[2025-06-27T08:23:54.913+0000] {processor.py:183} INFO - Processing /opt/airflow/dags/dag_smart_fallback.py took 0.239 seconds
[2025-06-27T08:24:25.462+0000] {processor.py:161} INFO - Started process (PID=2984) to work on /opt/airflow/dags/dag_smart_fallback.py
[2025-06-27T08:24:25.464+0000] {processor.py:830} INFO - Processing file /opt/airflow/dags/dag_smart_fallback.py for tasks to queue
[2025-06-27T08:24:25.468+0000] {logging_mixin.py:188} INFO - [2025-06-27T08:24:25.467+0000] {dagbag.py:545} INFO - Filling up the DagBag from /opt/airflow/dags/dag_smart_fallback.py
[2025-06-27T08:24:26.381+0000] {logging_mixin.py:188} INFO - Successfully imported request_data
[2025-06-27T08:24:26.392+0000] {logging_mixin.py:188} WARNING - /home/airflow/.local/lib/python3.10/site-packages/airflow/models/baseoperator.py:485 RemovedInAirflow3Warning: provide_context is deprecated as of 2.0 and is no longer required
[2025-06-27T08:24:26.395+0000] {logging_mixin.py:188} WARNING - /home/airflow/.local/lib/python3.10/site-packages/airflow/providers/apache/spark/operators/spark_submit.py:137 RemovedInAirflow3Warning: none_failed_or_skipped Trigger Rule is deprecated. Please use `none_failed_min_one_success`.
[2025-06-27T08:24:26.402+0000] {processor.py:840} INFO - DAG(s) 'spark_processing_pipeline_smart' retrieved from /opt/airflow/dags/dag_smart_fallback.py
[2025-06-27T08:24:26.479+0000] {logging_mixin.py:188} INFO - [2025-06-27T08:24:26.479+0000] {dag.py:3089} INFO - Sync 1 DAGs
[2025-06-27T08:24:26.511+0000] {logging_mixin.py:188} INFO - [2025-06-27T08:24:26.510+0000] {dag.py:3947} INFO - Setting next_dagrun for spark_processing_pipeline_smart to 2025-06-26 00:08:00+00:00, run_after=2025-06-27 00:08:00+00:00
[2025-06-27T08:24:26.558+0000] {processor.py:183} INFO - Processing /opt/airflow/dags/dag_smart_fallback.py took 0.241 seconds
[2025-06-27T08:24:57.025+0000] {processor.py:161} INFO - Started process (PID=3004) to work on /opt/airflow/dags/dag_smart_fallback.py
[2025-06-27T08:24:57.027+0000] {processor.py:830} INFO - Processing file /opt/airflow/dags/dag_smart_fallback.py for tasks to queue
[2025-06-27T08:24:57.030+0000] {logging_mixin.py:188} INFO - [2025-06-27T08:24:57.029+0000] {dagbag.py:545} INFO - Filling up the DagBag from /opt/airflow/dags/dag_smart_fallback.py
[2025-06-27T08:24:57.074+0000] {logging_mixin.py:188} INFO - Successfully imported request_data
[2025-06-27T08:24:57.086+0000] {logging_mixin.py:188} WARNING - /home/airflow/.local/lib/python3.10/site-packages/airflow/models/baseoperator.py:485 RemovedInAirflow3Warning: provide_context is deprecated as of 2.0 and is no longer required
[2025-06-27T08:24:57.090+0000] {logging_mixin.py:188} WARNING - /home/airflow/.local/lib/python3.10/site-packages/airflow/providers/apache/spark/operators/spark_submit.py:137 RemovedInAirflow3Warning: none_failed_or_skipped Trigger Rule is deprecated. Please use `none_failed_min_one_success`.
[2025-06-27T08:24:57.098+0000] {processor.py:840} INFO - DAG(s) 'spark_processing_pipeline_smart' retrieved from /opt/airflow/dags/dag_smart_fallback.py
[2025-06-27T08:24:58.047+0000] {logging_mixin.py:188} INFO - [2025-06-27T08:24:58.047+0000] {dag.py:3089} INFO - Sync 1 DAGs
[2025-06-27T08:24:58.079+0000] {logging_mixin.py:188} INFO - [2025-06-27T08:24:58.079+0000] {dag.py:3947} INFO - Setting next_dagrun for spark_processing_pipeline_smart to 2025-06-26 00:08:00+00:00, run_after=2025-06-27 00:08:00+00:00
[2025-06-27T08:24:58.123+0000] {processor.py:183} INFO - Processing /opt/airflow/dags/dag_smart_fallback.py took 0.231 seconds
[2025-06-27T08:25:29.729+0000] {processor.py:161} INFO - Started process (PID=3024) to work on /opt/airflow/dags/dag_smart_fallback.py
[2025-06-27T08:25:29.730+0000] {processor.py:830} INFO - Processing file /opt/airflow/dags/dag_smart_fallback.py for tasks to queue
[2025-06-27T08:25:29.734+0000] {logging_mixin.py:188} INFO - [2025-06-27T08:25:29.733+0000] {dagbag.py:545} INFO - Filling up the DagBag from /opt/airflow/dags/dag_smart_fallback.py
[2025-06-27T08:25:29.782+0000] {logging_mixin.py:188} INFO - Successfully imported request_data
[2025-06-27T08:25:29.792+0000] {logging_mixin.py:188} WARNING - /home/airflow/.local/lib/python3.10/site-packages/airflow/models/baseoperator.py:485 RemovedInAirflow3Warning: provide_context is deprecated as of 2.0 and is no longer required
[2025-06-27T08:25:29.796+0000] {logging_mixin.py:188} WARNING - /home/airflow/.local/lib/python3.10/site-packages/airflow/providers/apache/spark/operators/spark_submit.py:137 RemovedInAirflow3Warning: none_failed_or_skipped Trigger Rule is deprecated. Please use `none_failed_min_one_success`.
[2025-06-27T08:25:29.804+0000] {processor.py:840} INFO - DAG(s) 'spark_processing_pipeline_smart' retrieved from /opt/airflow/dags/dag_smart_fallback.py
[2025-06-27T08:25:29.881+0000] {logging_mixin.py:188} INFO - [2025-06-27T08:25:29.881+0000] {dag.py:3089} INFO - Sync 1 DAGs
[2025-06-27T08:25:29.911+0000] {logging_mixin.py:188} INFO - [2025-06-27T08:25:29.911+0000] {dag.py:3947} INFO - Setting next_dagrun for spark_processing_pipeline_smart to 2025-06-26 00:08:00+00:00, run_after=2025-06-27 00:08:00+00:00
[2025-06-27T08:25:29.959+0000] {processor.py:183} INFO - Processing /opt/airflow/dags/dag_smart_fallback.py took 0.239 seconds
[2025-06-27T08:26:01.376+0000] {processor.py:161} INFO - Started process (PID=3044) to work on /opt/airflow/dags/dag_smart_fallback.py
[2025-06-27T08:26:01.377+0000] {processor.py:830} INFO - Processing file /opt/airflow/dags/dag_smart_fallback.py for tasks to queue
[2025-06-27T08:26:01.381+0000] {logging_mixin.py:188} INFO - [2025-06-27T08:26:01.380+0000] {dagbag.py:545} INFO - Filling up the DagBag from /opt/airflow/dags/dag_smart_fallback.py
[2025-06-27T08:26:01.429+0000] {logging_mixin.py:188} INFO - Successfully imported request_data
[2025-06-27T08:26:01.439+0000] {logging_mixin.py:188} WARNING - /home/airflow/.local/lib/python3.10/site-packages/airflow/models/baseoperator.py:485 RemovedInAirflow3Warning: provide_context is deprecated as of 2.0 and is no longer required
[2025-06-27T08:26:01.444+0000] {logging_mixin.py:188} WARNING - /home/airflow/.local/lib/python3.10/site-packages/airflow/providers/apache/spark/operators/spark_submit.py:137 RemovedInAirflow3Warning: none_failed_or_skipped Trigger Rule is deprecated. Please use `none_failed_min_one_success`.
[2025-06-27T08:26:01.452+0000] {processor.py:840} INFO - DAG(s) 'spark_processing_pipeline_smart' retrieved from /opt/airflow/dags/dag_smart_fallback.py
[2025-06-27T08:26:01.532+0000] {logging_mixin.py:188} INFO - [2025-06-27T08:26:01.531+0000] {dag.py:3089} INFO - Sync 1 DAGs
[2025-06-27T08:26:01.563+0000] {logging_mixin.py:188} INFO - [2025-06-27T08:26:01.562+0000] {dag.py:3947} INFO - Setting next_dagrun for spark_processing_pipeline_smart to 2025-06-26 00:08:00+00:00, run_after=2025-06-27 00:08:00+00:00
[2025-06-27T08:26:01.608+0000] {processor.py:183} INFO - Processing /opt/airflow/dags/dag_smart_fallback.py took 0.240 seconds
[2025-06-27T08:26:32.158+0000] {processor.py:161} INFO - Started process (PID=3064) to work on /opt/airflow/dags/dag_smart_fallback.py
[2025-06-27T08:26:32.159+0000] {processor.py:830} INFO - Processing file /opt/airflow/dags/dag_smart_fallback.py for tasks to queue
[2025-06-27T08:26:32.163+0000] {logging_mixin.py:188} INFO - [2025-06-27T08:26:32.162+0000] {dagbag.py:545} INFO - Filling up the DagBag from /opt/airflow/dags/dag_smart_fallback.py
[2025-06-27T08:26:33.089+0000] {logging_mixin.py:188} INFO - Successfully imported request_data
[2025-06-27T08:26:33.099+0000] {logging_mixin.py:188} WARNING - /home/airflow/.local/lib/python3.10/site-packages/airflow/models/baseoperator.py:485 RemovedInAirflow3Warning: provide_context is deprecated as of 2.0 and is no longer required
[2025-06-27T08:26:33.102+0000] {logging_mixin.py:188} WARNING - /home/airflow/.local/lib/python3.10/site-packages/airflow/providers/apache/spark/operators/spark_submit.py:137 RemovedInAirflow3Warning: none_failed_or_skipped Trigger Rule is deprecated. Please use `none_failed_min_one_success`.
[2025-06-27T08:26:33.110+0000] {processor.py:840} INFO - DAG(s) 'spark_processing_pipeline_smart' retrieved from /opt/airflow/dags/dag_smart_fallback.py
[2025-06-27T08:26:33.190+0000] {logging_mixin.py:188} INFO - [2025-06-27T08:26:33.189+0000] {dag.py:3089} INFO - Sync 1 DAGs
[2025-06-27T08:26:33.220+0000] {logging_mixin.py:188} INFO - [2025-06-27T08:26:33.219+0000] {dag.py:3947} INFO - Setting next_dagrun for spark_processing_pipeline_smart to 2025-06-26 00:08:00+00:00, run_after=2025-06-27 00:08:00+00:00
[2025-06-27T08:26:33.264+0000] {processor.py:183} INFO - Processing /opt/airflow/dags/dag_smart_fallback.py took 0.244 seconds
[2025-06-27T08:27:03.714+0000] {processor.py:161} INFO - Started process (PID=3084) to work on /opt/airflow/dags/dag_smart_fallback.py
[2025-06-27T08:27:03.716+0000] {processor.py:830} INFO - Processing file /opt/airflow/dags/dag_smart_fallback.py for tasks to queue
[2025-06-27T08:27:03.719+0000] {logging_mixin.py:188} INFO - [2025-06-27T08:27:03.718+0000] {dagbag.py:545} INFO - Filling up the DagBag from /opt/airflow/dags/dag_smart_fallback.py
[2025-06-27T08:27:03.765+0000] {logging_mixin.py:188} INFO - Successfully imported request_data
[2025-06-27T08:27:03.775+0000] {logging_mixin.py:188} WARNING - /home/airflow/.local/lib/python3.10/site-packages/airflow/models/baseoperator.py:485 RemovedInAirflow3Warning: provide_context is deprecated as of 2.0 and is no longer required
[2025-06-27T08:27:03.778+0000] {logging_mixin.py:188} WARNING - /home/airflow/.local/lib/python3.10/site-packages/airflow/providers/apache/spark/operators/spark_submit.py:137 RemovedInAirflow3Warning: none_failed_or_skipped Trigger Rule is deprecated. Please use `none_failed_min_one_success`.
[2025-06-27T08:27:03.786+0000] {processor.py:840} INFO - DAG(s) 'spark_processing_pipeline_smart' retrieved from /opt/airflow/dags/dag_smart_fallback.py
[2025-06-27T08:27:04.731+0000] {logging_mixin.py:188} INFO - [2025-06-27T08:27:04.731+0000] {dag.py:3089} INFO - Sync 1 DAGs
[2025-06-27T08:27:04.764+0000] {logging_mixin.py:188} INFO - [2025-06-27T08:27:04.764+0000] {dag.py:3947} INFO - Setting next_dagrun for spark_processing_pipeline_smart to 2025-06-26 00:08:00+00:00, run_after=2025-06-27 00:08:00+00:00
[2025-06-27T08:27:04.806+0000] {processor.py:183} INFO - Processing /opt/airflow/dags/dag_smart_fallback.py took 0.234 seconds
[2025-06-27T08:27:36.426+0000] {processor.py:161} INFO - Started process (PID=3341) to work on /opt/airflow/dags/dag_smart_fallback.py
[2025-06-27T08:27:36.428+0000] {processor.py:830} INFO - Processing file /opt/airflow/dags/dag_smart_fallback.py for tasks to queue
[2025-06-27T08:27:36.434+0000] {logging_mixin.py:188} INFO - [2025-06-27T08:27:36.433+0000] {dagbag.py:545} INFO - Filling up the DagBag from /opt/airflow/dags/dag_smart_fallback.py
[2025-06-27T08:27:36.495+0000] {logging_mixin.py:188} INFO - Successfully imported request_data
[2025-06-27T08:27:36.513+0000] {logging_mixin.py:188} WARNING - /home/airflow/.local/lib/python3.10/site-packages/airflow/models/baseoperator.py:485 RemovedInAirflow3Warning: provide_context is deprecated as of 2.0 and is no longer required
[2025-06-27T08:27:36.522+0000] {logging_mixin.py:188} WARNING - /home/airflow/.local/lib/python3.10/site-packages/airflow/providers/apache/spark/operators/spark_submit.py:137 RemovedInAirflow3Warning: none_failed_or_skipped Trigger Rule is deprecated. Please use `none_failed_min_one_success`.
[2025-06-27T08:27:36.535+0000] {processor.py:840} INFO - DAG(s) 'spark_processing_pipeline_smart' retrieved from /opt/airflow/dags/dag_smart_fallback.py
[2025-06-27T08:27:36.634+0000] {logging_mixin.py:188} INFO - [2025-06-27T08:27:36.634+0000] {dag.py:3089} INFO - Sync 1 DAGs
[2025-06-27T08:27:36.671+0000] {logging_mixin.py:188} INFO - [2025-06-27T08:27:36.670+0000] {dag.py:3947} INFO - Setting next_dagrun for spark_processing_pipeline_smart to 2025-06-26 00:08:00+00:00, run_after=2025-06-27 00:08:00+00:00
[2025-06-27T08:27:36.724+0000] {processor.py:183} INFO - Processing /opt/airflow/dags/dag_smart_fallback.py took 0.316 seconds
[2025-06-27T08:28:08.086+0000] {processor.py:161} INFO - Started process (PID=3476) to work on /opt/airflow/dags/dag_smart_fallback.py
[2025-06-27T08:28:08.088+0000] {processor.py:830} INFO - Processing file /opt/airflow/dags/dag_smart_fallback.py for tasks to queue
[2025-06-27T08:28:08.090+0000] {logging_mixin.py:188} INFO - [2025-06-27T08:28:08.090+0000] {dagbag.py:545} INFO - Filling up the DagBag from /opt/airflow/dags/dag_smart_fallback.py
[2025-06-27T08:28:08.137+0000] {logging_mixin.py:188} INFO - Successfully imported request_data
[2025-06-27T08:28:08.148+0000] {logging_mixin.py:188} WARNING - /home/airflow/.local/lib/python3.10/site-packages/airflow/models/baseoperator.py:485 RemovedInAirflow3Warning: provide_context is deprecated as of 2.0 and is no longer required
[2025-06-27T08:28:08.151+0000] {logging_mixin.py:188} WARNING - /home/airflow/.local/lib/python3.10/site-packages/airflow/providers/apache/spark/operators/spark_submit.py:137 RemovedInAirflow3Warning: none_failed_or_skipped Trigger Rule is deprecated. Please use `none_failed_min_one_success`.
[2025-06-27T08:28:08.159+0000] {processor.py:840} INFO - DAG(s) 'spark_processing_pipeline_smart' retrieved from /opt/airflow/dags/dag_smart_fallback.py
[2025-06-27T08:28:08.245+0000] {logging_mixin.py:188} INFO - [2025-06-27T08:28:08.244+0000] {dag.py:3089} INFO - Sync 1 DAGs
[2025-06-27T08:28:08.274+0000] {logging_mixin.py:188} INFO - [2025-06-27T08:28:08.274+0000] {dag.py:3947} INFO - Setting next_dagrun for spark_processing_pipeline_smart to 2025-06-26 00:08:00+00:00, run_after=2025-06-27 00:08:00+00:00
[2025-06-27T08:28:08.318+0000] {processor.py:183} INFO - Processing /opt/airflow/dags/dag_smart_fallback.py took 0.242 seconds
[2025-06-27T08:28:39.738+0000] {processor.py:161} INFO - Started process (PID=3496) to work on /opt/airflow/dags/dag_smart_fallback.py
[2025-06-27T08:28:39.741+0000] {processor.py:830} INFO - Processing file /opt/airflow/dags/dag_smart_fallback.py for tasks to queue
[2025-06-27T08:28:39.747+0000] {logging_mixin.py:188} INFO - [2025-06-27T08:28:39.745+0000] {dagbag.py:545} INFO - Filling up the DagBag from /opt/airflow/dags/dag_smart_fallback.py
[2025-06-27T08:28:39.836+0000] {logging_mixin.py:188} INFO - Successfully imported request_data
[2025-06-27T08:28:39.853+0000] {logging_mixin.py:188} WARNING - /home/airflow/.local/lib/python3.10/site-packages/airflow/models/baseoperator.py:485 RemovedInAirflow3Warning: provide_context is deprecated as of 2.0 and is no longer required
[2025-06-27T08:28:39.856+0000] {logging_mixin.py:188} WARNING - /home/airflow/.local/lib/python3.10/site-packages/airflow/providers/apache/spark/operators/spark_submit.py:137 RemovedInAirflow3Warning: none_failed_or_skipped Trigger Rule is deprecated. Please use `none_failed_min_one_success`.
[2025-06-27T08:28:39.865+0000] {processor.py:840} INFO - DAG(s) 'spark_processing_pipeline_smart' retrieved from /opt/airflow/dags/dag_smart_fallback.py
[2025-06-27T08:28:39.942+0000] {logging_mixin.py:188} INFO - [2025-06-27T08:28:39.942+0000] {dag.py:3089} INFO - Sync 1 DAGs
[2025-06-27T08:28:39.973+0000] {logging_mixin.py:188} INFO - [2025-06-27T08:28:39.973+0000] {dag.py:3947} INFO - Setting next_dagrun for spark_processing_pipeline_smart to 2025-06-26 00:08:00+00:00, run_after=2025-06-27 00:08:00+00:00
[2025-06-27T08:28:40.016+0000] {processor.py:183} INFO - Processing /opt/airflow/dags/dag_smart_fallback.py took 0.287 seconds
[2025-06-27T08:29:10.487+0000] {processor.py:161} INFO - Started process (PID=3516) to work on /opt/airflow/dags/dag_smart_fallback.py
[2025-06-27T08:29:10.488+0000] {processor.py:830} INFO - Processing file /opt/airflow/dags/dag_smart_fallback.py for tasks to queue
[2025-06-27T08:29:11.355+0000] {logging_mixin.py:188} INFO - [2025-06-27T08:29:11.355+0000] {dagbag.py:545} INFO - Filling up the DagBag from /opt/airflow/dags/dag_smart_fallback.py
[2025-06-27T08:29:11.400+0000] {logging_mixin.py:188} INFO - Successfully imported request_data
[2025-06-27T08:29:11.409+0000] {logging_mixin.py:188} WARNING - /home/airflow/.local/lib/python3.10/site-packages/airflow/models/baseoperator.py:485 RemovedInAirflow3Warning: provide_context is deprecated as of 2.0 and is no longer required
[2025-06-27T08:29:11.412+0000] {logging_mixin.py:188} WARNING - /home/airflow/.local/lib/python3.10/site-packages/airflow/providers/apache/spark/operators/spark_submit.py:137 RemovedInAirflow3Warning: none_failed_or_skipped Trigger Rule is deprecated. Please use `none_failed_min_one_success`.
[2025-06-27T08:29:11.420+0000] {processor.py:840} INFO - DAG(s) 'spark_processing_pipeline_smart' retrieved from /opt/airflow/dags/dag_smart_fallback.py
[2025-06-27T08:29:11.496+0000] {logging_mixin.py:188} INFO - [2025-06-27T08:29:11.496+0000] {dag.py:3089} INFO - Sync 1 DAGs
[2025-06-27T08:29:11.525+0000] {logging_mixin.py:188} INFO - [2025-06-27T08:29:11.525+0000] {dag.py:3947} INFO - Setting next_dagrun for spark_processing_pipeline_smart to 2025-06-26 00:08:00+00:00, run_after=2025-06-27 00:08:00+00:00
[2025-06-27T08:29:11.568+0000] {processor.py:183} INFO - Processing /opt/airflow/dags/dag_smart_fallback.py took 0.227 seconds
