[2025-06-27T04:33:20.040+0000] {local_task_job_runner.py:120} INFO - ::group::Pre task execution logs
[2025-06-27T04:33:20.096+0000] {taskinstance.py:2076} INFO - Dependencies all met for dep_context=non-requeueable deps ti=<TaskInstance: spark_processing_pipeline.Ingest_Data_From_API scheduled__2025-06-26T00:08:00+00:00 [queued]>
[2025-06-27T04:33:20.105+0000] {taskinstance.py:2076} INFO - Dependencies all met for dep_context=requeueable deps ti=<TaskInstance: spark_processing_pipeline.Ingest_Data_From_API scheduled__2025-06-26T00:08:00+00:00 [queued]>
[2025-06-27T04:33:20.106+0000] {taskinstance.py:2306} INFO - Starting attempt 1 of 2
[2025-06-27T04:33:20.145+0000] {taskinstance.py:2330} INFO - Executing <Task(PythonOperator): Ingest_Data_From_API> on 2025-06-26 00:08:00+00:00
[2025-06-27T04:33:20.150+0000] {standard_task_runner.py:64} INFO - Started process 209 to run task
[2025-06-27T04:33:20.153+0000] {standard_task_runner.py:90} INFO - Running: ['***', 'tasks', 'run', 'spark_processing_pipeline', 'Ingest_Data_From_API', 'scheduled__2025-06-26T00:08:00+00:00', '--job-id', '6', '--raw', '--subdir', 'DAGS_FOLDER/dag.py', '--cfg-path', '/tmp/tmpro184n20']
[2025-06-27T04:33:20.155+0000] {standard_task_runner.py:91} INFO - Job 6: Subtask Ingest_Data_From_API
[2025-06-27T04:33:20.897+0000] {task_command.py:426} INFO - Running <TaskInstance: spark_processing_pipeline.Ingest_Data_From_API scheduled__2025-06-26T00:08:00+00:00 [running]> on host 3b2681f5d151
[2025-06-27T04:33:21.504+0000] {taskinstance.py:2648} INFO - Exporting env vars: AIRFLOW_CTX_DAG_OWNER='***' AIRFLOW_CTX_DAG_ID='spark_processing_pipeline' AIRFLOW_CTX_TASK_ID='Ingest_Data_From_API' AIRFLOW_CTX_EXECUTION_DATE='2025-06-26T00:08:00+00:00' AIRFLOW_CTX_TRY_NUMBER='1' AIRFLOW_CTX_DAG_RUN_ID='scheduled__2025-06-26T00:08:00+00:00'
[2025-06-27T04:33:21.506+0000] {taskinstance.py:430} INFO - ::endgroup::
[2025-06-27T04:33:24.770+0000] {logging_mixin.py:188} INFO - ✅ Data saved to /opt/***/data/raw/raw.json
[2025-06-27T04:33:24.772+0000] {python.py:237} INFO - Done. Returned value was: Success: saved 195 records.
[2025-06-27T04:33:24.773+0000] {taskinstance.py:441} INFO - ::group::Post task execution logs
[2025-06-27T04:33:24.940+0000] {taskinstance.py:1206} INFO - Marking task as SUCCESS. dag_id=spark_processing_pipeline, task_id=Ingest_Data_From_API, run_id=scheduled__2025-06-26T00:08:00+00:00, execution_date=20250626T000800, start_date=20250627T043320, end_date=20250627T043324
[2025-06-27T04:33:25.021+0000] {local_task_job_runner.py:243} INFO - Task exited with return code 0
[2025-06-27T04:33:25.056+0000] {local_task_job_runner.py:222} INFO - ::endgroup::
[2025-06-27T06:50:48.813+0000] {local_task_job_runner.py:120} INFO - ::group::Pre task execution logs
[2025-06-27T06:50:48.982+0000] {taskinstance.py:2076} INFO - Dependencies all met for dep_context=non-requeueable deps ti=<TaskInstance: spark_processing_pipeline.Ingest_Data_From_API scheduled__2025-06-26T00:08:00+00:00 [queued]>
[2025-06-27T06:50:49.003+0000] {taskinstance.py:2076} INFO - Dependencies all met for dep_context=requeueable deps ti=<TaskInstance: spark_processing_pipeline.Ingest_Data_From_API scheduled__2025-06-26T00:08:00+00:00 [queued]>
[2025-06-27T06:50:49.004+0000] {taskinstance.py:2306} INFO - Starting attempt 1 of 2
[2025-06-27T06:50:49.040+0000] {taskinstance.py:2330} INFO - Executing <Task(PythonOperator): Ingest_Data_From_API> on 2025-06-26 00:08:00+00:00
[2025-06-27T06:50:49.055+0000] {standard_task_runner.py:64} INFO - Started process 231 to run task
[2025-06-27T06:50:49.132+0000] {standard_task_runner.py:90} INFO - Running: ['***', 'tasks', 'run', 'spark_processing_pipeline', 'Ingest_Data_From_API', 'scheduled__2025-06-26T00:08:00+00:00', '--job-id', '3', '--raw', '--subdir', 'DAGS_FOLDER/dag.py', '--cfg-path', '/tmp/tmpgqbv4qt8']
[2025-06-27T06:50:49.161+0000] {standard_task_runner.py:91} INFO - Job 3: Subtask Ingest_Data_From_API
[2025-06-27T06:50:49.610+0000] {logging_mixin.py:188} WARNING - /home/***/.local/lib/python3.10/site-packages/***/settings.py:195 DeprecationWarning: The sql_alchemy_conn option in [core] has been moved to the sql_alchemy_conn option in [database] - the old setting has been used, but please update your config.
[2025-06-27T06:50:49.820+0000] {task_command.py:426} INFO - Running <TaskInstance: spark_processing_pipeline.Ingest_Data_From_API scheduled__2025-06-26T00:08:00+00:00 [running]> on host 7037b04ca3e2
[2025-06-27T06:50:50.110+0000] {taskinstance.py:2648} INFO - Exporting env vars: AIRFLOW_CTX_DAG_OWNER='***' AIRFLOW_CTX_DAG_ID='spark_processing_pipeline' AIRFLOW_CTX_TASK_ID='Ingest_Data_From_API' AIRFLOW_CTX_EXECUTION_DATE='2025-06-26T00:08:00+00:00' AIRFLOW_CTX_TRY_NUMBER='1' AIRFLOW_CTX_DAG_RUN_ID='scheduled__2025-06-26T00:08:00+00:00'
[2025-06-27T06:50:50.112+0000] {taskinstance.py:430} INFO - ::endgroup::
[2025-06-27T06:50:54.945+0000] {logging_mixin.py:188} INFO - ✅ Data saved to /opt/***/data/raw/raw.json
[2025-06-27T06:50:54.949+0000] {python.py:237} INFO - Done. Returned value was: Success: saved 195 records.
[2025-06-27T06:50:54.950+0000] {taskinstance.py:441} INFO - ::group::Post task execution logs
[2025-06-27T06:50:55.042+0000] {taskinstance.py:1206} INFO - Marking task as SUCCESS. dag_id=spark_processing_pipeline, task_id=Ingest_Data_From_API, run_id=scheduled__2025-06-26T00:08:00+00:00, execution_date=20250626T000800, start_date=20250627T065048, end_date=20250627T065055
[2025-06-27T06:50:55.116+0000] {local_task_job_runner.py:243} INFO - Task exited with return code 0
[2025-06-27T06:50:55.175+0000] {taskinstance.py:3503} INFO - 1 downstream tasks scheduled from follow-on schedule check
[2025-06-27T06:50:55.186+0000] {local_task_job_runner.py:222} INFO - ::endgroup::
