[2025-06-27T08:08:44.403+0000] {local_task_job_runner.py:120} INFO - ::group::Pre task execution logs
[2025-06-27T08:08:44.571+0000] {taskinstance.py:2076} INFO - Dependencies all met for dep_context=non-requeueable deps ti=<TaskInstance: spark_processing_pipeline.Save_Data_To_MySQL manual__2025-06-27T08:01:51.404993+00:00 [queued]>
[2025-06-27T08:08:44.594+0000] {taskinstance.py:2076} INFO - Dependencies all met for dep_context=requeueable deps ti=<TaskInstance: spark_processing_pipeline.Save_Data_To_MySQL manual__2025-06-27T08:01:51.404993+00:00 [queued]>
[2025-06-27T08:08:44.595+0000] {taskinstance.py:2306} INFO - Starting attempt 1 of 2
[2025-06-27T08:08:44.633+0000] {taskinstance.py:2330} INFO - Executing <Task(SparkSubmitOperator): Save_Data_To_MySQL> on 2025-06-27 08:01:51.404993+00:00
[2025-06-27T08:08:44.644+0000] {standard_task_runner.py:64} INFO - Started process 1212 to run task
[2025-06-27T08:08:44.648+0000] {standard_task_runner.py:90} INFO - Running: ['***', 'tasks', 'run', 'spark_processing_pipeline', 'Save_Data_To_MySQL', 'manual__2025-06-27T08:01:51.404993+00:00', '--job-id', '28', '--raw', '--subdir', 'DAGS_FOLDER/dag.py', '--cfg-path', '/tmp/tmptm7kq2w9']
[2025-06-27T08:08:44.652+0000] {standard_task_runner.py:91} INFO - Job 28: Subtask Save_Data_To_MySQL
[2025-06-27T08:08:44.762+0000] {logging_mixin.py:188} WARNING - /home/***/.local/lib/python3.10/site-packages/***/settings.py:195 DeprecationWarning: The sql_alchemy_conn option in [core] has been moved to the sql_alchemy_conn option in [database] - the old setting has been used, but please update your config.
[2025-06-27T08:08:44.905+0000] {task_command.py:426} INFO - Running <TaskInstance: spark_processing_pipeline.Save_Data_To_MySQL manual__2025-06-27T08:01:51.404993+00:00 [running]> on host 3b4e24e60641
[2025-06-27T08:08:45.173+0000] {taskinstance.py:2648} INFO - Exporting env vars: AIRFLOW_CTX_DAG_OWNER='***' AIRFLOW_CTX_DAG_ID='spark_processing_pipeline' AIRFLOW_CTX_TASK_ID='Save_Data_To_MySQL' AIRFLOW_CTX_EXECUTION_DATE='2025-06-27T08:01:51.404993+00:00' AIRFLOW_CTX_TRY_NUMBER='1' AIRFLOW_CTX_DAG_RUN_ID='manual__2025-06-27T08:01:51.404993+00:00'
[2025-06-27T08:08:45.176+0000] {taskinstance.py:430} INFO - ::endgroup::
[2025-06-27T08:08:45.249+0000] {base.py:84} INFO - Using connection ID 'spark_default' for task execution.
[2025-06-27T08:08:45.252+0000] {spark_submit.py:401} INFO - Spark-Submit cmd: /home/***/.local/lib/python3.10/site-packages/pyspark/bin/spark-submit --master yarn --conf spark.master=yarn --conf spark.submit.deployMode=client --conf spark.yarn.appMasterEnv.YARN_CONF_DIR=/opt/hadoop/etc/hadoop --conf spark.yarn.appMasterEnv.HADOOP_CONF_DIR=/opt/hadoop/etc/hadoop --conf spark.executorEnv.YARN_CONF_DIR=/opt/hadoop/etc/hadoop --conf spark.executorEnv.HADOOP_CONF_DIR=/opt/hadoop/etc/hadoop --conf spark.yarn.queue=root.default --packages mysql:mysql-connector-java:8.0.28 --name arrow-spark --verbose --queue root.default /opt/***/include/scripts/save.py /opt/***/data/trusted countries
[2025-06-27T08:08:47.818+0000] {spark_submit.py:571} INFO - Using properties file: null
[2025-06-27T08:08:47.968+0000] {spark_submit.py:571} INFO - Parsed arguments:
[2025-06-27T08:08:47.969+0000] {spark_submit.py:571} INFO - master                  yarn
[2025-06-27T08:08:47.970+0000] {spark_submit.py:571} INFO - remote                  null
[2025-06-27T08:08:47.971+0000] {spark_submit.py:571} INFO - deployMode              client
[2025-06-27T08:08:47.972+0000] {spark_submit.py:571} INFO - executorMemory          null
[2025-06-27T08:08:47.973+0000] {spark_submit.py:571} INFO - executorCores           null
[2025-06-27T08:08:47.974+0000] {spark_submit.py:571} INFO - totalExecutorCores      null
[2025-06-27T08:08:47.975+0000] {spark_submit.py:571} INFO - propertiesFile          null
[2025-06-27T08:08:47.976+0000] {spark_submit.py:571} INFO - driverMemory            null
[2025-06-27T08:08:47.978+0000] {spark_submit.py:571} INFO - driverCores             null
[2025-06-27T08:08:47.979+0000] {spark_submit.py:571} INFO - driverExtraClassPath    null
[2025-06-27T08:08:47.980+0000] {spark_submit.py:571} INFO - driverExtraLibraryPath  null
[2025-06-27T08:08:47.981+0000] {spark_submit.py:571} INFO - driverExtraJavaOptions  null
[2025-06-27T08:08:47.982+0000] {spark_submit.py:571} INFO - supervise               false
[2025-06-27T08:08:47.983+0000] {spark_submit.py:571} INFO - queue                   root.default
[2025-06-27T08:08:47.984+0000] {spark_submit.py:571} INFO - numExecutors            null
[2025-06-27T08:08:47.985+0000] {spark_submit.py:571} INFO - files                   null
[2025-06-27T08:08:47.986+0000] {spark_submit.py:571} INFO - pyFiles                 null
[2025-06-27T08:08:47.988+0000] {spark_submit.py:571} INFO - archives                null
[2025-06-27T08:08:47.989+0000] {spark_submit.py:571} INFO - mainClass               null
[2025-06-27T08:08:47.990+0000] {spark_submit.py:571} INFO - primaryResource         file:/opt/***/include/scripts/save.py
[2025-06-27T08:08:47.990+0000] {spark_submit.py:571} INFO - name                    arrow-spark
[2025-06-27T08:08:47.991+0000] {spark_submit.py:571} INFO - childArgs               [/opt/***/data/trusted countries]
[2025-06-27T08:08:47.992+0000] {spark_submit.py:571} INFO - jars                    null
[2025-06-27T08:08:47.993+0000] {spark_submit.py:571} INFO - packages                mysql:mysql-connector-java:8.0.28
[2025-06-27T08:08:47.994+0000] {spark_submit.py:571} INFO - packagesExclusions      null
[2025-06-27T08:08:47.995+0000] {spark_submit.py:571} INFO - repositories            null
[2025-06-27T08:08:47.996+0000] {spark_submit.py:571} INFO - verbose                 true
[2025-06-27T08:08:47.997+0000] {spark_submit.py:571} INFO - 
[2025-06-27T08:08:47.998+0000] {spark_submit.py:571} INFO - Spark properties used, including those specified through
[2025-06-27T08:08:47.999+0000] {spark_submit.py:571} INFO - --conf and those from the properties file null:
[2025-06-27T08:08:48.000+0000] {spark_submit.py:571} INFO - (spark.executorEnv.HADOOP_CONF_DIR,/opt/hadoop/etc/hadoop)
[2025-06-27T08:08:48.001+0000] {spark_submit.py:571} INFO - (spark.executorEnv.YARN_CONF_DIR,/opt/hadoop/etc/hadoop)
[2025-06-27T08:08:48.002+0000] {spark_submit.py:571} INFO - (spark.master,yarn)
[2025-06-27T08:08:48.003+0000] {spark_submit.py:571} INFO - (spark.submit.deployMode,client)
[2025-06-27T08:08:48.004+0000] {spark_submit.py:571} INFO - (spark.yarn.appMasterEnv.HADOOP_CONF_DIR,/opt/hadoop/etc/hadoop)
[2025-06-27T08:08:48.005+0000] {spark_submit.py:571} INFO - (spark.yarn.appMasterEnv.YARN_CONF_DIR,/opt/hadoop/etc/hadoop)
[2025-06-27T08:08:48.005+0000] {spark_submit.py:571} INFO - (spark.yarn.queue,root.default)
[2025-06-27T08:08:48.006+0000] {spark_submit.py:571} INFO - 
[2025-06-27T08:08:48.007+0000] {spark_submit.py:571} INFO - 
[2025-06-27T08:08:48.175+0000] {spark_submit.py:571} INFO - :: loading settings :: url = jar:file:/home/***/.local/lib/python3.10/site-packages/pyspark/jars/ivy-2.5.1.jar!/org/apache/ivy/core/settings/ivysettings.xml
[2025-06-27T08:08:48.279+0000] {spark_submit.py:571} INFO - Ivy Default Cache set to: /home/***/.ivy2/cache
[2025-06-27T08:08:48.280+0000] {spark_submit.py:571} INFO - The jars for the packages stored in: /home/***/.ivy2/jars
[2025-06-27T08:08:48.286+0000] {spark_submit.py:571} INFO - mysql#mysql-connector-java added as a dependency
[2025-06-27T08:08:48.288+0000] {spark_submit.py:571} INFO - :: resolving dependencies :: org.apache.spark#spark-submit-parent-6877ca75-415e-4456-ba4b-c34a2dba51a0;1.0
[2025-06-27T08:08:48.289+0000] {spark_submit.py:571} INFO - confs: [default]
[2025-06-27T08:08:49.944+0000] {spark_submit.py:571} INFO - found mysql#mysql-connector-java;8.0.28 in central
[2025-06-27T08:08:53.002+0000] {spark_submit.py:571} INFO - found com.google.protobuf#protobuf-java;3.11.4 in central
[2025-06-27T08:08:53.249+0000] {spark_submit.py:571} INFO - downloading https://repo1.maven.org/maven2/mysql/mysql-connector-java/8.0.28/mysql-connector-java-8.0.28.jar ...
[2025-06-27T08:08:58.872+0000] {spark_submit.py:571} INFO - [SUCCESSFUL ] mysql#mysql-connector-java;8.0.28!mysql-connector-java.jar (5815ms)
[2025-06-27T08:08:59.071+0000] {spark_submit.py:571} INFO - downloading https://repo1.maven.org/maven2/com/google/protobuf/protobuf-java/3.11.4/protobuf-java-3.11.4.jar ...
[2025-06-27T08:09:08.144+0000] {spark_submit.py:571} INFO - [SUCCESSFUL ] com.google.protobuf#protobuf-java;3.11.4!protobuf-java.jar(bundle) (9269ms)
[2025-06-27T08:09:08.145+0000] {spark_submit.py:571} INFO - :: resolution report :: resolve 4751ms :: artifacts dl 15107ms
[2025-06-27T08:09:08.145+0000] {spark_submit.py:571} INFO - :: modules in use:
[2025-06-27T08:09:08.146+0000] {spark_submit.py:571} INFO - com.google.protobuf#protobuf-java;3.11.4 from central in [default]
[2025-06-27T08:09:08.147+0000] {spark_submit.py:571} INFO - mysql#mysql-connector-java;8.0.28 from central in [default]
[2025-06-27T08:09:08.148+0000] {spark_submit.py:571} INFO - ---------------------------------------------------------------------
[2025-06-27T08:09:08.149+0000] {spark_submit.py:571} INFO - |                  |            modules            ||   artifacts   |
[2025-06-27T08:09:08.149+0000] {spark_submit.py:571} INFO - |       conf       | number| search|dwnlded|evicted|| number|dwnlded|
[2025-06-27T08:09:08.150+0000] {spark_submit.py:571} INFO - ---------------------------------------------------------------------
[2025-06-27T08:09:08.150+0000] {spark_submit.py:571} INFO - |      default     |   2   |   2   |   2   |   0   ||   2   |   2   |
[2025-06-27T08:09:08.151+0000] {spark_submit.py:571} INFO - ---------------------------------------------------------------------
[2025-06-27T08:09:08.151+0000] {spark_submit.py:571} INFO - :: retrieving :: org.apache.spark#spark-submit-parent-6877ca75-415e-4456-ba4b-c34a2dba51a0
[2025-06-27T08:09:08.152+0000] {spark_submit.py:571} INFO - confs: [default]
[2025-06-27T08:09:08.170+0000] {spark_submit.py:571} INFO - 2 artifacts copied, 0 already retrieved (4040kB/19ms)
[2025-06-27T08:09:08.484+0000] {spark_submit.py:571} INFO - 25/06/27 08:09:08 WARN NativeCodeLoader: Unable to load native-hadoop library for your platform... using builtin-java classes where applicable
[2025-06-27T08:09:08.849+0000] {spark_submit.py:571} INFO - Main class:
[2025-06-27T08:09:08.850+0000] {spark_submit.py:571} INFO - org.apache.spark.deploy.PythonRunner
[2025-06-27T08:09:08.851+0000] {spark_submit.py:571} INFO - Arguments:
[2025-06-27T08:09:08.852+0000] {spark_submit.py:571} INFO - file:/opt/***/include/scripts/save.py
[2025-06-27T08:09:08.853+0000] {spark_submit.py:571} INFO - file:///home/***/.ivy2/jars/mysql_mysql-connector-java-8.0.28.jar,file:///home/***/.ivy2/jars/com.google.protobuf_protobuf-java-3.11.4.jar
[2025-06-27T08:09:08.854+0000] {spark_submit.py:571} INFO - /opt/***/data/trusted
[2025-06-27T08:09:08.855+0000] {spark_submit.py:571} INFO - countries
[2025-06-27T08:09:08.856+0000] {spark_submit.py:571} INFO - Spark config:
[2025-06-27T08:09:08.857+0000] {spark_submit.py:571} INFO - (spark.app.name,arrow-spark)
[2025-06-27T08:09:08.857+0000] {spark_submit.py:571} INFO - (spark.app.submitTime,1751011748816)
[2025-06-27T08:09:08.858+0000] {spark_submit.py:571} INFO - (spark.executorEnv.HADOOP_CONF_DIR,/opt/hadoop/etc/hadoop)
[2025-06-27T08:09:08.860+0000] {spark_submit.py:571} INFO - (spark.executorEnv.YARN_CONF_DIR,/opt/hadoop/etc/hadoop)
[2025-06-27T08:09:08.861+0000] {spark_submit.py:571} INFO - (spark.master,yarn)
[2025-06-27T08:09:08.862+0000] {spark_submit.py:571} INFO - (spark.repl.local.jars,file:///home/***/.ivy2/jars/mysql_mysql-connector-java-8.0.28.jar,file:///home/***/.ivy2/jars/com.google.protobuf_protobuf-java-3.11.4.jar)
[2025-06-27T08:09:08.863+0000] {spark_submit.py:571} INFO - (spark.submit.deployMode,client)
[2025-06-27T08:09:08.864+0000] {spark_submit.py:571} INFO - (spark.submit.pyFiles,/home/***/.ivy2/jars/mysql_mysql-connector-java-8.0.28.jar,/home/***/.ivy2/jars/com.google.protobuf_protobuf-java-3.11.4.jar)
[2025-06-27T08:09:08.865+0000] {spark_submit.py:571} INFO - (spark.yarn.appMasterEnv.HADOOP_CONF_DIR,/opt/hadoop/etc/hadoop)
[2025-06-27T08:09:08.866+0000] {spark_submit.py:571} INFO - (spark.yarn.appMasterEnv.YARN_CONF_DIR,/opt/hadoop/etc/hadoop)
[2025-06-27T08:09:08.867+0000] {spark_submit.py:571} INFO - (spark.yarn.dist.jars,file:///home/***/.ivy2/jars/mysql_mysql-connector-java-8.0.28.jar,file:///home/***/.ivy2/jars/com.google.protobuf_protobuf-java-3.11.4.jar)
[2025-06-27T08:09:08.868+0000] {spark_submit.py:571} INFO - (spark.yarn.dist.pyFiles,file:///home/***/.ivy2/jars/mysql_mysql-connector-java-8.0.28.jar,file:///home/***/.ivy2/jars/com.google.protobuf_protobuf-java-3.11.4.jar)
[2025-06-27T08:09:08.869+0000] {spark_submit.py:571} INFO - (spark.yarn.isPython,true)
[2025-06-27T08:09:08.870+0000] {spark_submit.py:571} INFO - (spark.yarn.queue,root.default)
[2025-06-27T08:09:08.871+0000] {spark_submit.py:571} INFO - Classpath elements:
[2025-06-27T08:09:08.872+0000] {spark_submit.py:571} INFO - file:///home/***/.ivy2/jars/mysql_mysql-connector-java-8.0.28.jar
[2025-06-27T08:09:08.873+0000] {spark_submit.py:571} INFO - file:///home/***/.ivy2/jars/com.google.protobuf_protobuf-java-3.11.4.jar
[2025-06-27T08:09:08.875+0000] {spark_submit.py:571} INFO - 
[2025-06-27T08:09:08.876+0000] {spark_submit.py:571} INFO - 
[2025-06-27T08:09:10.418+0000] {spark_submit.py:571} INFO - Traceback (most recent call last):
[2025-06-27T08:09:10.419+0000] {spark_submit.py:571} INFO - File "/opt/***/include/scripts/save.py", line 13, in <module>
[2025-06-27T08:09:10.423+0000] {spark_submit.py:571} INFO - engine = create_engine(f"mysql+pymysql://{mysql_user}:{mysql_password}@{mysql_host}:{mysql_port}/{mysql_database}")
[2025-06-27T08:09:10.423+0000] {spark_submit.py:571} INFO - File "<string>", line 2, in create_engine
[2025-06-27T08:09:10.424+0000] {spark_submit.py:571} INFO - File "/home/***/.local/lib/python3.10/site-packages/sqlalchemy/util/deprecations.py", line 375, in warned
[2025-06-27T08:09:10.425+0000] {spark_submit.py:571} INFO - return fn(*args, **kwargs)
[2025-06-27T08:09:10.425+0000] {spark_submit.py:571} INFO - File "/home/***/.local/lib/python3.10/site-packages/sqlalchemy/engine/create.py", line 544, in create_engine
[2025-06-27T08:09:10.426+0000] {spark_submit.py:571} INFO - dbapi = dialect_cls.dbapi(**dbapi_args)
[2025-06-27T08:09:10.427+0000] {spark_submit.py:571} INFO - File "/home/***/.local/lib/python3.10/site-packages/sqlalchemy/dialects/mysql/pymysql.py", line 80, in dbapi
[2025-06-27T08:09:10.428+0000] {spark_submit.py:571} INFO - return __import__("pymysql")
[2025-06-27T08:09:10.429+0000] {spark_submit.py:571} INFO - ModuleNotFoundError: No module named 'pymysql'
[2025-06-27T08:09:10.529+0000] {spark_submit.py:571} INFO - 25/06/27 08:09:10 INFO ShutdownHookManager: Shutdown hook called
[2025-06-27T08:09:10.531+0000] {spark_submit.py:571} INFO - 25/06/27 08:09:10 INFO ShutdownHookManager: Deleting directory /tmp/spark-acdb9273-0375-4f0b-9c72-145de421c880
[2025-06-27T08:09:10.628+0000] {taskinstance.py:441} INFO - ::group::Post task execution logs
[2025-06-27T08:09:10.668+0000] {taskinstance.py:2905} ERROR - Task failed with exception
Traceback (most recent call last):
  File "/home/airflow/.local/lib/python3.10/site-packages/airflow/models/taskinstance.py", line 465, in _execute_task
    result = _execute_callable(context=context, **execute_callable_kwargs)
  File "/home/airflow/.local/lib/python3.10/site-packages/airflow/models/taskinstance.py", line 432, in _execute_callable
    return execute_callable(context=context, **execute_callable_kwargs)
  File "/home/airflow/.local/lib/python3.10/site-packages/airflow/models/baseoperator.py", line 401, in wrapper
    return func(self, *args, **kwargs)
  File "/home/airflow/.local/lib/python3.10/site-packages/airflow/providers/apache/spark/operators/spark_submit.py", line 174, in execute
    self._hook.submit(self.application)
  File "/home/airflow/.local/lib/python3.10/site-packages/airflow/providers/apache/spark/hooks/spark_submit.py", line 502, in submit
    raise AirflowException(
airflow.exceptions.AirflowException: Cannot execute: /home/***/.local/lib/python3.10/site-packages/pyspark/bin/spark-submit --master yarn --conf spark.master=yarn --conf spark.submit.deployMode=client --conf spark.yarn.appMasterEnv.YARN_CONF_DIR=/opt/hadoop/etc/hadoop --conf spark.yarn.appMasterEnv.HADOOP_CONF_DIR=/opt/hadoop/etc/hadoop --conf spark.executorEnv.YARN_CONF_DIR=/opt/hadoop/etc/hadoop --conf spark.executorEnv.HADOOP_CONF_DIR=/opt/hadoop/etc/hadoop --conf spark.yarn.queue=root.default --packages mysql:mysql-connector-java:8.0.28 --name arrow-spark --verbose --queue root.default /opt/***/include/scripts/save.py /opt/***/data/trusted countries. Error code is: 1.
[2025-06-27T08:09:10.679+0000] {taskinstance.py:1206} INFO - Marking task as UP_FOR_RETRY. dag_id=spark_processing_pipeline, task_id=Save_Data_To_MySQL, run_id=manual__2025-06-27T08:01:51.404993+00:00, execution_date=20250627T080151, start_date=20250627T080844, end_date=20250627T080910
[2025-06-27T08:09:10.706+0000] {standard_task_runner.py:110} ERROR - Failed to execute job 28 for task Save_Data_To_MySQL (Cannot execute: /home/***/.local/lib/python3.10/site-packages/pyspark/bin/spark-submit --master yarn --conf spark.master=yarn --conf spark.submit.deployMode=client --conf spark.yarn.appMasterEnv.YARN_CONF_DIR=/opt/hadoop/etc/hadoop --conf spark.yarn.appMasterEnv.HADOOP_CONF_DIR=/opt/hadoop/etc/hadoop --conf spark.executorEnv.YARN_CONF_DIR=/opt/hadoop/etc/hadoop --conf spark.executorEnv.HADOOP_CONF_DIR=/opt/hadoop/etc/hadoop --conf spark.yarn.queue=root.default --packages mysql:mysql-connector-java:8.0.28 --name arrow-spark --verbose --queue root.default /opt/***/include/scripts/save.py /opt/***/data/trusted countries. Error code is: 1.; 1212)
[2025-06-27T08:09:10.734+0000] {local_task_job_runner.py:243} INFO - Task exited with return code 1
[2025-06-27T08:09:10.778+0000] {local_task_job_runner.py:222} INFO - ::endgroup::
