[2025-06-27T08:14:12.237+0000] {local_task_job_runner.py:120} INFO - ::group::Pre task execution logs
[2025-06-27T08:14:12.308+0000] {taskinstance.py:2076} INFO - Dependencies all met for dep_context=non-requeueable deps ti=<TaskInstance: spark_processing_pipeline.Save_Data_To_MySQL manual__2025-06-27T08:01:51.404993+00:00 [queued]>
[2025-06-27T08:14:12.321+0000] {taskinstance.py:2076} INFO - Dependencies all met for dep_context=requeueable deps ti=<TaskInstance: spark_processing_pipeline.Save_Data_To_MySQL manual__2025-06-27T08:01:51.404993+00:00 [queued]>
[2025-06-27T08:14:12.322+0000] {taskinstance.py:2306} INFO - Starting attempt 2 of 2
[2025-06-27T08:14:12.349+0000] {taskinstance.py:2330} INFO - Executing <Task(SparkSubmitOperator): Save_Data_To_MySQL> on 2025-06-27 08:01:51.404993+00:00
[2025-06-27T08:14:12.358+0000] {standard_task_runner.py:64} INFO - Started process 1496 to run task
[2025-06-27T08:14:12.364+0000] {standard_task_runner.py:90} INFO - Running: ['***', 'tasks', 'run', 'spark_processing_pipeline', 'Save_Data_To_MySQL', 'manual__2025-06-27T08:01:51.404993+00:00', '--job-id', '29', '--raw', '--subdir', 'DAGS_FOLDER/dag.py', '--cfg-path', '/tmp/tmp51s1rfv8']
[2025-06-27T08:14:12.368+0000] {standard_task_runner.py:91} INFO - Job 29: Subtask Save_Data_To_MySQL
[2025-06-27T08:14:12.446+0000] {logging_mixin.py:188} WARNING - /home/***/.local/lib/python3.10/site-packages/***/settings.py:195 DeprecationWarning: The sql_alchemy_conn option in [core] has been moved to the sql_alchemy_conn option in [database] - the old setting has been used, but please update your config.
[2025-06-27T08:14:12.560+0000] {task_command.py:426} INFO - Running <TaskInstance: spark_processing_pipeline.Save_Data_To_MySQL manual__2025-06-27T08:01:51.404993+00:00 [running]> on host 3b4e24e60641
[2025-06-27T08:14:12.799+0000] {taskinstance.py:2648} INFO - Exporting env vars: AIRFLOW_CTX_DAG_OWNER='***' AIRFLOW_CTX_DAG_ID='spark_processing_pipeline' AIRFLOW_CTX_TASK_ID='Save_Data_To_MySQL' AIRFLOW_CTX_EXECUTION_DATE='2025-06-27T08:01:51.404993+00:00' AIRFLOW_CTX_TRY_NUMBER='2' AIRFLOW_CTX_DAG_RUN_ID='manual__2025-06-27T08:01:51.404993+00:00'
[2025-06-27T08:14:12.801+0000] {taskinstance.py:430} INFO - ::endgroup::
[2025-06-27T08:14:12.857+0000] {base.py:84} INFO - Using connection ID 'spark_default' for task execution.
[2025-06-27T08:14:12.859+0000] {spark_submit.py:401} INFO - Spark-Submit cmd: /home/***/.local/lib/python3.10/site-packages/pyspark/bin/spark-submit --master yarn --conf spark.master=yarn --conf spark.submit.deployMode=client --conf spark.yarn.appMasterEnv.YARN_CONF_DIR=/opt/hadoop/etc/hadoop --conf spark.yarn.appMasterEnv.HADOOP_CONF_DIR=/opt/hadoop/etc/hadoop --conf spark.executorEnv.YARN_CONF_DIR=/opt/hadoop/etc/hadoop --conf spark.executorEnv.HADOOP_CONF_DIR=/opt/hadoop/etc/hadoop --conf spark.yarn.queue=root.default --packages mysql:mysql-connector-java:8.0.28 --name arrow-spark --verbose --queue root.default /opt/***/include/scripts/save.py /opt/***/data/trusted countries
[2025-06-27T08:14:14.589+0000] {spark_submit.py:571} INFO - Using properties file: null
[2025-06-27T08:14:14.739+0000] {spark_submit.py:571} INFO - Parsed arguments:
[2025-06-27T08:14:14.740+0000] {spark_submit.py:571} INFO - master                  yarn
[2025-06-27T08:14:14.741+0000] {spark_submit.py:571} INFO - remote                  null
[2025-06-27T08:14:14.742+0000] {spark_submit.py:571} INFO - deployMode              client
[2025-06-27T08:14:14.743+0000] {spark_submit.py:571} INFO - executorMemory          null
[2025-06-27T08:14:14.744+0000] {spark_submit.py:571} INFO - executorCores           null
[2025-06-27T08:14:14.745+0000] {spark_submit.py:571} INFO - totalExecutorCores      null
[2025-06-27T08:14:14.747+0000] {spark_submit.py:571} INFO - propertiesFile          null
[2025-06-27T08:14:14.748+0000] {spark_submit.py:571} INFO - driverMemory            null
[2025-06-27T08:14:14.749+0000] {spark_submit.py:571} INFO - driverCores             null
[2025-06-27T08:14:14.750+0000] {spark_submit.py:571} INFO - driverExtraClassPath    null
[2025-06-27T08:14:14.750+0000] {spark_submit.py:571} INFO - driverExtraLibraryPath  null
[2025-06-27T08:14:14.752+0000] {spark_submit.py:571} INFO - driverExtraJavaOptions  null
[2025-06-27T08:14:14.753+0000] {spark_submit.py:571} INFO - supervise               false
[2025-06-27T08:14:14.754+0000] {spark_submit.py:571} INFO - queue                   root.default
[2025-06-27T08:14:14.755+0000] {spark_submit.py:571} INFO - numExecutors            null
[2025-06-27T08:14:14.756+0000] {spark_submit.py:571} INFO - files                   null
[2025-06-27T08:14:14.757+0000] {spark_submit.py:571} INFO - pyFiles                 null
[2025-06-27T08:14:14.758+0000] {spark_submit.py:571} INFO - archives                null
[2025-06-27T08:14:14.759+0000] {spark_submit.py:571} INFO - mainClass               null
[2025-06-27T08:14:14.760+0000] {spark_submit.py:571} INFO - primaryResource         file:/opt/***/include/scripts/save.py
[2025-06-27T08:14:14.761+0000] {spark_submit.py:571} INFO - name                    arrow-spark
[2025-06-27T08:14:14.762+0000] {spark_submit.py:571} INFO - childArgs               [/opt/***/data/trusted countries]
[2025-06-27T08:14:14.762+0000] {spark_submit.py:571} INFO - jars                    null
[2025-06-27T08:14:14.763+0000] {spark_submit.py:571} INFO - packages                mysql:mysql-connector-java:8.0.28
[2025-06-27T08:14:14.764+0000] {spark_submit.py:571} INFO - packagesExclusions      null
[2025-06-27T08:14:14.765+0000] {spark_submit.py:571} INFO - repositories            null
[2025-06-27T08:14:14.766+0000] {spark_submit.py:571} INFO - verbose                 true
[2025-06-27T08:14:14.767+0000] {spark_submit.py:571} INFO - 
[2025-06-27T08:14:14.768+0000] {spark_submit.py:571} INFO - Spark properties used, including those specified through
[2025-06-27T08:14:14.769+0000] {spark_submit.py:571} INFO - --conf and those from the properties file null:
[2025-06-27T08:14:14.770+0000] {spark_submit.py:571} INFO - (spark.executorEnv.HADOOP_CONF_DIR,/opt/hadoop/etc/hadoop)
[2025-06-27T08:14:14.771+0000] {spark_submit.py:571} INFO - (spark.executorEnv.YARN_CONF_DIR,/opt/hadoop/etc/hadoop)
[2025-06-27T08:14:14.772+0000] {spark_submit.py:571} INFO - (spark.master,yarn)
[2025-06-27T08:14:14.773+0000] {spark_submit.py:571} INFO - (spark.submit.deployMode,client)
[2025-06-27T08:14:14.774+0000] {spark_submit.py:571} INFO - (spark.yarn.appMasterEnv.HADOOP_CONF_DIR,/opt/hadoop/etc/hadoop)
[2025-06-27T08:14:14.775+0000] {spark_submit.py:571} INFO - (spark.yarn.appMasterEnv.YARN_CONF_DIR,/opt/hadoop/etc/hadoop)
[2025-06-27T08:14:14.776+0000] {spark_submit.py:571} INFO - (spark.yarn.queue,root.default)
[2025-06-27T08:14:14.777+0000] {spark_submit.py:571} INFO - 
[2025-06-27T08:14:14.778+0000] {spark_submit.py:571} INFO - 
[2025-06-27T08:14:14.930+0000] {spark_submit.py:571} INFO - :: loading settings :: url = jar:file:/home/***/.local/lib/python3.10/site-packages/pyspark/jars/ivy-2.5.1.jar!/org/apache/ivy/core/settings/ivysettings.xml
[2025-06-27T08:14:15.027+0000] {spark_submit.py:571} INFO - Ivy Default Cache set to: /home/***/.ivy2/cache
[2025-06-27T08:14:15.029+0000] {spark_submit.py:571} INFO - The jars for the packages stored in: /home/***/.ivy2/jars
[2025-06-27T08:14:15.034+0000] {spark_submit.py:571} INFO - mysql#mysql-connector-java added as a dependency
[2025-06-27T08:14:15.035+0000] {spark_submit.py:571} INFO - :: resolving dependencies :: org.apache.spark#spark-submit-parent-3bc12a0e-562e-4a8d-b573-954167660286;1.0
[2025-06-27T08:14:15.036+0000] {spark_submit.py:571} INFO - confs: [default]
[2025-06-27T08:14:15.210+0000] {spark_submit.py:571} INFO - found mysql#mysql-connector-java;8.0.28 in central
[2025-06-27T08:14:15.244+0000] {spark_submit.py:571} INFO - found com.google.protobuf#protobuf-java;3.11.4 in central
[2025-06-27T08:14:15.264+0000] {spark_submit.py:571} INFO - :: resolution report :: resolve 222ms :: artifacts dl 6ms
[2025-06-27T08:14:15.265+0000] {spark_submit.py:571} INFO - :: modules in use:
[2025-06-27T08:14:15.265+0000] {spark_submit.py:571} INFO - com.google.protobuf#protobuf-java;3.11.4 from central in [default]
[2025-06-27T08:14:15.266+0000] {spark_submit.py:571} INFO - mysql#mysql-connector-java;8.0.28 from central in [default]
[2025-06-27T08:14:15.267+0000] {spark_submit.py:571} INFO - ---------------------------------------------------------------------
[2025-06-27T08:14:15.268+0000] {spark_submit.py:571} INFO - |                  |            modules            ||   artifacts   |
[2025-06-27T08:14:15.268+0000] {spark_submit.py:571} INFO - |       conf       | number| search|dwnlded|evicted|| number|dwnlded|
[2025-06-27T08:14:15.269+0000] {spark_submit.py:571} INFO - ---------------------------------------------------------------------
[2025-06-27T08:14:15.269+0000] {spark_submit.py:571} INFO - |      default     |   2   |   0   |   0   |   0   ||   2   |   0   |
[2025-06-27T08:14:15.270+0000] {spark_submit.py:571} INFO - ---------------------------------------------------------------------
[2025-06-27T08:14:15.271+0000] {spark_submit.py:571} INFO - :: retrieving :: org.apache.spark#spark-submit-parent-3bc12a0e-562e-4a8d-b573-954167660286
[2025-06-27T08:14:15.271+0000] {spark_submit.py:571} INFO - confs: [default]
[2025-06-27T08:14:15.274+0000] {spark_submit.py:571} INFO - 0 artifacts copied, 2 already retrieved (0kB/6ms)
[2025-06-27T08:14:15.492+0000] {spark_submit.py:571} INFO - 25/06/27 08:14:15 WARN NativeCodeLoader: Unable to load native-hadoop library for your platform... using builtin-java classes where applicable
[2025-06-27T08:14:15.721+0000] {spark_submit.py:571} INFO - Main class:
[2025-06-27T08:14:15.722+0000] {spark_submit.py:571} INFO - org.apache.spark.deploy.PythonRunner
[2025-06-27T08:14:15.723+0000] {spark_submit.py:571} INFO - Arguments:
[2025-06-27T08:14:15.723+0000] {spark_submit.py:571} INFO - file:/opt/***/include/scripts/save.py
[2025-06-27T08:14:15.725+0000] {spark_submit.py:571} INFO - file:///home/***/.ivy2/jars/mysql_mysql-connector-java-8.0.28.jar,file:///home/***/.ivy2/jars/com.google.protobuf_protobuf-java-3.11.4.jar
[2025-06-27T08:14:15.726+0000] {spark_submit.py:571} INFO - /opt/***/data/trusted
[2025-06-27T08:14:15.726+0000] {spark_submit.py:571} INFO - countries
[2025-06-27T08:14:15.727+0000] {spark_submit.py:571} INFO - Spark config:
[2025-06-27T08:14:15.728+0000] {spark_submit.py:571} INFO - (spark.app.name,arrow-spark)
[2025-06-27T08:14:15.729+0000] {spark_submit.py:571} INFO - (spark.app.submitTime,1751012055692)
[2025-06-27T08:14:15.730+0000] {spark_submit.py:571} INFO - (spark.executorEnv.HADOOP_CONF_DIR,/opt/hadoop/etc/hadoop)
[2025-06-27T08:14:15.730+0000] {spark_submit.py:571} INFO - (spark.executorEnv.YARN_CONF_DIR,/opt/hadoop/etc/hadoop)
[2025-06-27T08:14:15.731+0000] {spark_submit.py:571} INFO - (spark.master,yarn)
[2025-06-27T08:14:15.731+0000] {spark_submit.py:571} INFO - (spark.repl.local.jars,file:///home/***/.ivy2/jars/mysql_mysql-connector-java-8.0.28.jar,file:///home/***/.ivy2/jars/com.google.protobuf_protobuf-java-3.11.4.jar)
[2025-06-27T08:14:15.732+0000] {spark_submit.py:571} INFO - (spark.submit.deployMode,client)
[2025-06-27T08:14:15.733+0000] {spark_submit.py:571} INFO - (spark.submit.pyFiles,/home/***/.ivy2/jars/mysql_mysql-connector-java-8.0.28.jar,/home/***/.ivy2/jars/com.google.protobuf_protobuf-java-3.11.4.jar)
[2025-06-27T08:14:15.733+0000] {spark_submit.py:571} INFO - (spark.yarn.appMasterEnv.HADOOP_CONF_DIR,/opt/hadoop/etc/hadoop)
[2025-06-27T08:14:15.734+0000] {spark_submit.py:571} INFO - (spark.yarn.appMasterEnv.YARN_CONF_DIR,/opt/hadoop/etc/hadoop)
[2025-06-27T08:14:15.735+0000] {spark_submit.py:571} INFO - (spark.yarn.dist.jars,file:///home/***/.ivy2/jars/mysql_mysql-connector-java-8.0.28.jar,file:///home/***/.ivy2/jars/com.google.protobuf_protobuf-java-3.11.4.jar)
[2025-06-27T08:14:15.737+0000] {spark_submit.py:571} INFO - (spark.yarn.dist.pyFiles,file:///home/***/.ivy2/jars/mysql_mysql-connector-java-8.0.28.jar,file:///home/***/.ivy2/jars/com.google.protobuf_protobuf-java-3.11.4.jar)
[2025-06-27T08:14:15.738+0000] {spark_submit.py:571} INFO - (spark.yarn.isPython,true)
[2025-06-27T08:14:15.739+0000] {spark_submit.py:571} INFO - (spark.yarn.queue,root.default)
[2025-06-27T08:14:15.740+0000] {spark_submit.py:571} INFO - Classpath elements:
[2025-06-27T08:14:15.740+0000] {spark_submit.py:571} INFO - file:///home/***/.ivy2/jars/mysql_mysql-connector-java-8.0.28.jar
[2025-06-27T08:14:15.741+0000] {spark_submit.py:571} INFO - file:///home/***/.ivy2/jars/com.google.protobuf_protobuf-java-3.11.4.jar
[2025-06-27T08:14:15.741+0000] {spark_submit.py:571} INFO - 
[2025-06-27T08:14:15.742+0000] {spark_submit.py:571} INFO - 
[2025-06-27T08:14:17.728+0000] {spark_submit.py:571} INFO - ðŸš€ Starting data save to MySQL...
[2025-06-27T08:14:17.729+0000] {spark_submit.py:571} INFO - ðŸ“ Input path: /opt/***/data/trusted
[2025-06-27T08:14:17.730+0000] {spark_submit.py:571} INFO - ðŸ“ Table name: countries
[2025-06-27T08:14:17.841+0000] {spark_submit.py:571} INFO - 25/06/27 08:14:17 INFO SparkContext: Running Spark version 3.5.1
[2025-06-27T08:14:17.842+0000] {spark_submit.py:571} INFO - 25/06/27 08:14:17 INFO SparkContext: OS info Linux, 6.6.87.2-microsoft-standard-WSL2, amd64
[2025-06-27T08:14:17.843+0000] {spark_submit.py:571} INFO - 25/06/27 08:14:17 INFO SparkContext: Java version 17.0.15
[2025-06-27T08:14:17.874+0000] {spark_submit.py:571} INFO - 25/06/27 08:14:17 INFO ResourceUtils: ==============================================================
[2025-06-27T08:14:17.875+0000] {spark_submit.py:571} INFO - 25/06/27 08:14:17 INFO ResourceUtils: No custom resources configured for spark.driver.
[2025-06-27T08:14:17.876+0000] {spark_submit.py:571} INFO - 25/06/27 08:14:17 INFO ResourceUtils: ==============================================================
[2025-06-27T08:14:17.877+0000] {spark_submit.py:571} INFO - 25/06/27 08:14:17 INFO SparkContext: Submitted application: SaveToMySQL
[2025-06-27T08:14:17.906+0000] {spark_submit.py:571} INFO - 25/06/27 08:14:17 INFO ResourceProfile: Default ResourceProfile created, executor resources: Map(cores -> name: cores, amount: 1, script: , vendor: , memory -> name: memory, amount: 1024, script: , vendor: , offHeap -> name: offHeap, amount: 0, script: , vendor: ), task resources: Map(cpus -> name: cpus, amount: 1.0)
[2025-06-27T08:14:17.917+0000] {spark_submit.py:571} INFO - 25/06/27 08:14:17 INFO ResourceProfile: Limiting resource is cpus at 1 tasks per executor
[2025-06-27T08:14:17.919+0000] {spark_submit.py:571} INFO - 25/06/27 08:14:17 INFO ResourceProfileManager: Added ResourceProfile id: 0
[2025-06-27T08:14:17.990+0000] {spark_submit.py:571} INFO - 25/06/27 08:14:17 INFO SecurityManager: Changing view acls to: ***
[2025-06-27T08:14:17.991+0000] {spark_submit.py:571} INFO - 25/06/27 08:14:17 INFO SecurityManager: Changing modify acls to: ***
[2025-06-27T08:14:17.992+0000] {spark_submit.py:571} INFO - 25/06/27 08:14:17 INFO SecurityManager: Changing view acls groups to:
[2025-06-27T08:14:17.994+0000] {spark_submit.py:571} INFO - 25/06/27 08:14:17 INFO SecurityManager: Changing modify acls groups to:
[2025-06-27T08:14:17.995+0000] {spark_submit.py:571} INFO - 25/06/27 08:14:17 INFO SecurityManager: SecurityManager: authentication disabled; ui acls disabled; users with view permissions: ***; groups with view permissions: EMPTY; users with modify permissions: ***; groups with modify permissions: EMPTY
[2025-06-27T08:14:18.302+0000] {spark_submit.py:571} INFO - 25/06/27 08:14:18 INFO Utils: Successfully started service 'sparkDriver' on port 42501.
[2025-06-27T08:14:18.340+0000] {spark_submit.py:571} INFO - 25/06/27 08:14:18 INFO SparkEnv: Registering MapOutputTracker
[2025-06-27T08:14:18.384+0000] {spark_submit.py:571} INFO - 25/06/27 08:14:18 INFO SparkEnv: Registering BlockManagerMaster
[2025-06-27T08:14:18.400+0000] {spark_submit.py:571} INFO - 25/06/27 08:14:18 INFO BlockManagerMasterEndpoint: Using org.apache.spark.storage.DefaultTopologyMapper for getting topology information
[2025-06-27T08:14:18.401+0000] {spark_submit.py:571} INFO - 25/06/27 08:14:18 INFO BlockManagerMasterEndpoint: BlockManagerMasterEndpoint up
[2025-06-27T08:14:18.469+0000] {spark_submit.py:571} INFO - 25/06/27 08:14:18 INFO SparkEnv: Registering BlockManagerMasterHeartbeat
[2025-06-27T08:14:18.487+0000] {spark_submit.py:571} INFO - 25/06/27 08:14:18 INFO DiskBlockManager: Created local directory at /tmp/blockmgr-82c34024-0dea-4992-b9f7-d06f81fdbd24
[2025-06-27T08:14:18.504+0000] {spark_submit.py:571} INFO - 25/06/27 08:14:18 INFO MemoryStore: MemoryStore started with capacity 434.4 MiB
[2025-06-27T08:14:18.575+0000] {spark_submit.py:571} INFO - 25/06/27 08:14:18 INFO SparkEnv: Registering OutputCommitCoordinator
[2025-06-27T08:14:18.736+0000] {spark_submit.py:571} INFO - 25/06/27 08:14:18 INFO JettyUtils: Start Jetty 0.0.0.0:4040 for SparkUI
[2025-06-27T08:14:18.825+0000] {spark_submit.py:571} INFO - 25/06/27 08:14:18 INFO Utils: Successfully started service 'SparkUI' on port 4040.
[2025-06-27T08:14:19.142+0000] {spark_submit.py:571} INFO - 25/06/27 08:14:19 INFO DefaultNoHARMFailoverProxyProvider: Connecting to ResourceManager at resourcemanager/172.18.0.3:8032
[2025-06-27T08:14:19.713+0000] {spark_submit.py:571} INFO - 25/06/27 08:14:19 INFO Configuration: resource-types.xml not found
[2025-06-27T08:14:19.714+0000] {spark_submit.py:571} INFO - 25/06/27 08:14:19 INFO ResourceUtils: Unable to find 'resource-types.xml'.
[2025-06-27T08:14:19.725+0000] {spark_submit.py:571} INFO - 25/06/27 08:14:19 INFO Client: Verifying our application has not requested more than the maximum memory capability of the cluster (8192 MB per container)
[2025-06-27T08:14:19.726+0000] {spark_submit.py:571} INFO - 25/06/27 08:14:19 INFO Client: Will allocate AM container, with 896 MB memory including 384 MB overhead
[2025-06-27T08:14:19.727+0000] {spark_submit.py:571} INFO - 25/06/27 08:14:19 INFO Client: Setting up container launch context for our AM
[2025-06-27T08:14:19.729+0000] {spark_submit.py:571} INFO - 25/06/27 08:14:19 INFO Client: Setting up the launch environment for our AM container
[2025-06-27T08:14:19.739+0000] {spark_submit.py:571} INFO - 25/06/27 08:14:19 INFO Client: Preparing resources for our AM container
[2025-06-27T08:14:19.777+0000] {spark_submit.py:571} INFO - 25/06/27 08:14:19 WARN Client: Neither spark.yarn.jars nor spark.yarn.archive is set, falling back to uploading libraries under SPARK_HOME.
[2025-06-27T08:14:23.708+0000] {spark_submit.py:571} INFO - 25/06/27 08:14:23 INFO Client: Uploading resource file:/tmp/spark-69759c68-216e-4c98-ae1e-626fe0b9438f/__spark_libs__9122205621636210760.zip -> hdfs://namenode:9000/user/***/.sparkStaging/application_1751006797025_0010/__spark_libs__9122205621636210760.zip
[2025-06-27T08:14:26.649+0000] {spark_submit.py:571} INFO - 25/06/27 08:14:26 INFO Client: Uploading resource file:/home/***/.ivy2/jars/mysql_mysql-connector-java-8.0.28.jar -> hdfs://namenode:9000/user/***/.sparkStaging/application_1751006797025_0010/mysql_mysql-connector-java-8.0.28.jar
[2025-06-27T08:14:26.698+0000] {spark_submit.py:571} INFO - 25/06/27 08:14:26 INFO Client: Uploading resource file:/home/***/.ivy2/jars/com.google.protobuf_protobuf-java-3.11.4.jar -> hdfs://namenode:9000/user/***/.sparkStaging/application_1751006797025_0010/com.google.protobuf_protobuf-java-3.11.4.jar
[2025-06-27T08:14:26.742+0000] {spark_submit.py:571} INFO - 25/06/27 08:14:26 INFO Client: Uploading resource file:/home/***/.local/lib/python3.10/site-packages/pyspark/python/lib/pyspark.zip -> hdfs://namenode:9000/user/***/.sparkStaging/application_1751006797025_0010/pyspark.zip
[2025-06-27T08:14:26.785+0000] {spark_submit.py:571} INFO - 25/06/27 08:14:26 INFO Client: Uploading resource file:/home/***/.local/lib/python3.10/site-packages/pyspark/python/lib/py4j-0.10.9.7-src.zip -> hdfs://namenode:9000/user/***/.sparkStaging/application_1751006797025_0010/py4j-0.10.9.7-src.zip
[2025-06-27T08:14:26.817+0000] {spark_submit.py:571} INFO - 25/06/27 08:14:26 WARN Client: Same path resource file:///home/***/.ivy2/jars/mysql_mysql-connector-java-8.0.28.jar added multiple times to distributed cache.
[2025-06-27T08:14:26.818+0000] {spark_submit.py:571} INFO - 25/06/27 08:14:26 WARN Client: Same path resource file:///home/***/.ivy2/jars/com.google.protobuf_protobuf-java-3.11.4.jar added multiple times to distributed cache.
[2025-06-27T08:14:26.961+0000] {spark_submit.py:571} INFO - 25/06/27 08:14:26 INFO Client: Uploading resource file:/tmp/spark-69759c68-216e-4c98-ae1e-626fe0b9438f/__spark_conf__6388015675555325239.zip -> hdfs://namenode:9000/user/***/.sparkStaging/application_1751006797025_0010/__spark_conf__.zip
[2025-06-27T08:14:27.017+0000] {spark_submit.py:571} INFO - 25/06/27 08:14:27 INFO SecurityManager: Changing view acls to: ***
[2025-06-27T08:14:27.018+0000] {spark_submit.py:571} INFO - 25/06/27 08:14:27 INFO SecurityManager: Changing modify acls to: ***
[2025-06-27T08:14:27.019+0000] {spark_submit.py:571} INFO - 25/06/27 08:14:27 INFO SecurityManager: Changing view acls groups to:
[2025-06-27T08:14:27.020+0000] {spark_submit.py:571} INFO - 25/06/27 08:14:27 INFO SecurityManager: Changing modify acls groups to:
[2025-06-27T08:14:27.020+0000] {spark_submit.py:571} INFO - 25/06/27 08:14:27 INFO SecurityManager: SecurityManager: authentication disabled; ui acls disabled; users with view permissions: ***; groups with view permissions: EMPTY; users with modify permissions: ***; groups with modify permissions: EMPTY
[2025-06-27T08:14:27.064+0000] {spark_submit.py:571} INFO - 25/06/27 08:14:27 INFO Client: Submitting application application_1751006797025_0010 to ResourceManager
[2025-06-27T08:14:27.319+0000] {spark_submit.py:571} INFO - 25/06/27 08:14:27 INFO Client: Deleted staging directory hdfs://namenode:9000/user/***/.sparkStaging/application_1751006797025_0010
[2025-06-27T08:14:27.321+0000] {spark_submit.py:571} INFO - 25/06/27 08:14:27 ERROR SparkContext: Error initializing SparkContext.
[2025-06-27T08:14:27.322+0000] {spark_submit.py:571} INFO - org.apache.hadoop.yarn.exceptions.YarnException: Failed to submit application_1751006797025_0010 to YARN : Application application_1751006797025_0010 submitted by user *** to unknown queue: root.default
[2025-06-27T08:14:27.322+0000] {spark_submit.py:571} INFO - at org.apache.hadoop.yarn.client.api.impl.YarnClientImpl.submitApplication(YarnClientImpl.java:336)
[2025-06-27T08:14:27.323+0000] {spark_submit.py:571} INFO - at org.apache.spark.deploy.yarn.Client.submitApplication(Client.scala:220)
[2025-06-27T08:14:27.324+0000] {spark_submit.py:571} INFO - at org.apache.spark.scheduler.cluster.YarnClientSchedulerBackend.start(YarnClientSchedulerBackend.scala:62)
[2025-06-27T08:14:27.325+0000] {spark_submit.py:571} INFO - at org.apache.spark.scheduler.TaskSchedulerImpl.start(TaskSchedulerImpl.scala:235)
[2025-06-27T08:14:27.326+0000] {spark_submit.py:571} INFO - at org.apache.spark.SparkContext.<init>(SparkContext.scala:604)
[2025-06-27T08:14:27.327+0000] {spark_submit.py:571} INFO - at org.apache.spark.api.java.JavaSparkContext.<init>(JavaSparkContext.scala:58)
[2025-06-27T08:14:27.328+0000] {spark_submit.py:571} INFO - at java.base/jdk.internal.reflect.NativeConstructorAccessorImpl.newInstance0(Native Method)
[2025-06-27T08:14:27.329+0000] {spark_submit.py:571} INFO - at java.base/jdk.internal.reflect.NativeConstructorAccessorImpl.newInstance(NativeConstructorAccessorImpl.java:77)
[2025-06-27T08:14:27.330+0000] {spark_submit.py:571} INFO - at java.base/jdk.internal.reflect.DelegatingConstructorAccessorImpl.newInstance(DelegatingConstructorAccessorImpl.java:45)
[2025-06-27T08:14:27.330+0000] {spark_submit.py:571} INFO - at java.base/java.lang.reflect.Constructor.newInstanceWithCaller(Constructor.java:500)
[2025-06-27T08:14:27.331+0000] {spark_submit.py:571} INFO - at java.base/java.lang.reflect.Constructor.newInstance(Constructor.java:481)
[2025-06-27T08:14:27.332+0000] {spark_submit.py:571} INFO - at py4j.reflection.MethodInvoker.invoke(MethodInvoker.java:247)
[2025-06-27T08:14:27.333+0000] {spark_submit.py:571} INFO - at py4j.reflection.ReflectionEngine.invoke(ReflectionEngine.java:374)
[2025-06-27T08:14:27.334+0000] {spark_submit.py:571} INFO - at py4j.Gateway.invoke(Gateway.java:238)
[2025-06-27T08:14:27.335+0000] {spark_submit.py:571} INFO - at py4j.commands.ConstructorCommand.invokeConstructor(ConstructorCommand.java:80)
[2025-06-27T08:14:27.336+0000] {spark_submit.py:571} INFO - at py4j.commands.ConstructorCommand.execute(ConstructorCommand.java:69)
[2025-06-27T08:14:27.337+0000] {spark_submit.py:571} INFO - at py4j.ClientServerConnection.waitForCommands(ClientServerConnection.java:182)
[2025-06-27T08:14:27.338+0000] {spark_submit.py:571} INFO - at py4j.ClientServerConnection.run(ClientServerConnection.java:106)
[2025-06-27T08:14:27.338+0000] {spark_submit.py:571} INFO - at java.base/java.lang.Thread.run(Thread.java:840)
[2025-06-27T08:14:27.339+0000] {spark_submit.py:571} INFO - 25/06/27 08:14:27 INFO SparkContext: SparkContext is stopping with exitCode 0.
[2025-06-27T08:14:27.340+0000] {spark_submit.py:571} INFO - 25/06/27 08:14:27 INFO SparkUI: Stopped Spark web UI at http://3b4e24e60641:4040
[2025-06-27T08:14:27.346+0000] {spark_submit.py:571} INFO - 25/06/27 08:14:27 WARN YarnSchedulerBackend$YarnSchedulerEndpoint: Attempted to send shutdown message before the AM has registered!
[2025-06-27T08:14:27.355+0000] {spark_submit.py:571} INFO - 25/06/27 08:14:27 WARN YarnSchedulerBackend$YarnSchedulerEndpoint: Attempted to request executors before the AM has registered!
[2025-06-27T08:14:27.358+0000] {spark_submit.py:571} INFO - 25/06/27 08:14:27 INFO YarnClientSchedulerBackend: Shutting down all executors
[2025-06-27T08:14:27.362+0000] {spark_submit.py:571} INFO - 25/06/27 08:14:27 INFO YarnSchedulerBackend$YarnDriverEndpoint: Asking each executor to shut down
[2025-06-27T08:14:27.367+0000] {spark_submit.py:571} INFO - 25/06/27 08:14:27 INFO YarnClientSchedulerBackend: YARN client scheduler backend Stopped
[2025-06-27T08:14:27.395+0000] {spark_submit.py:571} INFO - 25/06/27 08:14:27 INFO MapOutputTrackerMasterEndpoint: MapOutputTrackerMasterEndpoint stopped!
[2025-06-27T08:14:27.411+0000] {spark_submit.py:571} INFO - 25/06/27 08:14:27 INFO MemoryStore: MemoryStore cleared
[2025-06-27T08:14:27.412+0000] {spark_submit.py:571} INFO - 25/06/27 08:14:27 INFO BlockManager: BlockManager stopped
[2025-06-27T08:14:27.430+0000] {spark_submit.py:571} INFO - 25/06/27 08:14:27 INFO BlockManagerMaster: BlockManagerMaster stopped
[2025-06-27T08:14:27.431+0000] {spark_submit.py:571} INFO - 25/06/27 08:14:27 WARN MetricsSystem: Stopping a MetricsSystem that is not running
[2025-06-27T08:14:27.436+0000] {spark_submit.py:571} INFO - 25/06/27 08:14:27 INFO OutputCommitCoordinator$OutputCommitCoordinatorEndpoint: OutputCommitCoordinator stopped!
[2025-06-27T08:14:27.456+0000] {spark_submit.py:571} INFO - 25/06/27 08:14:27 INFO SparkContext: Successfully stopped SparkContext
[2025-06-27T08:14:27.462+0000] {spark_submit.py:571} INFO - Traceback (most recent call last):
[2025-06-27T08:14:27.463+0000] {spark_submit.py:571} INFO - File "/opt/***/include/scripts/save.py", line 51, in <module>
[2025-06-27T08:14:27.464+0000] {spark_submit.py:571} INFO - .getOrCreate()
[2025-06-27T08:14:27.465+0000] {spark_submit.py:571} INFO - File "/home/***/.local/lib/python3.10/site-packages/pyspark/python/lib/pyspark.zip/pyspark/sql/session.py", line 497, in getOrCreate
[2025-06-27T08:14:27.466+0000] {spark_submit.py:571} INFO - sc = SparkContext.getOrCreate(sparkConf)
[2025-06-27T08:14:27.467+0000] {spark_submit.py:571} INFO - File "/home/***/.local/lib/python3.10/site-packages/pyspark/python/lib/pyspark.zip/pyspark/context.py", line 515, in getOrCreate
[2025-06-27T08:14:27.468+0000] {spark_submit.py:571} INFO - SparkContext(conf=conf or SparkConf())
[2025-06-27T08:14:27.469+0000] {spark_submit.py:571} INFO - File "/home/***/.local/lib/python3.10/site-packages/pyspark/python/lib/pyspark.zip/pyspark/context.py", line 203, in __init__
[2025-06-27T08:14:27.470+0000] {spark_submit.py:571} INFO - self._do_init(
[2025-06-27T08:14:27.470+0000] {spark_submit.py:571} INFO - File "/home/***/.local/lib/python3.10/site-packages/pyspark/python/lib/pyspark.zip/pyspark/context.py", line 296, in _do_init
[2025-06-27T08:14:27.471+0000] {spark_submit.py:571} INFO - self._jsc = jsc or self._initialize_context(self._conf._jconf)
[2025-06-27T08:14:27.472+0000] {spark_submit.py:571} INFO - File "/home/***/.local/lib/python3.10/site-packages/pyspark/python/lib/pyspark.zip/pyspark/context.py", line 421, in _initialize_context
[2025-06-27T08:14:27.472+0000] {spark_submit.py:571} INFO - return self._jvm.JavaSparkContext(jconf)
[2025-06-27T08:14:27.473+0000] {spark_submit.py:571} INFO - File "/home/***/.local/lib/python3.10/site-packages/pyspark/python/lib/py4j-0.10.9.7-src.zip/py4j/java_gateway.py", line 1587, in __call__
[2025-06-27T08:14:27.474+0000] {spark_submit.py:571} INFO - return_value = get_return_value(
[2025-06-27T08:14:27.475+0000] {spark_submit.py:571} INFO - File "/home/***/.local/lib/python3.10/site-packages/pyspark/python/lib/py4j-0.10.9.7-src.zip/py4j/protocol.py", line 326, in get_return_value
[2025-06-27T08:14:27.476+0000] {spark_submit.py:571} INFO - raise Py4JJavaError(
[2025-06-27T08:14:27.476+0000] {spark_submit.py:571} INFO - py4j.protocol.Py4JJavaError: An error occurred while calling None.org.apache.spark.api.java.JavaSparkContext.
[2025-06-27T08:14:27.477+0000] {spark_submit.py:571} INFO - : org.apache.hadoop.yarn.exceptions.YarnException: Failed to submit application_1751006797025_0010 to YARN : Application application_1751006797025_0010 submitted by user *** to unknown queue: root.default
[2025-06-27T08:14:27.478+0000] {spark_submit.py:571} INFO - at org.apache.hadoop.yarn.client.api.impl.YarnClientImpl.submitApplication(YarnClientImpl.java:336)
[2025-06-27T08:14:27.479+0000] {spark_submit.py:571} INFO - at org.apache.spark.deploy.yarn.Client.submitApplication(Client.scala:220)
[2025-06-27T08:14:27.480+0000] {spark_submit.py:571} INFO - at org.apache.spark.scheduler.cluster.YarnClientSchedulerBackend.start(YarnClientSchedulerBackend.scala:62)
[2025-06-27T08:14:27.481+0000] {spark_submit.py:571} INFO - at org.apache.spark.scheduler.TaskSchedulerImpl.start(TaskSchedulerImpl.scala:235)
[2025-06-27T08:14:27.482+0000] {spark_submit.py:571} INFO - at org.apache.spark.SparkContext.<init>(SparkContext.scala:604)
[2025-06-27T08:14:27.483+0000] {spark_submit.py:571} INFO - at org.apache.spark.api.java.JavaSparkContext.<init>(JavaSparkContext.scala:58)
[2025-06-27T08:14:27.484+0000] {spark_submit.py:571} INFO - at java.base/jdk.internal.reflect.NativeConstructorAccessorImpl.newInstance0(Native Method)
[2025-06-27T08:14:27.485+0000] {spark_submit.py:571} INFO - at java.base/jdk.internal.reflect.NativeConstructorAccessorImpl.newInstance(NativeConstructorAccessorImpl.java:77)
[2025-06-27T08:14:27.486+0000] {spark_submit.py:571} INFO - at java.base/jdk.internal.reflect.DelegatingConstructorAccessorImpl.newInstance(DelegatingConstructorAccessorImpl.java:45)
[2025-06-27T08:14:27.487+0000] {spark_submit.py:571} INFO - at java.base/java.lang.reflect.Constructor.newInstanceWithCaller(Constructor.java:500)
[2025-06-27T08:14:27.487+0000] {spark_submit.py:571} INFO - at java.base/java.lang.reflect.Constructor.newInstance(Constructor.java:481)
[2025-06-27T08:14:27.488+0000] {spark_submit.py:571} INFO - at py4j.reflection.MethodInvoker.invoke(MethodInvoker.java:247)
[2025-06-27T08:14:27.489+0000] {spark_submit.py:571} INFO - at py4j.reflection.ReflectionEngine.invoke(ReflectionEngine.java:374)
[2025-06-27T08:14:27.490+0000] {spark_submit.py:571} INFO - at py4j.Gateway.invoke(Gateway.java:238)
[2025-06-27T08:14:27.491+0000] {spark_submit.py:571} INFO - at py4j.commands.ConstructorCommand.invokeConstructor(ConstructorCommand.java:80)
[2025-06-27T08:14:27.492+0000] {spark_submit.py:571} INFO - at py4j.commands.ConstructorCommand.execute(ConstructorCommand.java:69)
[2025-06-27T08:14:27.493+0000] {spark_submit.py:571} INFO - at py4j.ClientServerConnection.waitForCommands(ClientServerConnection.java:182)
[2025-06-27T08:14:27.494+0000] {spark_submit.py:571} INFO - at py4j.ClientServerConnection.run(ClientServerConnection.java:106)
[2025-06-27T08:14:27.494+0000] {spark_submit.py:571} INFO - at java.base/java.lang.Thread.run(Thread.java:840)
[2025-06-27T08:14:27.495+0000] {spark_submit.py:571} INFO - 
[2025-06-27T08:14:27.683+0000] {spark_submit.py:571} INFO - 25/06/27 08:14:27 INFO ShutdownHookManager: Shutdown hook called
[2025-06-27T08:14:27.684+0000] {spark_submit.py:571} INFO - 25/06/27 08:14:27 INFO ShutdownHookManager: Deleting directory /tmp/spark-69759c68-216e-4c98-ae1e-626fe0b9438f
[2025-06-27T08:14:27.694+0000] {spark_submit.py:571} INFO - 25/06/27 08:14:27 INFO ShutdownHookManager: Deleting directory /tmp/spark-a2e70c99-fddc-411b-99a9-7b893029698b
[2025-06-27T08:14:27.812+0000] {taskinstance.py:441} INFO - ::group::Post task execution logs
[2025-06-27T08:14:27.861+0000] {taskinstance.py:2905} ERROR - Task failed with exception
Traceback (most recent call last):
  File "/home/airflow/.local/lib/python3.10/site-packages/airflow/models/taskinstance.py", line 465, in _execute_task
    result = _execute_callable(context=context, **execute_callable_kwargs)
  File "/home/airflow/.local/lib/python3.10/site-packages/airflow/models/taskinstance.py", line 432, in _execute_callable
    return execute_callable(context=context, **execute_callable_kwargs)
  File "/home/airflow/.local/lib/python3.10/site-packages/airflow/models/baseoperator.py", line 401, in wrapper
    return func(self, *args, **kwargs)
  File "/home/airflow/.local/lib/python3.10/site-packages/airflow/providers/apache/spark/operators/spark_submit.py", line 174, in execute
    self._hook.submit(self.application)
  File "/home/airflow/.local/lib/python3.10/site-packages/airflow/providers/apache/spark/hooks/spark_submit.py", line 502, in submit
    raise AirflowException(
airflow.exceptions.AirflowException: Cannot execute: /home/***/.local/lib/python3.10/site-packages/pyspark/bin/spark-submit --master yarn --conf spark.master=yarn --conf spark.submit.deployMode=client --conf spark.yarn.appMasterEnv.YARN_CONF_DIR=/opt/hadoop/etc/hadoop --conf spark.yarn.appMasterEnv.HADOOP_CONF_DIR=/opt/hadoop/etc/hadoop --conf spark.executorEnv.YARN_CONF_DIR=/opt/hadoop/etc/hadoop --conf spark.executorEnv.HADOOP_CONF_DIR=/opt/hadoop/etc/hadoop --conf spark.yarn.queue=root.default --packages mysql:mysql-connector-java:8.0.28 --name arrow-spark --verbose --queue root.default /opt/***/include/scripts/save.py /opt/***/data/trusted countries. Error code is: 1.
[2025-06-27T08:14:27.868+0000] {taskinstance.py:1206} INFO - Marking task as FAILED. dag_id=spark_processing_pipeline, task_id=Save_Data_To_MySQL, run_id=manual__2025-06-27T08:01:51.404993+00:00, execution_date=20250627T080151, start_date=20250627T081412, end_date=20250627T081427
[2025-06-27T08:14:27.905+0000] {standard_task_runner.py:110} ERROR - Failed to execute job 29 for task Save_Data_To_MySQL (Cannot execute: /home/***/.local/lib/python3.10/site-packages/pyspark/bin/spark-submit --master yarn --conf spark.master=yarn --conf spark.submit.deployMode=client --conf spark.yarn.appMasterEnv.YARN_CONF_DIR=/opt/hadoop/etc/hadoop --conf spark.yarn.appMasterEnv.HADOOP_CONF_DIR=/opt/hadoop/etc/hadoop --conf spark.executorEnv.YARN_CONF_DIR=/opt/hadoop/etc/hadoop --conf spark.executorEnv.HADOOP_CONF_DIR=/opt/hadoop/etc/hadoop --conf spark.yarn.queue=root.default --packages mysql:mysql-connector-java:8.0.28 --name arrow-spark --verbose --queue root.default /opt/***/include/scripts/save.py /opt/***/data/trusted countries. Error code is: 1.; 1496)
[2025-06-27T08:14:27.948+0000] {local_task_job_runner.py:243} INFO - Task exited with return code 1
[2025-06-27T08:14:28.005+0000] {taskinstance.py:3503} INFO - 0 downstream tasks scheduled from follow-on schedule check
[2025-06-27T08:14:28.008+0000] {local_task_job_runner.py:222} INFO - ::endgroup::
