[2025-06-27T04:31:59.275+0000] {manager.py:470} INFO - Processing files using up to 2 processes at a time 
[2025-06-27T04:31:59.276+0000] {manager.py:471} INFO - Process each file at most once every 30 seconds
[2025-06-27T04:31:59.276+0000] {manager.py:472} INFO - Checking for new files in /opt/airflow/dags every 300 seconds
[2025-06-27T04:31:59.276+0000] {manager.py:737} INFO - Searching for files in /opt/airflow/dags
[2025-06-27T04:31:59.297+0000] {manager.py:740} INFO - There are 2 files in /opt/airflow/dags
[2025-06-27T04:31:59.454+0000] {manager.py:878} INFO - 
================================================================================
DAG File Processing Stats

File Path                         PID  Runtime      # DAGs    # Errors  Last Runtime    Last Run
------------------------------  -----  ---------  --------  ----------  --------------  ----------
/opt/airflow/dags/dag.py          168  0.05s             0           0
/opt/airflow/dags/hello_dag.py    171  0.04s             0           0
================================================================================
[2025-06-27T04:32:29.598+0000] {manager.py:878} INFO - 
================================================================================
DAG File Processing Stats

File Path                       PID    Runtime      # DAGs    # Errors  Last Runtime    Last Run
------------------------------  -----  ---------  --------  ----------  --------------  -------------------
/opt/airflow/dags/dag.py                                 1           0  0.46s           2025-06-27T04:31:59
/opt/airflow/dags/hello_dag.py                           1           0  0.45s           2025-06-27T04:31:59
================================================================================
[2025-06-27T04:32:59.684+0000] {manager.py:878} INFO - 
================================================================================
DAG File Processing Stats

File Path                       PID    Runtime      # DAGs    # Errors  Last Runtime    Last Run
------------------------------  -----  ---------  --------  ----------  --------------  -------------------
/opt/airflow/dags/dag.py                                 1           0  0.65s           2025-06-27T04:32:34
/opt/airflow/dags/hello_dag.py                           1           0  0.14s           2025-06-27T04:32:39
================================================================================
[2025-06-27T04:33:29.884+0000] {manager.py:878} INFO - 
================================================================================
DAG File Processing Stats

File Path                       PID    Runtime      # DAGs    # Errors  Last Runtime    Last Run
------------------------------  -----  ---------  --------  ----------  --------------  -------------------
/opt/airflow/dags/dag.py                                 1           0  0.16s           2025-06-27T04:33:04
/opt/airflow/dags/hello_dag.py                           1           0  0.15s           2025-06-27T04:33:09
================================================================================
[2025-06-27T04:34:00.182+0000] {manager.py:878} INFO - 
================================================================================
DAG File Processing Stats

File Path                       PID    Runtime      # DAGs    # Errors  Last Runtime    Last Run
------------------------------  -----  ---------  --------  ----------  --------------  -------------------
/opt/airflow/dags/hello_dag.py                           1           0  0.65s           2025-06-27T04:33:40
/opt/airflow/dags/dag.py                                 1           0  0.16s           2025-06-27T04:33:35
================================================================================
[2025-06-27T04:34:30.473+0000] {manager.py:878} INFO - 
================================================================================
DAG File Processing Stats

File Path                       PID    Runtime      # DAGs    # Errors  Last Runtime    Last Run
------------------------------  -----  ---------  --------  ----------  --------------  -------------------
/opt/airflow/dags/hello_dag.py                           1           0  0.63s           2025-06-27T04:34:11
/opt/airflow/dags/dag.py                                 1           0  0.15s           2025-06-27T04:34:05
================================================================================
[2025-06-27T04:35:01.370+0000] {manager.py:878} INFO - 
================================================================================
DAG File Processing Stats

File Path                       PID    Runtime      # DAGs    # Errors  Last Runtime    Last Run
------------------------------  -----  ---------  --------  ----------  --------------  -------------------
/opt/airflow/dags/dag.py                                 1           0  0.25s           2025-06-27T04:34:34
/opt/airflow/dags/hello_dag.py                           1           0  0.23s           2025-06-27T04:34:42
================================================================================
[2025-06-27T04:35:31.755+0000] {manager.py:878} INFO - 
================================================================================
DAG File Processing Stats

File Path                       PID    Runtime      # DAGs    # Errors  Last Runtime    Last Run
------------------------------  -----  ---------  --------  ----------  --------------  -------------------
/opt/airflow/dags/dag.py                                 1           0  0.36s           2025-06-27T04:35:31
/opt/airflow/dags/hello_dag.py                           1           0  0.13s           2025-06-27T04:35:12
================================================================================
[2025-06-27T04:36:02.286+0000] {manager.py:878} INFO - 
================================================================================
DAG File Processing Stats

File Path                       PID    Runtime      # DAGs    # Errors  Last Runtime    Last Run
------------------------------  -----  ---------  --------  ----------  --------------  -------------------
/opt/airflow/dags/hello_dag.py                           1           0  0.36s           2025-06-27T04:35:43
/opt/airflow/dags/dag.py                                 1           0  0.24s           2025-06-27T04:35:44
================================================================================
[2025-06-27T04:36:32.603+0000] {manager.py:878} INFO - 
================================================================================
DAG File Processing Stats

File Path                       PID    Runtime      # DAGs    # Errors  Last Runtime    Last Run
------------------------------  -----  ---------  --------  ----------  --------------  -------------------
/opt/airflow/dags/dag.py                                 1           0  0.26s           2025-06-27T04:36:14
/opt/airflow/dags/hello_dag.py                           1           0  0.15s           2025-06-27T04:36:13
================================================================================
[2025-06-27T04:36:59.980+0000] {manager.py:737} INFO - Searching for files in /opt/airflow/dags
[2025-06-27T04:36:59.992+0000] {manager.py:740} INFO - There are 2 files in /opt/airflow/dags
[2025-06-27T04:37:03.030+0000] {manager.py:878} INFO - 
================================================================================
DAG File Processing Stats

File Path                       PID    Runtime      # DAGs    # Errors  Last Runtime    Last Run
------------------------------  -----  ---------  --------  ----------  --------------  -------------------
/opt/airflow/dags/hello_dag.py                           1           0  0.49s           2025-06-27T04:36:44
/opt/airflow/dags/dag.py                                 1           0  0.16s           2025-06-27T04:36:45
================================================================================
[2025-06-27T04:37:33.538+0000] {manager.py:878} INFO - 
================================================================================
DAG File Processing Stats

File Path                       PID    Runtime      # DAGs    # Errors  Last Runtime    Last Run
------------------------------  -----  ---------  --------  ----------  --------------  -------------------
/opt/airflow/dags/dag.py                                 1           0  0.47s           2025-06-27T04:37:15
/opt/airflow/dags/hello_dag.py                           1           0  0.25s           2025-06-27T04:37:14
================================================================================
[2025-06-27T04:38:03.870+0000] {manager.py:878} INFO - 
================================================================================
DAG File Processing Stats

File Path                       PID    Runtime      # DAGs    # Errors  Last Runtime    Last Run
------------------------------  -----  ---------  --------  ----------  --------------  -------------------
/opt/airflow/dags/dag.py                                 1           0  0.31s           2025-06-27T04:37:46
/opt/airflow/dags/hello_dag.py                           1           0  0.15s           2025-06-27T04:37:44
================================================================================
[2025-06-27T04:38:34.374+0000] {manager.py:878} INFO - 
================================================================================
DAG File Processing Stats

File Path                       PID    Runtime      # DAGs    # Errors  Last Runtime    Last Run
------------------------------  -----  ---------  --------  ----------  --------------  -------------------
/opt/airflow/dags/dag.py                                 1           0  0.45s           2025-06-27T04:38:16
/opt/airflow/dags/hello_dag.py                           1           0  0.35s           2025-06-27T04:38:15
================================================================================
[2025-06-27T04:39:04.921+0000] {manager.py:878} INFO - 
================================================================================
DAG File Processing Stats

File Path                       PID    Runtime      # DAGs    # Errors  Last Runtime    Last Run
------------------------------  -----  ---------  --------  ----------  --------------  -------------------
/opt/airflow/dags/hello_dag.py                           1           0  0.35s           2025-06-27T04:38:45
/opt/airflow/dags/dag.py                                 1           0  0.26s           2025-06-27T04:38:59
================================================================================
[2025-06-27T04:39:21.194+0000] {manager.py:452} INFO - Exiting gracefully upon receiving signal 15
[2025-06-27T04:42:05.247+0000] {manager.py:470} INFO - Processing files using up to 2 processes at a time 
[2025-06-27T04:42:05.249+0000] {manager.py:471} INFO - Process each file at most once every 30 seconds
[2025-06-27T04:42:05.250+0000] {manager.py:472} INFO - Checking for new files in /opt/airflow/dags every 300 seconds
[2025-06-27T04:42:05.251+0000] {manager.py:737} INFO - Searching for files in /opt/airflow/dags
[2025-06-27T04:42:05.264+0000] {manager.py:740} INFO - There are 2 files in /opt/airflow/dags
[2025-06-27T04:42:05.423+0000] {manager.py:878} INFO - 
================================================================================
DAG File Processing Stats

File Path                         PID  Runtime      # DAGs    # Errors  Last Runtime    Last Run
------------------------------  -----  ---------  --------  ----------  --------------  ----------
/opt/airflow/dags/dag.py          168  0.05s             0           0
/opt/airflow/dags/hello_dag.py    171  0.05s             0           0
================================================================================
[2025-06-27T04:42:35.750+0000] {manager.py:878} INFO - 
================================================================================
DAG File Processing Stats

File Path                         PID  Runtime      # DAGs    # Errors  Last Runtime    Last Run
------------------------------  -----  ---------  --------  ----------  --------------  -------------------
/opt/airflow/dags/hello_dag.py    181  0.00s             1           0  0.22s           2025-06-27T04:42:05
/opt/airflow/dags/dag.py          178  0.01s             1           0  0.21s           2025-06-27T04:42:05
================================================================================
[2025-06-27T04:43:05.904+0000] {manager.py:878} INFO - 
================================================================================
DAG File Processing Stats

File Path                       PID    Runtime      # DAGs    # Errors  Last Runtime    Last Run
------------------------------  -----  ---------  --------  ----------  --------------  -------------------
/opt/airflow/dags/dag.py                                 1           0  0.66s           2025-06-27T04:42:36
/opt/airflow/dags/hello_dag.py                           1           0  0.65s           2025-06-27T04:42:36
================================================================================
[2025-06-27T04:43:35.990+0000] {manager.py:878} INFO - 
================================================================================
DAG File Processing Stats

File Path                       PID    Runtime      # DAGs    # Errors  Last Runtime    Last Run
------------------------------  -----  ---------  --------  ----------  --------------  -------------------
/opt/airflow/dags/dag.py                                 1           0  0.19s           2025-06-27T04:43:06
/opt/airflow/dags/hello_dag.py                           1           0  0.17s           2025-06-27T04:43:06
================================================================================
[2025-06-27T04:44:06.319+0000] {manager.py:878} INFO - 
================================================================================
DAG File Processing Stats

File Path                       PID    Runtime      # DAGs    # Errors  Last Runtime    Last Run
------------------------------  -----  ---------  --------  ----------  --------------  -------------------
/opt/airflow/dags/dag.py                                 1           0  0.18s           2025-06-27T04:43:37
/opt/airflow/dags/hello_dag.py                           1           0  0.15s           2025-06-27T04:43:37
================================================================================
[2025-06-27T04:44:35.529+0000] {manager.py:452} INFO - Exiting gracefully upon receiving signal 15
[2025-06-27T04:46:37.424+0000] {manager.py:470} INFO - Processing files using up to 2 processes at a time 
[2025-06-27T04:46:37.425+0000] {manager.py:471} INFO - Process each file at most once every 30 seconds
[2025-06-27T04:46:37.425+0000] {manager.py:472} INFO - Checking for new files in /opt/airflow/dags every 300 seconds
[2025-06-27T04:46:37.426+0000] {manager.py:737} INFO - Searching for files in /opt/airflow/dags
[2025-06-27T04:46:37.434+0000] {manager.py:740} INFO - There are 2 files in /opt/airflow/dags
[2025-06-27T04:46:37.567+0000] {manager.py:878} INFO - 
================================================================================
DAG File Processing Stats

File Path                         PID  Runtime      # DAGs    # Errors  Last Runtime    Last Run
------------------------------  -----  ---------  --------  ----------  --------------  ----------
/opt/airflow/dags/dag.py          168  0.05s             0           0
/opt/airflow/dags/hello_dag.py    171  0.04s             0           0
================================================================================
[2025-06-27T04:47:07.867+0000] {manager.py:878} INFO - 
================================================================================
DAG File Processing Stats

File Path                         PID  Runtime      # DAGs    # Errors  Last Runtime    Last Run
------------------------------  -----  ---------  --------  ----------  --------------  -------------------
/opt/airflow/dags/dag.py          178  0.01s             1           0  0.19s           2025-06-27T04:46:37
/opt/airflow/dags/hello_dag.py    181  0.00s             1           0  0.17s           2025-06-27T04:46:37
================================================================================
[2025-06-27T04:47:38.591+0000] {manager.py:878} INFO - 
================================================================================
DAG File Processing Stats

File Path                         PID  Runtime      # DAGs    # Errors  Last Runtime    Last Run
------------------------------  -----  ---------  --------  ----------  --------------  -------------------
/opt/airflow/dags/dag.py          188  0.01s             1           0  0.56s           2025-06-27T04:47:08
/opt/airflow/dags/hello_dag.py    191  0.00s             1           0  0.55s           2025-06-27T04:47:08
================================================================================
[2025-06-27T04:48:09.280+0000] {manager.py:878} INFO - 
================================================================================
DAG File Processing Stats

File Path                         PID  Runtime      # DAGs    # Errors  Last Runtime    Last Run
------------------------------  -----  ---------  --------  ----------  --------------  -------------------
/opt/airflow/dags/dag.py          198  0.01s             1           0  0.53s           2025-06-27T04:47:39
/opt/airflow/dags/hello_dag.py    201  0.00s             1           0  0.51s           2025-06-27T04:47:39
================================================================================
[2025-06-27T04:48:39.611+0000] {manager.py:878} INFO - 
================================================================================
DAG File Processing Stats

File Path                         PID  Runtime      # DAGs    # Errors  Last Runtime    Last Run
------------------------------  -----  ---------  --------  ----------  --------------  -------------------
/opt/airflow/dags/dag.py          208  0.01s             1           0  0.18s           2025-06-27T04:48:09
/opt/airflow/dags/hello_dag.py    211  0.00s             1           0  0.15s           2025-06-27T04:48:09
================================================================================
[2025-06-27T04:49:09.759+0000] {manager.py:878} INFO - 
================================================================================
DAG File Processing Stats

File Path                       PID    Runtime      # DAGs    # Errors  Last Runtime    Last Run
------------------------------  -----  ---------  --------  ----------  --------------  -------------------
/opt/airflow/dags/dag.py                                 1           0  0.34s           2025-06-27T04:48:39
/opt/airflow/dags/hello_dag.py                           1           0  0.33s           2025-06-27T04:48:39
================================================================================
[2025-06-27T04:49:40.249+0000] {manager.py:878} INFO - 
================================================================================
DAG File Processing Stats

File Path                       PID    Runtime      # DAGs    # Errors  Last Runtime    Last Run
------------------------------  -----  ---------  --------  ----------  --------------  -------------------
/opt/airflow/dags/dag.py                                 1           0  0.45s           2025-06-27T04:49:10
/opt/airflow/dags/hello_dag.py                           1           0  0.44s           2025-06-27T04:49:10
================================================================================
[2025-06-27T04:50:11.148+0000] {manager.py:878} INFO - 
================================================================================
DAG File Processing Stats

File Path                         PID  Runtime      # DAGs    # Errors  Last Runtime    Last Run
------------------------------  -----  ---------  --------  ----------  --------------  -------------------
/opt/airflow/dags/dag.py          243  0.02s             1           0  0.27s           2025-06-27T04:49:40
/opt/airflow/dags/hello_dag.py    246  0.00s             1           0  0.24s           2025-06-27T04:49:40
================================================================================
[2025-06-27T04:50:41.531+0000] {manager.py:878} INFO - 
================================================================================
DAG File Processing Stats

File Path                         PID  Runtime      # DAGs    # Errors  Last Runtime    Last Run
------------------------------  -----  ---------  --------  ----------  --------------  -------------------
/opt/airflow/dags/dag.py                                 1           0  0.45s           2025-06-27T04:50:36
/opt/airflow/dags/hello_dag.py    258  0.00s             1           0  0.16s           2025-06-27T04:50:11
================================================================================
[2025-06-27T04:51:12.034+0000] {manager.py:878} INFO - 
================================================================================
DAG File Processing Stats

File Path                         PID  Runtime      # DAGs    # Errors  Last Runtime    Last Run
------------------------------  -----  ---------  --------  ----------  --------------  -------------------
/opt/airflow/dags/hello_dag.py    268  0.00s             1           0  0.34s           2025-06-27T04:50:41
/opt/airflow/dags/dag.py                                 1           0  0.17s           2025-06-27T04:51:07
================================================================================
[2025-06-27T04:51:37.531+0000] {manager.py:737} INFO - Searching for files in /opt/airflow/dags
[2025-06-27T04:51:37.539+0000] {manager.py:740} INFO - There are 2 files in /opt/airflow/dags
[2025-06-27T04:51:42.352+0000] {manager.py:878} INFO - 
================================================================================
DAG File Processing Stats

File Path                         PID  Runtime      # DAGs    # Errors  Last Runtime    Last Run
------------------------------  -----  ---------  --------  ----------  --------------  -------------------
/opt/airflow/dags/dag.py                                 1           0  0.22s           2025-06-27T04:51:37
/opt/airflow/dags/hello_dag.py    278  0.01s             1           0  0.15s           2025-06-27T04:51:12
================================================================================
[2025-06-27T04:52:12.651+0000] {manager.py:878} INFO - 
================================================================================
DAG File Processing Stats

File Path                         PID  Runtime      # DAGs    # Errors  Last Runtime    Last Run
------------------------------  -----  ---------  --------  ----------  --------------  -------------------
/opt/airflow/dags/dag.py                                 1           0  0.24s           2025-06-27T04:52:07
/opt/airflow/dags/hello_dag.py    288  0.00s             1           0  0.16s           2025-06-27T04:51:42
================================================================================
[2025-06-27T04:52:43.060+0000] {manager.py:878} INFO - 
================================================================================
DAG File Processing Stats

File Path                         PID  Runtime      # DAGs    # Errors  Last Runtime    Last Run
------------------------------  -----  ---------  --------  ----------  --------------  -------------------
/opt/airflow/dags/hello_dag.py    298  0.00s             1           0  0.23s           2025-06-27T04:52:12
/opt/airflow/dags/dag.py                                 1           0  0.21s           2025-06-27T04:52:38
================================================================================
[2025-06-27T04:53:13.363+0000] {manager.py:878} INFO - 
================================================================================
DAG File Processing Stats

File Path                         PID  Runtime      # DAGs    # Errors  Last Runtime    Last Run
------------------------------  -----  ---------  --------  ----------  --------------  -------------------
/opt/airflow/dags/hello_dag.py    308  0.00s             1           0  0.16s           2025-06-27T04:52:43
/opt/airflow/dags/dag.py                                 1           0  0.14s           2025-06-27T04:53:08
================================================================================
[2025-06-27T04:53:43.633+0000] {manager.py:878} INFO - 
================================================================================
DAG File Processing Stats

File Path                         PID  Runtime      # DAGs    # Errors  Last Runtime    Last Run
------------------------------  -----  ---------  --------  ----------  --------------  -------------------
/opt/airflow/dags/dag.py                                 1           0  0.17s           2025-06-27T04:53:38
/opt/airflow/dags/hello_dag.py    318  0.00s             1           0  0.12s           2025-06-27T04:53:13
================================================================================
[2025-06-27T04:54:13.889+0000] {manager.py:878} INFO - 
================================================================================
DAG File Processing Stats

File Path                       PID    Runtime      # DAGs    # Errors  Last Runtime    Last Run
------------------------------  -----  ---------  --------  ----------  --------------  -------------------
/opt/airflow/dags/hello_dag.py                           1           0  0.69s           2025-06-27T04:53:44
/opt/airflow/dags/dag.py                                 1           0  0.17s           2025-06-27T04:54:09
================================================================================
[2025-06-27T04:54:33.417+0000] {manager.py:452} INFO - Exiting gracefully upon receiving signal 15
[2025-06-27T04:56:40.152+0000] {manager.py:470} INFO - Processing files using up to 2 processes at a time 
[2025-06-27T04:56:40.153+0000] {manager.py:471} INFO - Process each file at most once every 30 seconds
[2025-06-27T04:56:40.153+0000] {manager.py:472} INFO - Checking for new files in /opt/airflow/dags every 300 seconds
[2025-06-27T04:56:40.154+0000] {manager.py:737} INFO - Searching for files in /opt/airflow/dags
[2025-06-27T04:56:40.164+0000] {manager.py:740} INFO - There are 2 files in /opt/airflow/dags
[2025-06-27T04:56:40.301+0000] {manager.py:878} INFO - 
================================================================================
DAG File Processing Stats

File Path                         PID  Runtime      # DAGs    # Errors  Last Runtime    Last Run
------------------------------  -----  ---------  --------  ----------  --------------  ----------
/opt/airflow/dags/dag.py          168  0.05s             0           0
/opt/airflow/dags/hello_dag.py    171  0.04s             0           0
================================================================================
[2025-06-27T04:57:10.668+0000] {manager.py:878} INFO - 
================================================================================
DAG File Processing Stats

File Path                         PID  Runtime      # DAGs    # Errors  Last Runtime    Last Run
------------------------------  -----  ---------  --------  ----------  --------------  -------------------
/opt/airflow/dags/dag.py          178  0.01s             1           0  0.24s           2025-06-27T04:56:40
/opt/airflow/dags/hello_dag.py    181  0.00s             1           0  0.23s           2025-06-27T04:56:40
================================================================================
[2025-06-27T04:57:41.197+0000] {manager.py:878} INFO - 
================================================================================
DAG File Processing Stats

File Path                         PID  Runtime      # DAGs    # Errors  Last Runtime    Last Run
------------------------------  -----  ---------  --------  ----------  --------------  -------------------
/opt/airflow/dags/dag.py          200  0.01s             1           0  0.38s           2025-06-27T04:57:11
/opt/airflow/dags/hello_dag.py    203  0.00s             1           0  0.36s           2025-06-27T04:57:11
================================================================================
[2025-06-27T04:58:11.602+0000] {manager.py:878} INFO - 
================================================================================
DAG File Processing Stats

File Path                         PID  Runtime      # DAGs    # Errors  Last Runtime    Last Run
------------------------------  -----  ---------  --------  ----------  --------------  -------------------
/opt/airflow/dags/dag.py          228  0.01s             1           0  0.25s           2025-06-27T04:57:41
/opt/airflow/dags/hello_dag.py    231  0.00s             1           0  0.23s           2025-06-27T04:57:41
================================================================================
[2025-06-27T04:58:41.788+0000] {manager.py:878} INFO - 
================================================================================
DAG File Processing Stats

File Path                         PID  Runtime      # DAGs    # Errors  Last Runtime    Last Run
------------------------------  -----  ---------  --------  ----------  --------------  -------------------
/opt/airflow/dags/dag.py          238  0.01s             1           0  0.18s           2025-06-27T04:58:11
/opt/airflow/dags/hello_dag.py    241  0.00s             1           0  0.16s           2025-06-27T04:58:11
================================================================================
[2025-06-27T04:59:12.302+0000] {manager.py:878} INFO - 
================================================================================
DAG File Processing Stats

File Path                         PID  Runtime      # DAGs    # Errors  Last Runtime    Last Run
------------------------------  -----  ---------  --------  ----------  --------------  -------------------
/opt/airflow/dags/dag.py          248  0.01s             1           0  0.35s           2025-06-27T04:58:42
/opt/airflow/dags/hello_dag.py    251  0.00s             1           0  0.34s           2025-06-27T04:58:42
================================================================================
[2025-06-27T04:59:42.665+0000] {manager.py:878} INFO - 
================================================================================
DAG File Processing Stats

File Path                         PID  Runtime      # DAGs    # Errors  Last Runtime    Last Run
------------------------------  -----  ---------  --------  ----------  --------------  -------------------
/opt/airflow/dags/dag.py          258  0.01s             1           0  0.22s           2025-06-27T04:59:12
/opt/airflow/dags/hello_dag.py    261  0.00s             1           0  0.19s           2025-06-27T04:59:12
================================================================================
[2025-06-27T05:00:13.000+0000] {manager.py:878} INFO - 
================================================================================
DAG File Processing Stats

File Path                         PID  Runtime      # DAGs    # Errors  Last Runtime    Last Run
------------------------------  -----  ---------  --------  ----------  --------------  -------------------
/opt/airflow/dags/dag.py          268  0.01s             1           0  0.20s           2025-06-27T04:59:42
/opt/airflow/dags/hello_dag.py    271  0.00s             1           0  0.18s           2025-06-27T04:59:42
================================================================================
[2025-06-27T05:00:43.343+0000] {manager.py:878} INFO - 
================================================================================
DAG File Processing Stats

File Path                         PID  Runtime      # DAGs    # Errors  Last Runtime    Last Run
------------------------------  -----  ---------  --------  ----------  --------------  -------------------
/opt/airflow/dags/dag.py          278  0.01s             1           0  0.19s           2025-06-27T05:00:13
/opt/airflow/dags/hello_dag.py    281  0.00s             1           0  0.17s           2025-06-27T05:00:13
================================================================================
[2025-06-27T05:01:13.522+0000] {manager.py:878} INFO - 
================================================================================
DAG File Processing Stats

File Path                         PID  Runtime      # DAGs    # Errors  Last Runtime    Last Run
------------------------------  -----  ---------  --------  ----------  --------------  -------------------
/opt/airflow/dags/dag.py                                 1           0  0.18s           2025-06-27T05:00:43
/opt/airflow/dags/hello_dag.py    288  0.00s             1           0  0.17s           2025-06-27T05:00:43
================================================================================
[2025-06-27T05:01:16.934+0000] {manager.py:452} INFO - Exiting gracefully upon receiving signal 15
[2025-06-27T05:01:26.642+0000] {manager.py:470} INFO - Processing files using up to 2 processes at a time 
[2025-06-27T05:01:26.643+0000] {manager.py:471} INFO - Process each file at most once every 30 seconds
[2025-06-27T05:01:26.643+0000] {manager.py:472} INFO - Checking for new files in /opt/airflow/dags every 300 seconds
[2025-06-27T05:01:26.643+0000] {manager.py:737} INFO - Searching for files in /opt/airflow/dags
[2025-06-27T05:01:26.650+0000] {manager.py:740} INFO - There are 2 files in /opt/airflow/dags
[2025-06-27T05:01:26.768+0000] {manager.py:878} INFO - 
================================================================================
DAG File Processing Stats

File Path                         PID  Runtime      # DAGs    # Errors  Last Runtime    Last Run
------------------------------  -----  ---------  --------  ----------  --------------  ----------
/opt/airflow/dags/dag.py          168  0.05s             0           0
/opt/airflow/dags/hello_dag.py    171  0.04s             0           0
================================================================================
[2025-06-27T05:01:56.918+0000] {manager.py:878} INFO - 
================================================================================
DAG File Processing Stats

File Path                       PID    Runtime      # DAGs    # Errors  Last Runtime    Last Run
------------------------------  -----  ---------  --------  ----------  --------------  -------------------
/opt/airflow/dags/dag.py                                 1           0  0.40s           2025-06-27T05:01:27
/opt/airflow/dags/hello_dag.py                           1           0  0.39s           2025-06-27T05:01:27
================================================================================
[2025-06-27T05:02:27.614+0000] {manager.py:878} INFO - 
================================================================================
DAG File Processing Stats

File Path                         PID  Runtime      # DAGs    # Errors  Last Runtime    Last Run
------------------------------  -----  ---------  --------  ----------  --------------  -------------------
/opt/airflow/dags/dag.py          226  0.02s             1           0  0.18s           2025-06-27T05:01:57
/opt/airflow/dags/hello_dag.py    229  0.00s             1           0  0.15s           2025-06-27T05:01:57
================================================================================
[2025-06-27T05:02:53.548+0000] {manager.py:452} INFO - Exiting gracefully upon receiving signal 15
[2025-06-27T05:03:03.204+0000] {manager.py:470} INFO - Processing files using up to 2 processes at a time 
[2025-06-27T05:03:03.205+0000] {manager.py:471} INFO - Process each file at most once every 30 seconds
[2025-06-27T05:03:03.205+0000] {manager.py:472} INFO - Checking for new files in /opt/airflow/dags every 300 seconds
[2025-06-27T05:03:03.206+0000] {manager.py:737} INFO - Searching for files in /opt/airflow/dags
[2025-06-27T05:03:03.215+0000] {manager.py:740} INFO - There are 2 files in /opt/airflow/dags
[2025-06-27T05:03:03.319+0000] {manager.py:878} INFO - 
================================================================================
DAG File Processing Stats

File Path                         PID  Runtime      # DAGs    # Errors  Last Runtime    Last Run
------------------------------  -----  ---------  --------  ----------  --------------  ----------
/opt/airflow/dags/dag.py          168  0.04s             0           0
/opt/airflow/dags/hello_dag.py    171  0.03s             0           0
================================================================================
[2025-06-27T05:03:33.479+0000] {manager.py:878} INFO - 
================================================================================
DAG File Processing Stats

File Path                       PID    Runtime      # DAGs    # Errors  Last Runtime    Last Run
------------------------------  -----  ---------  --------  ----------  --------------  -------------------
/opt/airflow/dags/dag.py                                 1           0  0.25s           2025-06-27T05:03:03
/opt/airflow/dags/hello_dag.py                           1           0  0.25s           2025-06-27T05:03:03
================================================================================
[2025-06-27T05:03:44.752+0000] {manager.py:452} INFO - Exiting gracefully upon receiving signal 15
[2025-06-27T05:03:54.939+0000] {manager.py:470} INFO - Processing files using up to 2 processes at a time 
[2025-06-27T05:03:54.939+0000] {manager.py:471} INFO - Process each file at most once every 30 seconds
[2025-06-27T05:03:54.940+0000] {manager.py:472} INFO - Checking for new files in /opt/airflow/dags every 300 seconds
[2025-06-27T05:03:54.941+0000] {manager.py:737} INFO - Searching for files in /opt/airflow/dags
[2025-06-27T05:03:54.948+0000] {manager.py:740} INFO - There are 2 files in /opt/airflow/dags
[2025-06-27T05:03:55.037+0000] {manager.py:878} INFO - 
================================================================================
DAG File Processing Stats

File Path                         PID  Runtime      # DAGs    # Errors  Last Runtime    Last Run
------------------------------  -----  ---------  --------  ----------  --------------  ----------
/opt/airflow/dags/dag.py          168  0.03s             0           0
/opt/airflow/dags/hello_dag.py    171  0.03s             0           0
================================================================================
[2025-06-27T05:04:25.410+0000] {manager.py:878} INFO - 
================================================================================
DAG File Processing Stats

File Path                         PID  Runtime      # DAGs    # Errors  Last Runtime    Last Run
------------------------------  -----  ---------  --------  ----------  --------------  -------------------
/opt/airflow/dags/dag.py          191  0.01s             1           0  0.25s           2025-06-27T05:03:55
/opt/airflow/dags/hello_dag.py    194  0.00s             1           0  0.22s           2025-06-27T05:03:55
================================================================================
[2025-06-27T05:04:55.449+0000] {manager.py:878} INFO - 
================================================================================
DAG File Processing Stats

File Path                       PID    Runtime      # DAGs    # Errors  Last Runtime    Last Run
------------------------------  -----  ---------  --------  ----------  --------------  -------------------
/opt/airflow/dags/dag.py                                 1           0  0.22s           2025-06-27T05:04:49
/opt/airflow/dags/hello_dag.py                           1           0  0.16s           2025-06-27T05:04:25
================================================================================
[2025-06-27T05:05:10.465+0000] {manager.py:452} INFO - Exiting gracefully upon receiving signal 15
[2025-06-27T05:05:19.471+0000] {manager.py:470} INFO - Processing files using up to 2 processes at a time 
[2025-06-27T05:05:19.472+0000] {manager.py:471} INFO - Process each file at most once every 30 seconds
[2025-06-27T05:05:19.473+0000] {manager.py:472} INFO - Checking for new files in /opt/airflow/dags every 300 seconds
[2025-06-27T05:05:19.473+0000] {manager.py:737} INFO - Searching for files in /opt/airflow/dags
[2025-06-27T05:05:19.483+0000] {manager.py:740} INFO - There are 2 files in /opt/airflow/dags
[2025-06-27T05:05:19.590+0000] {manager.py:878} INFO - 
================================================================================
DAG File Processing Stats

File Path                         PID  Runtime      # DAGs    # Errors  Last Runtime    Last Run
------------------------------  -----  ---------  --------  ----------  --------------  ----------
/opt/airflow/dags/dag.py          168  0.05s             0           0
/opt/airflow/dags/hello_dag.py    171  0.04s             0           0
================================================================================
[2025-06-27T05:05:49.892+0000] {manager.py:878} INFO - 
================================================================================
DAG File Processing Stats

File Path                         PID  Runtime      # DAGs    # Errors  Last Runtime    Last Run
------------------------------  -----  ---------  --------  ----------  --------------  -------------------
/opt/airflow/dags/dag.py          213  0.01s             1           0  0.18s           2025-06-27T05:05:19
/opt/airflow/dags/hello_dag.py    216  0.00s             1           0  0.16s           2025-06-27T05:05:19
================================================================================
[2025-06-27T05:06:20.255+0000] {manager.py:878} INFO - 
================================================================================
DAG File Processing Stats

File Path                         PID  Runtime      # DAGs    # Errors  Last Runtime    Last Run
------------------------------  -----  ---------  --------  ----------  --------------  -------------------
/opt/airflow/dags/dag.py          242  0.02s             1           0  0.18s           2025-06-27T05:05:50
/opt/airflow/dags/hello_dag.py    245  0.01s             1           0  0.16s           2025-06-27T05:05:50
================================================================================
[2025-06-27T05:06:50.410+0000] {manager.py:878} INFO - 
================================================================================
DAG File Processing Stats

File Path                       PID    Runtime      # DAGs    # Errors  Last Runtime    Last Run
------------------------------  -----  ---------  --------  ----------  --------------  -------------------
/opt/airflow/dags/dag.py                                 1           0  0.50s           2025-06-27T05:06:20
/opt/airflow/dags/hello_dag.py                           1           0  0.48s           2025-06-27T05:06:20
================================================================================
[2025-06-27T05:07:21.240+0000] {manager.py:878} INFO - 
================================================================================
DAG File Processing Stats

File Path                         PID  Runtime      # DAGs    # Errors  Last Runtime    Last Run
------------------------------  -----  ---------  --------  ----------  --------------  -------------------
/opt/airflow/dags/dag.py          262  0.01s             1           0  0.20s           2025-06-27T05:06:51
/opt/airflow/dags/hello_dag.py    265  0.00s             1           0  0.17s           2025-06-27T05:06:51
================================================================================
[2025-06-27T05:07:51.400+0000] {manager.py:878} INFO - 
================================================================================
DAG File Processing Stats

File Path                       PID    Runtime      # DAGs    # Errors  Last Runtime    Last Run
------------------------------  -----  ---------  --------  ----------  --------------  -------------------
/opt/airflow/dags/dag.py                                 1           0  0.32s           2025-06-27T05:07:21
/opt/airflow/dags/hello_dag.py                           1           0  0.31s           2025-06-27T05:07:21
================================================================================
[2025-06-27T05:08:22.067+0000] {manager.py:878} INFO - 
================================================================================
DAG File Processing Stats

File Path                         PID  Runtime      # DAGs    # Errors  Last Runtime    Last Run
------------------------------  -----  ---------  --------  ----------  --------------  -------------------
/opt/airflow/dags/dag.py          282  0.01s             1           0  0.22s           2025-06-27T05:07:51
/opt/airflow/dags/hello_dag.py    285  0.00s             1           0  0.20s           2025-06-27T05:07:51
================================================================================
[2025-06-27T05:08:52.259+0000] {manager.py:878} INFO - 
================================================================================
DAG File Processing Stats

File Path                         PID  Runtime      # DAGs    # Errors  Last Runtime    Last Run
------------------------------  -----  ---------  --------  ----------  --------------  -------------------
/opt/airflow/dags/dag.py          292  0.02s             1           0  0.16s           2025-06-27T05:08:22
/opt/airflow/dags/hello_dag.py    295  0.01s             1           0  0.16s           2025-06-27T05:08:22
================================================================================
[2025-06-27T05:09:22.549+0000] {manager.py:878} INFO - 
================================================================================
DAG File Processing Stats

File Path                         PID  Runtime      # DAGs    # Errors  Last Runtime    Last Run
------------------------------  -----  ---------  --------  ----------  --------------  -------------------
/opt/airflow/dags/dag.py          302  0.02s             1           0  0.26s           2025-06-27T05:08:52
/opt/airflow/dags/hello_dag.py    305  0.01s             1           0  0.26s           2025-06-27T05:08:52
================================================================================
[2025-06-27T05:09:52.899+0000] {manager.py:878} INFO - 
================================================================================
DAG File Processing Stats

File Path                         PID  Runtime      # DAGs    # Errors  Last Runtime    Last Run
------------------------------  -----  ---------  --------  ----------  --------------  -------------------
/opt/airflow/dags/dag.py          312  0.02s             1           0  0.19s           2025-06-27T05:09:22
/opt/airflow/dags/hello_dag.py    315  0.00s             1           0  0.16s           2025-06-27T05:09:22
================================================================================
[2025-06-27T05:10:19.479+0000] {manager.py:737} INFO - Searching for files in /opt/airflow/dags
[2025-06-27T05:10:19.489+0000] {manager.py:740} INFO - There are 2 files in /opt/airflow/dags
[2025-06-27T05:10:23.551+0000] {manager.py:878} INFO - 
================================================================================
DAG File Processing Stats

File Path                         PID  Runtime      # DAGs    # Errors  Last Runtime    Last Run
------------------------------  -----  ---------  --------  ----------  --------------  -------------------
/opt/airflow/dags/dag.py          322  0.02s             1           0  0.47s           2025-06-27T05:09:53
/opt/airflow/dags/hello_dag.py    325  0.01s             1           0  0.45s           2025-06-27T05:09:53
================================================================================
[2025-06-27T05:10:53.894+0000] {manager.py:878} INFO - 
================================================================================
DAG File Processing Stats

File Path                         PID  Runtime      # DAGs    # Errors  Last Runtime    Last Run
------------------------------  -----  ---------  --------  ----------  --------------  -------------------
/opt/airflow/dags/dag.py          342  0.01s             1           0  0.22s           2025-06-27T05:10:23
/opt/airflow/dags/hello_dag.py    345  0.01s             1           0  0.17s           2025-06-27T05:10:23
================================================================================
[2025-06-27T05:11:24.483+0000] {manager.py:878} INFO - 
================================================================================
DAG File Processing Stats

File Path                         PID  Runtime      # DAGs    # Errors  Last Runtime    Last Run
------------------------------  -----  ---------  --------  ----------  --------------  -------------------
/opt/airflow/dags/dag.py          352  0.02s             1           0  0.43s           2025-06-27T05:10:54
/opt/airflow/dags/hello_dag.py    355  0.01s             1           0  0.43s           2025-06-27T05:10:54
================================================================================
[2025-06-27T05:11:55.170+0000] {manager.py:878} INFO - 
================================================================================
DAG File Processing Stats

File Path                         PID  Runtime      # DAGs    # Errors  Last Runtime    Last Run
------------------------------  -----  ---------  --------  ----------  --------------  -------------------
/opt/airflow/dags/dag.py          362  0.02s             1           0  0.55s           2025-06-27T05:11:25
/opt/airflow/dags/hello_dag.py    365  0.01s             1           0  0.51s           2025-06-27T05:11:24
================================================================================
[2025-06-27T05:12:25.530+0000] {manager.py:878} INFO - 
================================================================================
DAG File Processing Stats

File Path                         PID  Runtime      # DAGs    # Errors  Last Runtime    Last Run
------------------------------  -----  ---------  --------  ----------  --------------  -------------------
/opt/airflow/dags/dag.py          372  0.02s             1           0  0.21s           2025-06-27T05:11:55
/opt/airflow/dags/hello_dag.py    375  0.01s             1           0  0.17s           2025-06-27T05:11:55
================================================================================
[2025-06-27T05:12:56.318+0000] {manager.py:878} INFO - 
================================================================================
DAG File Processing Stats

File Path                         PID  Runtime      # DAGs    # Errors  Last Runtime    Last Run
------------------------------  -----  ---------  --------  ----------  --------------  -------------------
/opt/airflow/dags/dag.py          382  0.01s             1           0  0.64s           2025-06-27T05:12:26
/opt/airflow/dags/hello_dag.py    385  0.00s             1           0  0.62s           2025-06-27T05:12:26
================================================================================
[2025-06-27T05:13:26.752+0000] {manager.py:878} INFO - 
================================================================================
DAG File Processing Stats

File Path                         PID  Runtime      # DAGs    # Errors  Last Runtime    Last Run
------------------------------  -----  ---------  --------  ----------  --------------  -------------------
/opt/airflow/dags/dag.py          392  0.02s             1           0  0.26s           2025-06-27T05:12:56
/opt/airflow/dags/hello_dag.py    395  0.00s             1           0  0.25s           2025-06-27T05:12:56
================================================================================
[2025-06-27T05:13:32.729+0000] {manager.py:452} INFO - Exiting gracefully upon receiving signal 15
[2025-06-27T05:13:42.968+0000] {manager.py:470} INFO - Processing files using up to 2 processes at a time 
[2025-06-27T05:13:42.969+0000] {manager.py:471} INFO - Process each file at most once every 30 seconds
[2025-06-27T05:13:42.970+0000] {manager.py:472} INFO - Checking for new files in /opt/airflow/dags every 300 seconds
[2025-06-27T05:13:42.970+0000] {manager.py:737} INFO - Searching for files in /opt/airflow/dags
[2025-06-27T05:13:42.979+0000] {manager.py:740} INFO - There are 2 files in /opt/airflow/dags
[2025-06-27T05:13:43.092+0000] {manager.py:878} INFO - 
================================================================================
DAG File Processing Stats

File Path                         PID  Runtime      # DAGs    # Errors  Last Runtime    Last Run
------------------------------  -----  ---------  --------  ----------  --------------  ----------
/opt/airflow/dags/dag.py          168  0.05s             0           0
/opt/airflow/dags/hello_dag.py    171  0.04s             0           0
================================================================================
[2025-06-27T05:14:13.243+0000] {manager.py:878} INFO - 
================================================================================
DAG File Processing Stats

File Path                       PID    Runtime      # DAGs    # Errors  Last Runtime    Last Run
------------------------------  -----  ---------  --------  ----------  --------------  -------------------
/opt/airflow/dags/dag.py                                 1           0  0.31s           2025-06-27T05:13:43
/opt/airflow/dags/hello_dag.py                           1           0  0.30s           2025-06-27T05:13:43
================================================================================
[2025-06-27T05:14:43.882+0000] {manager.py:878} INFO - 
================================================================================
DAG File Processing Stats

File Path                         PID  Runtime      # DAGs    # Errors  Last Runtime    Last Run
------------------------------  -----  ---------  --------  ----------  --------------  -------------------
/opt/airflow/dags/dag.py          202  0.02s             1           0  0.23s           2025-06-27T05:14:13
/opt/airflow/dags/hello_dag.py    205  0.01s             1           0  0.19s           2025-06-27T05:14:13
================================================================================
[2025-06-27T05:15:14.028+0000] {manager.py:878} INFO - 
================================================================================
DAG File Processing Stats

File Path                       PID    Runtime      # DAGs    # Errors  Last Runtime    Last Run
------------------------------  -----  ---------  --------  ----------  --------------  -------------------
/opt/airflow/dags/dag.py                                 1           0  0.70s           2025-06-27T05:14:44
/opt/airflow/dags/hello_dag.py                           1           0  0.69s           2025-06-27T05:14:44
================================================================================
[2025-06-27T05:15:44.130+0000] {manager.py:878} INFO - 
================================================================================
DAG File Processing Stats

File Path                       PID    Runtime      # DAGs    # Errors  Last Runtime    Last Run
------------------------------  -----  ---------  --------  ----------  --------------  -------------------
/opt/airflow/dags/dag.py                                 1           0  0.25s           2025-06-27T05:15:14
/opt/airflow/dags/hello_dag.py                           1           0  0.23s           2025-06-27T05:15:14
================================================================================
[2025-06-27T05:16:14.310+0000] {manager.py:878} INFO - 
================================================================================
DAG File Processing Stats

File Path                       PID    Runtime      # DAGs    # Errors  Last Runtime    Last Run
------------------------------  -----  ---------  --------  ----------  --------------  -------------------
/opt/airflow/dags/dag.py                                 1           0  0.21s           2025-06-27T05:15:45
/opt/airflow/dags/hello_dag.py                           1           0  0.20s           2025-06-27T05:15:45
================================================================================
[2025-06-27T05:16:44.916+0000] {manager.py:878} INFO - 
================================================================================
DAG File Processing Stats

File Path                       PID    Runtime      # DAGs    # Errors  Last Runtime    Last Run
------------------------------  -----  ---------  --------  ----------  --------------  -------------------
/opt/airflow/dags/dag.py                                 1           0  0.28s           2025-06-27T05:16:15
/opt/airflow/dags/hello_dag.py                           1           0  0.26s           2025-06-27T05:16:15
================================================================================
[2025-06-27T05:17:15.094+0000] {manager.py:878} INFO - 
================================================================================
DAG File Processing Stats

File Path                       PID    Runtime      # DAGs    # Errors  Last Runtime    Last Run
------------------------------  -----  ---------  --------  ----------  --------------  -------------------
/opt/airflow/dags/dag.py                                 1           0  0.21s           2025-06-27T05:16:46
/opt/airflow/dags/hello_dag.py                           1           0  0.20s           2025-06-27T05:16:46
================================================================================
[2025-06-27T05:17:45.600+0000] {manager.py:878} INFO - 
================================================================================
DAG File Processing Stats

File Path                       PID    Runtime      # DAGs    # Errors  Last Runtime    Last Run
------------------------------  -----  ---------  --------  ----------  --------------  -------------------
/opt/airflow/dags/dag.py                                 1           0  0.20s           2025-06-27T05:17:16
/opt/airflow/dags/hello_dag.py                           1           0  0.17s           2025-06-27T05:17:16
================================================================================
[2025-06-27T05:18:15.940+0000] {manager.py:878} INFO - 
================================================================================
DAG File Processing Stats

File Path                       PID    Runtime      # DAGs    # Errors  Last Runtime    Last Run
------------------------------  -----  ---------  --------  ----------  --------------  -------------------
/opt/airflow/dags/dag.py                                 1           0  0.30s           2025-06-27T05:17:46
/opt/airflow/dags/hello_dag.py                           1           0  0.18s           2025-06-27T05:17:46
================================================================================
[2025-06-27T05:18:43.279+0000] {manager.py:737} INFO - Searching for files in /opt/airflow/dags
[2025-06-27T05:18:43.292+0000] {manager.py:740} INFO - There are 2 files in /opt/airflow/dags
[2025-06-27T05:18:46.326+0000] {manager.py:878} INFO - 
================================================================================
DAG File Processing Stats

File Path                       PID    Runtime      # DAGs    # Errors  Last Runtime    Last Run
------------------------------  -----  ---------  --------  ----------  --------------  -------------------
/opt/airflow/dags/dag.py                                 1           0  0.20s           2025-06-27T05:18:17
/opt/airflow/dags/hello_dag.py                           1           0  0.18s           2025-06-27T05:18:17
================================================================================
[2025-06-27T05:19:16.502+0000] {manager.py:878} INFO - 
================================================================================
DAG File Processing Stats

File Path                       PID    Runtime      # DAGs    # Errors  Last Runtime    Last Run
------------------------------  -----  ---------  --------  ----------  --------------  -------------------
/opt/airflow/dags/dag.py                                 1           0  0.45s           2025-06-27T05:18:47
/opt/airflow/dags/hello_dag.py                           1           0  0.43s           2025-06-27T05:18:47
================================================================================
[2025-06-27T05:19:47.276+0000] {manager.py:878} INFO - 
================================================================================
DAG File Processing Stats

File Path                       PID    Runtime      # DAGs    # Errors  Last Runtime    Last Run
------------------------------  -----  ---------  --------  ----------  --------------  -------------------
/opt/airflow/dags/dag.py                                 1           0  0.18s           2025-06-27T05:19:18
/opt/airflow/dags/hello_dag.py                           1           0  0.16s           2025-06-27T05:19:18
================================================================================
[2025-06-27T05:20:17.437+0000] {manager.py:878} INFO - 
================================================================================
DAG File Processing Stats

File Path                       PID    Runtime      # DAGs    # Errors  Last Runtime    Last Run
------------------------------  -----  ---------  --------  ----------  --------------  -------------------
/opt/airflow/dags/dag.py                                 1           0  0.67s           2025-06-27T05:19:48
/opt/airflow/dags/hello_dag.py                           1           0  0.66s           2025-06-27T05:19:48
================================================================================
[2025-06-27T05:20:47.634+0000] {manager.py:878} INFO - 
================================================================================
DAG File Processing Stats

File Path                       PID    Runtime      # DAGs    # Errors  Last Runtime    Last Run
------------------------------  -----  ---------  --------  ----------  --------------  -------------------
/opt/airflow/dags/dag.py                                 1           0  0.39s           2025-06-27T05:20:19
/opt/airflow/dags/hello_dag.py                           1           0  0.37s           2025-06-27T05:20:19
================================================================================
[2025-06-27T05:21:17.838+0000] {manager.py:878} INFO - 
================================================================================
DAG File Processing Stats

File Path                       PID    Runtime      # DAGs    # Errors  Last Runtime    Last Run
------------------------------  -----  ---------  --------  ----------  --------------  -------------------
/opt/airflow/dags/dag.py                                 1           0  0.27s           2025-06-27T05:20:49
/opt/airflow/dags/hello_dag.py                           1           0  0.26s           2025-06-27T05:20:49
================================================================================
[2025-06-27T05:21:40.543+0000] {manager.py:452} INFO - Exiting gracefully upon receiving signal 15
[2025-06-27T05:21:51.796+0000] {manager.py:470} INFO - Processing files using up to 2 processes at a time 
[2025-06-27T05:21:51.796+0000] {manager.py:471} INFO - Process each file at most once every 30 seconds
[2025-06-27T05:21:51.797+0000] {manager.py:472} INFO - Checking for new files in /opt/airflow/dags every 300 seconds
[2025-06-27T05:21:51.797+0000] {manager.py:737} INFO - Searching for files in /opt/airflow/dags
[2025-06-27T05:21:51.805+0000] {manager.py:740} INFO - There are 2 files in /opt/airflow/dags
[2025-06-27T05:21:51.906+0000] {manager.py:878} INFO - 
================================================================================
DAG File Processing Stats

File Path                         PID  Runtime      # DAGs    # Errors  Last Runtime    Last Run
------------------------------  -----  ---------  --------  ----------  --------------  ----------
/opt/airflow/dags/dag.py          168  0.04s             0           0
/opt/airflow/dags/hello_dag.py    171  0.03s             0           0
================================================================================
[2025-06-27T05:22:22.052+0000] {manager.py:878} INFO - 
================================================================================
DAG File Processing Stats

File Path                       PID    Runtime      # DAGs    # Errors  Last Runtime    Last Run
------------------------------  -----  ---------  --------  ----------  --------------  -------------------
/opt/airflow/dags/dag.py                                 1           0  0.50s           2025-06-27T05:21:52
/opt/airflow/dags/hello_dag.py                           1           0  0.48s           2025-06-27T05:21:52
================================================================================
[2025-06-27T05:23:59.610+0000] {manager.py:470} INFO - Processing files using up to 2 processes at a time 
[2025-06-27T05:23:59.612+0000] {manager.py:471} INFO - Process each file at most once every 30 seconds
[2025-06-27T05:23:59.613+0000] {manager.py:472} INFO - Checking for new files in /opt/airflow/dags every 300 seconds
[2025-06-27T05:23:59.614+0000] {manager.py:737} INFO - Searching for files in /opt/airflow/dags
[2025-06-27T05:23:59.626+0000] {manager.py:740} INFO - There are 2 files in /opt/airflow/dags
[2025-06-27T05:23:59.780+0000] {manager.py:878} INFO - 
================================================================================
DAG File Processing Stats

File Path                         PID  Runtime      # DAGs    # Errors  Last Runtime    Last Run
------------------------------  -----  ---------  --------  ----------  --------------  ----------
/opt/airflow/dags/dag.py          167  0.06s             0           0
/opt/airflow/dags/hello_dag.py    170  0.04s             0           0
================================================================================
[2025-06-27T05:24:30.230+0000] {manager.py:878} INFO - 
================================================================================
DAG File Processing Stats

File Path                         PID  Runtime      # DAGs    # Errors  Last Runtime    Last Run
------------------------------  -----  ---------  --------  ----------  --------------  -------------------
/opt/airflow/dags/dag.py          239  0.01s             1           0  0.32s           2025-06-27T05:24:00
/opt/airflow/dags/hello_dag.py    242  0.00s             1           0  0.30s           2025-06-27T05:24:00
================================================================================
[2025-06-27T05:25:00.752+0000] {manager.py:878} INFO - 
================================================================================
DAG File Processing Stats

File Path                         PID  Runtime      # DAGs    # Errors  Last Runtime    Last Run
------------------------------  -----  ---------  --------  ----------  --------------  -------------------
/opt/airflow/dags/dag.py          294  0.01s             1           0  0.36s           2025-06-27T05:24:30
/opt/airflow/dags/hello_dag.py    297  0.00s             1           0  0.34s           2025-06-27T05:24:30
================================================================================
[2025-06-27T05:25:31.315+0000] {manager.py:878} INFO - 
================================================================================
DAG File Processing Stats

File Path                         PID  Runtime      # DAGs    # Errors  Last Runtime    Last Run
------------------------------  -----  ---------  --------  ----------  --------------  -------------------
/opt/airflow/dags/dag.py          311  0.01s             1           0  0.41s           2025-06-27T05:25:01
/opt/airflow/dags/hello_dag.py    314  0.00s             1           0  0.38s           2025-06-27T05:25:01
================================================================================
[2025-06-27T05:26:01.465+0000] {manager.py:878} INFO - 
================================================================================
DAG File Processing Stats

File Path                       PID    Runtime      # DAGs    # Errors  Last Runtime    Last Run
------------------------------  -----  ---------  --------  ----------  --------------  -------------------
/opt/airflow/dags/dag.py                                 1           0  0.38s           2025-06-27T05:25:31
/opt/airflow/dags/hello_dag.py                           1           0  0.37s           2025-06-27T05:25:31
================================================================================
[2025-06-27T05:26:31.518+0000] {manager.py:878} INFO - 
================================================================================
DAG File Processing Stats

File Path                       PID    Runtime      # DAGs    # Errors  Last Runtime    Last Run
------------------------------  -----  ---------  --------  ----------  --------------  -------------------
/opt/airflow/dags/dag.py                                 1           0  0.28s           2025-06-27T05:26:30
/opt/airflow/dags/hello_dag.py                           1           0  0.27s           2025-06-27T05:26:02
================================================================================
[2025-06-27T05:27:01.923+0000] {manager.py:878} INFO - 
================================================================================
DAG File Processing Stats

File Path                       PID    Runtime      # DAGs    # Errors  Last Runtime    Last Run
------------------------------  -----  ---------  --------  ----------  --------------  -------------------
/opt/airflow/dags/hello_dag.py                           1           0  0.25s           2025-06-27T05:26:32
/opt/airflow/dags/dag.py                                 1           0  0.18s           2025-06-27T05:26:40
================================================================================
[2025-06-27T05:27:32.271+0000] {manager.py:878} INFO - 
================================================================================
DAG File Processing Stats

File Path                       PID    Runtime      # DAGs    # Errors  Last Runtime    Last Run
------------------------------  -----  ---------  --------  ----------  --------------  -------------------
/opt/airflow/dags/dag.py                                 1           0  0.73s           2025-06-27T05:27:11
/opt/airflow/dags/hello_dag.py                           1           0  0.18s           2025-06-27T05:27:03
================================================================================
[2025-06-27T05:28:02.451+0000] {manager.py:878} INFO - 
================================================================================
DAG File Processing Stats

File Path                       PID    Runtime      # DAGs    # Errors  Last Runtime    Last Run
------------------------------  -----  ---------  --------  ----------  --------------  -------------------
/opt/airflow/dags/hello_dag.py                           1           0  0.26s           2025-06-27T05:27:33
/opt/airflow/dags/dag.py                                 1           0  0.17s           2025-06-27T05:27:42
================================================================================
[2025-06-27T05:28:32.954+0000] {manager.py:878} INFO - 
================================================================================
DAG File Processing Stats

File Path                       PID    Runtime      # DAGs    # Errors  Last Runtime    Last Run
------------------------------  -----  ---------  --------  ----------  --------------  -------------------
/opt/airflow/dags/hello_dag.py                           1           0  0.19s           2025-06-27T05:28:03
/opt/airflow/dags/dag.py                                 1           0  0.17s           2025-06-27T05:28:12
================================================================================
[2025-06-27T05:28:58.776+0000] {manager.py:452} INFO - Exiting gracefully upon receiving signal 15
